#
# There is insufficient memory for the Java Runtime Environment to continue.
# Native memory allocation (mmap) failed to map 54525952 bytes for G1 virtual space
# Possible reasons:
#   The system is out of physical RAM or swap space
#   The process is running with CompressedOops enabled, and the Java Heap may be blocking the growth of the native heap
# Possible solutions:
#   Reduce memory load on the system
#   Increase physical memory or swap space
#   Check if swap backing store is full
#   Decrease Java heap size (-Xmx/-Xms)
#   Decrease number of Java threads
#   Decrease Java thread stack sizes (-Xss)
#   Set larger code cache with -XX:ReservedCodeCacheSize=
#   JVM is running with Unscaled Compressed Oops mode in which the Java heap is
#     placed in the first 4GB address space. The Java Heap base address is the
#     maximum limit for the native heap growth. Please use -XX:HeapBaseMinAddress
#     to set the Java Heap base and to place the Java Heap above 4GB virtual address.
# This output file may be truncated or incomplete.
#
#  Out of Memory Error (os_windows.cpp:3536), pid=16568, tid=25696
#
# JRE version: OpenJDK Runtime Environment (19.0.2+7) (build 19.0.2+7-44)
# Java VM: OpenJDK 64-Bit Server VM (19.0.2+7-44, mixed mode, sharing, tiered, compressed oops, compressed class ptrs, g1 gc, windows-amd64)
# No core dump will be written. Minidumps are not enabled by default on client versions of Windows
#

---------------  S U M M A R Y ------------

Command Line: -ea -Didea.test.cyclic.buffer.size=1048576 -javaagent:C:\Program Files\JetBrains\IntelliJ IDEA 2022.3.2\lib\idea_rt.jar=60045:C:\Program Files\JetBrains\IntelliJ IDEA 2022.3.2\bin -Dfile.encoding=UTF-8 -Dsun.stdout.encoding=UTF-8 -Dsun.stderr.encoding=UTF-8 com.intellij.rt.junit.JUnitStarter -ideVersion5 -junit5 MP2.MP2

Host: 11th Gen Intel(R) Core(TM) i3-1115G4 @ 3.00GHz, 4 cores, 7G,  Windows 10 , 64 bit Build 19041 (10.0.19041.3031)
Time: Mon Jun 26 15:27:14 2023 Jerusalem Summer Time elapsed time: 2.428559 seconds (0d 0h 0m 2s)

---------------  T H R E A D  ---------------

Current thread (0x0000022ca4ff97c0):  VMThread "VM Thread" [stack: 0x000000a4e1400000,0x000000a4e1500000] [id=25696]

Stack: [0x000000a4e1400000,0x000000a4e1500000]
Native frames: (J=compiled Java code, j=interpreted, Vv=VM code, C=native code)
V  [jvm.dll+0x6ee21a]
V  [jvm.dll+0x85765e]
V  [jvm.dll+0x85904e]
V  [jvm.dll+0x859703]
V  [jvm.dll+0x28298f]
V  [jvm.dll+0x6eb009]
V  [jvm.dll+0x6dfbaa]
V  [jvm.dll+0x3573f6]
V  [jvm.dll+0x35ee56]
V  [jvm.dll+0x3b541e]
V  [jvm.dll+0x3b564f]
V  [jvm.dll+0x32c9ea]
V  [jvm.dll+0x32ca97]
V  [jvm.dll+0x374cd2]
V  [jvm.dll+0x37340f]
V  [jvm.dll+0x32c210]
V  [jvm.dll+0x3729ab]
V  [jvm.dll+0x85ebc3]
V  [jvm.dll+0x85f989]
V  [jvm.dll+0x85febd]
V  [jvm.dll+0x86034b]
V  [jvm.dll+0x860407]
V  [jvm.dll+0x80125a]
V  [jvm.dll+0x6ecf0b]
C  [ucrtbase.dll+0x21bb2]
C  [KERNEL32.DLL+0x17614]
C  [ntdll.dll+0x526f1]

VM_Operation (0x000000a4e0efc200): G1CollectForAllocation, mode: safepoint, requested by thread 0x0000022c8731ca10


---------------  P R O C E S S  ---------------

Threads class SMR info:
_java_thread_list=0x0000022caabf8010, length=14, elements={
0x0000022c8731ca10, 0x0000022ca50155b0, 0x0000022ca5016290, 0x0000022ca5017970,
0x0000022ca50193a0, 0x0000022ca501bf10, 0x0000022ca501d140, 0x0000022ca502fa70,
0x0000022ca5033670, 0x0000022ca50488b0, 0x0000022ca4fe5310, 0x0000022ca958ae00,
0x0000022ca95920c0, 0x0000022ca9db1720
}

Java Threads: ( => current thread )
  0x0000022c8731ca10 JavaThread "main" [_thread_blocked, id=10516, stack(0x000000a4e0e00000,0x000000a4e0f00000)]
  0x0000022ca50155b0 JavaThread "Reference Handler" daemon [_thread_blocked, id=11460, stack(0x000000a4e1500000,0x000000a4e1600000)]
  0x0000022ca5016290 JavaThread "Finalizer" daemon [_thread_blocked, id=9648, stack(0x000000a4e1600000,0x000000a4e1700000)]
  0x0000022ca5017970 JavaThread "Signal Dispatcher" daemon [_thread_blocked, id=1660, stack(0x000000a4e1700000,0x000000a4e1800000)]
  0x0000022ca50193a0 JavaThread "Attach Listener" daemon [_thread_blocked, id=20636, stack(0x000000a4e1800000,0x000000a4e1900000)]
  0x0000022ca501bf10 JavaThread "Service Thread" daemon [_thread_blocked, id=26064, stack(0x000000a4e1900000,0x000000a4e1a00000)]
  0x0000022ca501d140 JavaThread "Monitor Deflation Thread" daemon [_thread_blocked, id=2404, stack(0x000000a4e1a00000,0x000000a4e1b00000)]
  0x0000022ca502fa70 JavaThread "C2 CompilerThread0" daemon [_thread_blocked, id=20944, stack(0x000000a4e1b00000,0x000000a4e1c00000)]
  0x0000022ca5033670 JavaThread "C1 CompilerThread0" daemon [_thread_blocked, id=28136, stack(0x000000a4e1c00000,0x000000a4e1d00000)]
  0x0000022ca50488b0 JavaThread "Sweeper thread" daemon [_thread_blocked, id=1304, stack(0x000000a4e1d00000,0x000000a4e1e00000)]
  0x0000022ca4fe5310 JavaThread "Common-Cleaner" daemon [_thread_blocked, id=16680, stack(0x000000a4e1e00000,0x000000a4e1f00000)]
  0x0000022ca958ae00 JavaThread "Monitor Ctrl-Break" daemon [_thread_in_native, id=14860, stack(0x000000a4e1f00000,0x000000a4e2000000)]
  0x0000022ca95920c0 JavaThread "Notification Thread" daemon [_thread_blocked, id=22772, stack(0x000000a4e2000000,0x000000a4e2100000)]
  0x0000022ca9db1720 JavaThread "C2 CompilerThread1" daemon [_thread_blocked, id=24384, stack(0x000000a4e2500000,0x000000a4e2600000)]

Other Threads:
=>0x0000022ca4ff97c0 VMThread "VM Thread" [stack: 0x000000a4e1400000,0x000000a4e1500000] [id=25696]
  0x0000022ca958b340 WatcherThread "VM Periodic Task Thread" [stack: 0x000000a4e2100000,0x000000a4e2200000] [id=18508]
  0x0000022c8737a1a0 WorkerThread "GC Thread#0" [stack: 0x000000a4e0f00000,0x000000a4e1000000] [id=648]
  0x0000022ca9ca8020 WorkerThread "GC Thread#1" [stack: 0x000000a4e2200000,0x000000a4e2300000] [id=17192]
  0x0000022ca9a6da00 WorkerThread "GC Thread#2" [stack: 0x000000a4e2300000,0x000000a4e2400000] [id=28272]
  0x0000022ca98ccf40 WorkerThread "GC Thread#3" [stack: 0x000000a4e2400000,0x000000a4e2500000] [id=2200]
  0x0000022c8738a600 ConcurrentGCThread "G1 Main Marker" [stack: 0x000000a4e1000000,0x000000a4e1100000] [id=23784]
  0x0000022c8738b1d0 WorkerThread "G1 Conc#0" [stack: 0x000000a4e1100000,0x000000a4e1200000] [id=2828]
  0x0000022c873ee140 ConcurrentGCThread "G1 Refine#0" [stack: 0x000000a4e1200000,0x000000a4e1300000] [id=8364]
  0x0000022c873eec80 ConcurrentGCThread "G1 Service" [stack: 0x000000a4e1300000,0x000000a4e1400000] [id=25916]

Threads with active compile tasks:

VM state: at safepoint (normal execution)

VM Mutex/Monitor currently owned by a thread:  ([mutex/lock_event])
[0x0000022c87318db0] Threads_lock - owner thread: 0x0000022ca4ff97c0
[0x0000022c87319110] Heap_lock - owner thread: 0x0000022c8731ca10

Heap address: 0x0000000085800000, size: 1960 MB, Compressed Oops mode: 32-bit

CDS archive(s) mapped at: [0x0000000800000000-0x0000000800c40000-0x0000000800c40000), size 12845056, SharedBaseAddress: 0x0000000800000000, ArchiveRelocationMode: 0.
Compressed class space mapped at: 0x0000000801000000-0x0000000841000000, reserved size: 1073741824
Narrow klass base: 0x0000000800000000, Narrow klass shift: 0, Narrow klass range: 0x100000000

GC Precious Log:
 CardTable entry size: 512
 Card Set container configuration: InlinePtr #cards 5 size 8 Array Of Cards #cards 12 size 40 Howl #buckets 4 coarsen threshold 1843 Howl Bitmap #cards 512 size 80 coarsen threshold 460 Card regions per heap region 1 cards per card region 2048
 CPUs: 4 total, 4 available
 Memory: 7834M
 Large Page Support: Disabled
 NUMA Support: Disabled
 Compressed Oops: Enabled (32-bit)
 Heap Region Size: 1M
 Heap Min Capacity: 8M
 Heap Initial Capacity: 124M
 Heap Max Capacity: 1960M
 Pre-touch: Disabled
 Parallel Workers: 4
 Concurrent Workers: 1
 Concurrent Refinement Workers: 4
 Periodic GC: Disabled

Heap:
 garbage-first heap   total 264192K, used 4813K [0x0000000085800000, 0x0000000100000000)
  region size 1024K, 1 young (1024K), 1 survivors (1024K)
 Metaspace       used 5562K, committed 5760K, reserved 1114112K
  class space    used 668K, committed 768K, reserved 1048576K

Heap Regions: E=young(eden), S=young(survivor), O=old, HS=humongous(starts), HC=humongous(continues), CS=collection set, F=free, OA=open archive, CA=closed archive, TAMS=top-at-mark-start (previous, next)
|   0|0x0000000085800000, 0x0000000085900000, 0x0000000085900000|100%|HS|  |TAMS 0x0000000085800000, 0x0000000085800000| Complete 
|   1|0x0000000085900000, 0x0000000085a00000, 0x0000000085a00000|100%|HC|  |TAMS 0x0000000085900000, 0x0000000085900000| Complete 
|   2|0x0000000085a00000, 0x0000000085b00000, 0x0000000085b00000|100%| O|  |TAMS 0x0000000085a00000, 0x0000000085a00000| Untracked 
|   3|0x0000000085b00000, 0x0000000085c00000, 0x0000000085c00000|100%| O|  |TAMS 0x0000000085b00000, 0x0000000085b00000| Untracked 
|   4|0x0000000085c00000, 0x0000000085cb1e00, 0x0000000085d00000| 69%| O|  |TAMS 0x0000000085c00000, 0x0000000085c00000| Untracked 
|   5|0x0000000085d00000, 0x0000000085d00000, 0x0000000085e00000|  0%| F|  |TAMS 0x0000000085d00000, 0x0000000085d00000| Untracked 
|   6|0x0000000085e00000, 0x0000000085e00000, 0x0000000085f00000|  0%| F|  |TAMS 0x0000000085e00000, 0x0000000085e00000| Untracked 
|   7|0x0000000085f00000, 0x0000000085f00000, 0x0000000086000000|  0%| F|  |TAMS 0x0000000085f00000, 0x0000000085f00000| Untracked 
|   8|0x0000000086000000, 0x0000000086000000, 0x0000000086100000|  0%| F|  |TAMS 0x0000000086000000, 0x0000000086000000| Untracked 
|   9|0x0000000086100000, 0x0000000086100000, 0x0000000086200000|  0%| F|  |TAMS 0x0000000086100000, 0x0000000086100000| Untracked 
|  10|0x0000000086200000, 0x0000000086200000, 0x0000000086300000|  0%| F|  |TAMS 0x0000000086200000, 0x0000000086200000| Untracked 
|  11|0x0000000086300000, 0x0000000086300000, 0x0000000086400000|  0%| F|  |TAMS 0x0000000086300000, 0x0000000086300000| Untracked 
|  12|0x0000000086400000, 0x0000000086400000, 0x0000000086500000|  0%| F|  |TAMS 0x0000000086400000, 0x0000000086400000| Untracked 
|  13|0x0000000086500000, 0x0000000086500000, 0x0000000086600000|  0%| F|  |TAMS 0x0000000086500000, 0x0000000086500000| Untracked 
|  14|0x0000000086600000, 0x0000000086600000, 0x0000000086700000|  0%| F|  |TAMS 0x0000000086600000, 0x0000000086600000| Untracked 
|  15|0x0000000086700000, 0x0000000086700000, 0x0000000086800000|  0%| F|  |TAMS 0x0000000086700000, 0x0000000086700000| Untracked 
|  16|0x0000000086800000, 0x0000000086800000, 0x0000000086900000|  0%| F|  |TAMS 0x0000000086800000, 0x0000000086800000| Untracked 
|  17|0x0000000086900000, 0x0000000086900000, 0x0000000086a00000|  0%| F|  |TAMS 0x0000000086900000, 0x0000000086900000| Untracked 
|  18|0x0000000086a00000, 0x0000000086a00000, 0x0000000086b00000|  0%| F|  |TAMS 0x0000000086a00000, 0x0000000086a00000| Untracked 
|  19|0x0000000086b00000, 0x0000000086b00000, 0x0000000086c00000|  0%| F|  |TAMS 0x0000000086b00000, 0x0000000086b00000| Untracked 
|  20|0x0000000086c00000, 0x0000000086c00000, 0x0000000086d00000|  0%| F|  |TAMS 0x0000000086c00000, 0x0000000086c00000| Untracked 
|  21|0x0000000086d00000, 0x0000000086d00000, 0x0000000086e00000|  0%| F|  |TAMS 0x0000000086d00000, 0x0000000086d00000| Untracked 
|  22|0x0000000086e00000, 0x0000000086e00000, 0x0000000086f00000|  0%| F|  |TAMS 0x0000000086e00000, 0x0000000086e00000| Untracked 
|  23|0x0000000086f00000, 0x0000000086f00000, 0x0000000087000000|  0%| F|  |TAMS 0x0000000086f00000, 0x0000000086f00000| Untracked 
|  24|0x0000000087000000, 0x0000000087000000, 0x0000000087100000|  0%| F|  |TAMS 0x0000000087000000, 0x0000000087000000| Untracked 
|  25|0x0000000087100000, 0x0000000087100000, 0x0000000087200000|  0%| F|  |TAMS 0x0000000087100000, 0x0000000087100000| Untracked 
|  26|0x0000000087200000, 0x0000000087200000, 0x0000000087300000|  0%| F|  |TAMS 0x0000000087200000, 0x0000000087200000| Untracked 
|  27|0x0000000087300000, 0x0000000087300000, 0x0000000087400000|  0%| F|  |TAMS 0x0000000087300000, 0x0000000087300000| Untracked 
|  28|0x0000000087400000, 0x0000000087400000, 0x0000000087500000|  0%| F|  |TAMS 0x0000000087400000, 0x0000000087400000| Untracked 
|  29|0x0000000087500000, 0x0000000087500000, 0x0000000087600000|  0%| F|  |TAMS 0x0000000087500000, 0x0000000087500000| Untracked 
|  30|0x0000000087600000, 0x0000000087600000, 0x0000000087700000|  0%| F|  |TAMS 0x0000000087600000, 0x0000000087600000| Untracked 
|  31|0x0000000087700000, 0x0000000087700000, 0x0000000087800000|  0%| F|  |TAMS 0x0000000087700000, 0x0000000087700000| Untracked 
|  32|0x0000000087800000, 0x0000000087800000, 0x0000000087900000|  0%| F|  |TAMS 0x0000000087800000, 0x0000000087800000| Untracked 
|  33|0x0000000087900000, 0x0000000087900000, 0x0000000087a00000|  0%| F|  |TAMS 0x0000000087900000, 0x0000000087900000| Untracked 
|  34|0x0000000087a00000, 0x0000000087a00000, 0x0000000087b00000|  0%| F|  |TAMS 0x0000000087a00000, 0x0000000087a00000| Untracked 
|  35|0x0000000087b00000, 0x0000000087b00000, 0x0000000087c00000|  0%| F|  |TAMS 0x0000000087b00000, 0x0000000087b00000| Untracked 
|  36|0x0000000087c00000, 0x0000000087c00000, 0x0000000087d00000|  0%| F|  |TAMS 0x0000000087c00000, 0x0000000087c00000| Untracked 
|  37|0x0000000087d00000, 0x0000000087d00000, 0x0000000087e00000|  0%| F|  |TAMS 0x0000000087d00000, 0x0000000087d00000| Untracked 
|  38|0x0000000087e00000, 0x0000000087e00000, 0x0000000087f00000|  0%| F|  |TAMS 0x0000000087e00000, 0x0000000087e00000| Untracked 
|  39|0x0000000087f00000, 0x0000000087f00000, 0x0000000088000000|  0%| F|  |TAMS 0x0000000087f00000, 0x0000000087f00000| Untracked 
|  40|0x0000000088000000, 0x0000000088000000, 0x0000000088100000|  0%| F|  |TAMS 0x0000000088000000, 0x0000000088000000| Untracked 
|  41|0x0000000088100000, 0x0000000088100000, 0x0000000088200000|  0%| F|  |TAMS 0x0000000088100000, 0x0000000088100000| Untracked 
|  42|0x0000000088200000, 0x0000000088200000, 0x0000000088300000|  0%| F|  |TAMS 0x0000000088200000, 0x0000000088200000| Untracked 
|  43|0x0000000088300000, 0x0000000088300000, 0x0000000088400000|  0%| F|  |TAMS 0x0000000088300000, 0x0000000088300000| Untracked 
|  44|0x0000000088400000, 0x0000000088400000, 0x0000000088500000|  0%| F|  |TAMS 0x0000000088400000, 0x0000000088400000| Untracked 
|  45|0x0000000088500000, 0x0000000088500000, 0x0000000088600000|  0%| F|  |TAMS 0x0000000088500000, 0x0000000088500000| Untracked 
|  46|0x0000000088600000, 0x0000000088600000, 0x0000000088700000|  0%| F|  |TAMS 0x0000000088600000, 0x0000000088600000| Untracked 
|  47|0x0000000088700000, 0x0000000088700000, 0x0000000088800000|  0%| F|  |TAMS 0x0000000088700000, 0x0000000088700000| Untracked 
|  48|0x0000000088800000, 0x0000000088800000, 0x0000000088900000|  0%| F|  |TAMS 0x0000000088800000, 0x0000000088800000| Untracked 
|  49|0x0000000088900000, 0x0000000088900000, 0x0000000088a00000|  0%| F|  |TAMS 0x0000000088900000, 0x0000000088900000| Untracked 
|  50|0x0000000088a00000, 0x0000000088a00000, 0x0000000088b00000|  0%| F|  |TAMS 0x0000000088a00000, 0x0000000088a00000| Untracked 
|  51|0x0000000088b00000, 0x0000000088b00000, 0x0000000088c00000|  0%| F|  |TAMS 0x0000000088b00000, 0x0000000088b00000| Untracked 
|  52|0x0000000088c00000, 0x0000000088c00000, 0x0000000088d00000|  0%| F|  |TAMS 0x0000000088c00000, 0x0000000088c00000| Untracked 
|  53|0x0000000088d00000, 0x0000000088d00000, 0x0000000088e00000|  0%| F|  |TAMS 0x0000000088d00000, 0x0000000088d00000| Untracked 
|  54|0x0000000088e00000, 0x0000000088e00000, 0x0000000088f00000|  0%| F|  |TAMS 0x0000000088e00000, 0x0000000088e00000| Untracked 
|  55|0x0000000088f00000, 0x0000000088f00000, 0x0000000089000000|  0%| F|  |TAMS 0x0000000088f00000, 0x0000000088f00000| Untracked 
|  56|0x0000000089000000, 0x0000000089000000, 0x0000000089100000|  0%| F|  |TAMS 0x0000000089000000, 0x0000000089000000| Untracked 
|  57|0x0000000089100000, 0x0000000089100000, 0x0000000089200000|  0%| F|  |TAMS 0x0000000089100000, 0x0000000089100000| Untracked 
|  58|0x0000000089200000, 0x0000000089200000, 0x0000000089300000|  0%| F|  |TAMS 0x0000000089200000, 0x0000000089200000| Untracked 
|  59|0x0000000089300000, 0x0000000089300000, 0x0000000089400000|  0%| F|  |TAMS 0x0000000089300000, 0x0000000089300000| Untracked 
|  60|0x0000000089400000, 0x0000000089400000, 0x0000000089500000|  0%| F|  |TAMS 0x0000000089400000, 0x0000000089400000| Untracked 
|  61|0x0000000089500000, 0x0000000089500000, 0x0000000089600000|  0%| F|  |TAMS 0x0000000089500000, 0x0000000089500000| Untracked 
|  62|0x0000000089600000, 0x0000000089600000, 0x0000000089700000|  0%| F|  |TAMS 0x0000000089600000, 0x0000000089600000| Untracked 
|  63|0x0000000089700000, 0x0000000089700000, 0x0000000089800000|  0%| F|  |TAMS 0x0000000089700000, 0x0000000089700000| Untracked 
|  64|0x0000000089800000, 0x0000000089800000, 0x0000000089900000|  0%| F|  |TAMS 0x0000000089800000, 0x0000000089800000| Untracked 
|  65|0x0000000089900000, 0x0000000089900000, 0x0000000089a00000|  0%| F|  |TAMS 0x0000000089900000, 0x0000000089900000| Untracked 
|  66|0x0000000089a00000, 0x0000000089a00000, 0x0000000089b00000|  0%| F|  |TAMS 0x0000000089a00000, 0x0000000089a00000| Untracked 
|  67|0x0000000089b00000, 0x0000000089b00000, 0x0000000089c00000|  0%| F|  |TAMS 0x0000000089b00000, 0x0000000089b00000| Untracked 
|  68|0x0000000089c00000, 0x0000000089c00000, 0x0000000089d00000|  0%| F|  |TAMS 0x0000000089c00000, 0x0000000089c00000| Untracked 
|  69|0x0000000089d00000, 0x0000000089d00000, 0x0000000089e00000|  0%| F|  |TAMS 0x0000000089d00000, 0x0000000089d00000| Untracked 
|  70|0x0000000089e00000, 0x0000000089e00000, 0x0000000089f00000|  0%| F|  |TAMS 0x0000000089e00000, 0x0000000089e00000| Untracked 
|  71|0x0000000089f00000, 0x0000000089f00000, 0x000000008a000000|  0%| F|  |TAMS 0x0000000089f00000, 0x0000000089f00000| Untracked 
|  72|0x000000008a000000, 0x000000008a000000, 0x000000008a100000|  0%| F|  |TAMS 0x000000008a000000, 0x000000008a000000| Untracked 
|  73|0x000000008a100000, 0x000000008a100000, 0x000000008a200000|  0%| F|  |TAMS 0x000000008a100000, 0x000000008a100000| Untracked 
|  74|0x000000008a200000, 0x000000008a200000, 0x000000008a300000|  0%| F|  |TAMS 0x000000008a200000, 0x000000008a200000| Untracked 
|  75|0x000000008a300000, 0x000000008a300000, 0x000000008a400000|  0%| F|  |TAMS 0x000000008a300000, 0x000000008a300000| Untracked 
|  76|0x000000008a400000, 0x000000008a400000, 0x000000008a500000|  0%| F|  |TAMS 0x000000008a400000, 0x000000008a400000| Untracked 
|  77|0x000000008a500000, 0x000000008a500000, 0x000000008a600000|  0%| F|  |TAMS 0x000000008a500000, 0x000000008a500000| Untracked 
|  78|0x000000008a600000, 0x000000008a600000, 0x000000008a700000|  0%| F|  |TAMS 0x000000008a600000, 0x000000008a600000| Untracked 
|  79|0x000000008a700000, 0x000000008a700000, 0x000000008a800000|  0%| F|  |TAMS 0x000000008a700000, 0x000000008a700000| Untracked 
|  80|0x000000008a800000, 0x000000008a800000, 0x000000008a900000|  0%| F|  |TAMS 0x000000008a800000, 0x000000008a800000| Untracked 
|  81|0x000000008a900000, 0x000000008a900000, 0x000000008aa00000|  0%| F|  |TAMS 0x000000008a900000, 0x000000008a900000| Untracked 
|  82|0x000000008aa00000, 0x000000008aa00000, 0x000000008ab00000|  0%| F|  |TAMS 0x000000008aa00000, 0x000000008aa00000| Untracked 
|  83|0x000000008ab00000, 0x000000008ab00000, 0x000000008ac00000|  0%| F|  |TAMS 0x000000008ab00000, 0x000000008ab00000| Untracked 
|  84|0x000000008ac00000, 0x000000008ac00000, 0x000000008ad00000|  0%| F|  |TAMS 0x000000008ac00000, 0x000000008ac00000| Untracked 
|  85|0x000000008ad00000, 0x000000008ad00000, 0x000000008ae00000|  0%| F|  |TAMS 0x000000008ad00000, 0x000000008ad00000| Untracked 
|  86|0x000000008ae00000, 0x000000008ae00000, 0x000000008af00000|  0%| F|  |TAMS 0x000000008ae00000, 0x000000008ae00000| Untracked 
|  87|0x000000008af00000, 0x000000008af00000, 0x000000008b000000|  0%| F|  |TAMS 0x000000008af00000, 0x000000008af00000| Untracked 
|  88|0x000000008b000000, 0x000000008b000000, 0x000000008b100000|  0%| F|  |TAMS 0x000000008b000000, 0x000000008b000000| Untracked 
|  89|0x000000008b100000, 0x000000008b100000, 0x000000008b200000|  0%| F|  |TAMS 0x000000008b100000, 0x000000008b100000| Untracked 
|  90|0x000000008b200000, 0x000000008b200000, 0x000000008b300000|  0%| F|  |TAMS 0x000000008b200000, 0x000000008b200000| Untracked 
|  91|0x000000008b300000, 0x000000008b300000, 0x000000008b400000|  0%| F|  |TAMS 0x000000008b300000, 0x000000008b300000| Untracked 
|  92|0x000000008b400000, 0x000000008b400000, 0x000000008b500000|  0%| F|  |TAMS 0x000000008b400000, 0x000000008b400000| Untracked 
|  93|0x000000008b500000, 0x000000008b500000, 0x000000008b600000|  0%| F|  |TAMS 0x000000008b500000, 0x000000008b500000| Untracked 
|  94|0x000000008b600000, 0x000000008b600000, 0x000000008b700000|  0%| F|  |TAMS 0x000000008b600000, 0x000000008b600000| Untracked 
|  95|0x000000008b700000, 0x000000008b700000, 0x000000008b800000|  0%| F|  |TAMS 0x000000008b700000, 0x000000008b700000| Untracked 
|  96|0x000000008b800000, 0x000000008b800000, 0x000000008b900000|  0%| F|  |TAMS 0x000000008b800000, 0x000000008b800000| Untracked 
|  97|0x000000008b900000, 0x000000008b900000, 0x000000008ba00000|  0%| F|  |TAMS 0x000000008b900000, 0x000000008b900000| Untracked 
|  98|0x000000008ba00000, 0x000000008ba00000, 0x000000008bb00000|  0%| F|  |TAMS 0x000000008ba00000, 0x000000008ba00000| Untracked 
|  99|0x000000008bb00000, 0x000000008bb00000, 0x000000008bc00000|  0%| F|  |TAMS 0x000000008bb00000, 0x000000008bb00000| Untracked 
| 100|0x000000008bc00000, 0x000000008bc00000, 0x000000008bd00000|  0%| F|  |TAMS 0x000000008bc00000, 0x000000008bc00000| Untracked 
| 101|0x000000008bd00000, 0x000000008bd00000, 0x000000008be00000|  0%| F|  |TAMS 0x000000008bd00000, 0x000000008bd00000| Untracked 
| 102|0x000000008be00000, 0x000000008be00000, 0x000000008bf00000|  0%| F|  |TAMS 0x000000008be00000, 0x000000008be00000| Untracked 
| 103|0x000000008bf00000, 0x000000008bf00000, 0x000000008c000000|  0%| F|  |TAMS 0x000000008bf00000, 0x000000008bf00000| Untracked 
| 104|0x000000008c000000, 0x000000008c001830, 0x000000008c100000|  0%| S|CS|TAMS 0x000000008c000000, 0x000000008c000000| Complete 
| 105|0x000000008c100000, 0x000000008c100000, 0x000000008c200000|  0%| F|  |TAMS 0x000000008c100000, 0x000000008c100000| Untracked 
| 106|0x000000008c200000, 0x000000008c200000, 0x000000008c300000|  0%| F|  |TAMS 0x000000008c200000, 0x000000008c200000| Untracked 
| 107|0x000000008c300000, 0x000000008c300000, 0x000000008c400000|  0%| F|  |TAMS 0x000000008c300000, 0x000000008c300000| Untracked 
| 108|0x000000008c400000, 0x000000008c400000, 0x000000008c500000|  0%| F|  |TAMS 0x000000008c400000, 0x000000008c400000| Untracked 
| 109|0x000000008c500000, 0x000000008c500000, 0x000000008c600000|  0%| F|  |TAMS 0x000000008c500000, 0x000000008c500000| Untracked 
| 110|0x000000008c600000, 0x000000008c600000, 0x000000008c700000|  0%| F|  |TAMS 0x000000008c600000, 0x000000008c600000| Untracked 
| 111|0x000000008c700000, 0x000000008c700000, 0x000000008c800000|  0%| F|  |TAMS 0x000000008c700000, 0x000000008c700000| Untracked 
| 112|0x000000008c800000, 0x000000008c800000, 0x000000008c900000|  0%| F|  |TAMS 0x000000008c800000, 0x000000008c800000| Untracked 
| 113|0x000000008c900000, 0x000000008c900000, 0x000000008ca00000|  0%| F|  |TAMS 0x000000008c900000, 0x000000008c900000| Untracked 
| 114|0x000000008ca00000, 0x000000008ca00000, 0x000000008cb00000|  0%| F|  |TAMS 0x000000008ca00000, 0x000000008ca00000| Untracked 
| 115|0x000000008cb00000, 0x000000008cb00000, 0x000000008cc00000|  0%| F|  |TAMS 0x000000008cb00000, 0x000000008cb00000| Untracked 
| 116|0x000000008cc00000, 0x000000008cc00000, 0x000000008cd00000|  0%| F|  |TAMS 0x000000008cc00000, 0x000000008cc00000| Untracked 
| 117|0x000000008cd00000, 0x000000008cd00000, 0x000000008ce00000|  0%| F|  |TAMS 0x000000008cd00000, 0x000000008cd00000| Untracked 
| 118|0x000000008ce00000, 0x000000008ce00000, 0x000000008cf00000|  0%| F|  |TAMS 0x000000008ce00000, 0x000000008ce00000| Untracked 
| 119|0x000000008cf00000, 0x000000008cf00000, 0x000000008d000000|  0%| F|  |TAMS 0x000000008cf00000, 0x000000008cf00000| Untracked 
| 120|0x000000008d000000, 0x000000008d000000, 0x000000008d100000|  0%| F|  |TAMS 0x000000008d000000, 0x000000008d000000| Untracked 
| 121|0x000000008d100000, 0x000000008d100000, 0x000000008d200000|  0%| F|  |TAMS 0x000000008d100000, 0x000000008d100000| Untracked 
| 122|0x000000008d200000, 0x000000008d200000, 0x000000008d300000|  0%| F|  |TAMS 0x000000008d200000, 0x000000008d200000| Untracked 
| 123|0x000000008d300000, 0x000000008d300000, 0x000000008d400000|  0%| F|  |TAMS 0x000000008d300000, 0x000000008d300000| Untracked 
| 124|0x000000008d400000, 0x000000008d400000, 0x000000008d500000|  0%| F|  |TAMS 0x000000008d400000, 0x000000008d400000| Untracked 
| 125|0x000000008d500000, 0x000000008d500000, 0x000000008d600000|  0%| F|  |TAMS 0x000000008d500000, 0x000000008d500000| Untracked 
| 126|0x000000008d600000, 0x000000008d600000, 0x000000008d700000|  0%| F|  |TAMS 0x000000008d600000, 0x000000008d600000| Untracked 
| 127|0x000000008d700000, 0x000000008d700000, 0x000000008d800000|  0%| F|  |TAMS 0x000000008d700000, 0x000000008d700000| Untracked 
| 128|0x000000008d800000, 0x000000008d800000, 0x000000008d900000|  0%| F|  |TAMS 0x000000008d800000, 0x000000008d800000| Untracked 
| 129|0x000000008d900000, 0x000000008d900000, 0x000000008da00000|  0%| F|  |TAMS 0x000000008d900000, 0x000000008d900000| Untracked 
| 130|0x000000008da00000, 0x000000008da00000, 0x000000008db00000|  0%| F|  |TAMS 0x000000008da00000, 0x000000008da00000| Untracked 
| 131|0x000000008db00000, 0x000000008db00000, 0x000000008dc00000|  0%| F|  |TAMS 0x000000008db00000, 0x000000008db00000| Untracked 
| 132|0x000000008dc00000, 0x000000008dc00000, 0x000000008dd00000|  0%| F|  |TAMS 0x000000008dc00000, 0x000000008dc00000| Untracked 
| 133|0x000000008dd00000, 0x000000008dd00000, 0x000000008de00000|  0%| F|  |TAMS 0x000000008dd00000, 0x000000008dd00000| Untracked 
| 134|0x000000008de00000, 0x000000008de00000, 0x000000008df00000|  0%| F|  |TAMS 0x000000008de00000, 0x000000008de00000| Untracked 
| 135|0x000000008df00000, 0x000000008df00000, 0x000000008e000000|  0%| F|  |TAMS 0x000000008df00000, 0x000000008df00000| Untracked 
| 136|0x000000008e000000, 0x000000008e000000, 0x000000008e100000|  0%| F|  |TAMS 0x000000008e000000, 0x000000008e000000| Untracked 
| 137|0x000000008e100000, 0x000000008e100000, 0x000000008e200000|  0%| F|  |TAMS 0x000000008e100000, 0x000000008e100000| Untracked 
| 138|0x000000008e200000, 0x000000008e200000, 0x000000008e300000|  0%| F|  |TAMS 0x000000008e200000, 0x000000008e200000| Untracked 
| 139|0x000000008e300000, 0x000000008e300000, 0x000000008e400000|  0%| F|  |TAMS 0x000000008e300000, 0x000000008e300000| Untracked 
| 140|0x000000008e400000, 0x000000008e400000, 0x000000008e500000|  0%| F|  |TAMS 0x000000008e400000, 0x000000008e400000| Untracked 
| 141|0x000000008e500000, 0x000000008e500000, 0x000000008e600000|  0%| F|  |TAMS 0x000000008e500000, 0x000000008e500000| Untracked 
| 142|0x000000008e600000, 0x000000008e600000, 0x000000008e700000|  0%| F|  |TAMS 0x000000008e600000, 0x000000008e600000| Untracked 
| 143|0x000000008e700000, 0x000000008e700000, 0x000000008e800000|  0%| F|  |TAMS 0x000000008e700000, 0x000000008e700000| Untracked 
| 144|0x000000008e800000, 0x000000008e800000, 0x000000008e900000|  0%| F|  |TAMS 0x000000008e800000, 0x000000008e800000| Untracked 
| 145|0x000000008e900000, 0x000000008e900000, 0x000000008ea00000|  0%| F|  |TAMS 0x000000008e900000, 0x000000008e900000| Untracked 
| 146|0x000000008ea00000, 0x000000008ea00000, 0x000000008eb00000|  0%| F|  |TAMS 0x000000008ea00000, 0x000000008ea00000| Untracked 
| 147|0x000000008eb00000, 0x000000008eb00000, 0x000000008ec00000|  0%| F|  |TAMS 0x000000008eb00000, 0x000000008eb00000| Untracked 
| 148|0x000000008ec00000, 0x000000008ec00000, 0x000000008ed00000|  0%| F|  |TAMS 0x000000008ec00000, 0x000000008ec00000| Untracked 
| 149|0x000000008ed00000, 0x000000008ed00000, 0x000000008ee00000|  0%| F|  |TAMS 0x000000008ed00000, 0x000000008ed00000| Untracked 
| 150|0x000000008ee00000, 0x000000008ee00000, 0x000000008ef00000|  0%| F|  |TAMS 0x000000008ee00000, 0x000000008ee00000| Untracked 
| 151|0x000000008ef00000, 0x000000008ef00000, 0x000000008f000000|  0%| F|  |TAMS 0x000000008ef00000, 0x000000008ef00000| Untracked 
| 152|0x000000008f000000, 0x000000008f000000, 0x000000008f100000|  0%| F|  |TAMS 0x000000008f000000, 0x000000008f000000| Untracked 
| 153|0x000000008f100000, 0x000000008f100000, 0x000000008f200000|  0%| F|  |TAMS 0x000000008f100000, 0x000000008f100000| Untracked 
| 154|0x000000008f200000, 0x000000008f200000, 0x000000008f300000|  0%| F|  |TAMS 0x000000008f200000, 0x000000008f200000| Untracked 
| 155|0x000000008f300000, 0x000000008f300000, 0x000000008f400000|  0%| F|  |TAMS 0x000000008f300000, 0x000000008f300000| Untracked 
| 156|0x000000008f400000, 0x000000008f400000, 0x000000008f500000|  0%| F|  |TAMS 0x000000008f400000, 0x000000008f400000| Untracked 
| 157|0x000000008f500000, 0x000000008f500000, 0x000000008f600000|  0%| F|  |TAMS 0x000000008f500000, 0x000000008f500000| Untracked 
| 158|0x000000008f600000, 0x000000008f600000, 0x000000008f700000|  0%| F|  |TAMS 0x000000008f600000, 0x000000008f600000| Untracked 
| 159|0x000000008f700000, 0x000000008f700000, 0x000000008f800000|  0%| F|  |TAMS 0x000000008f700000, 0x000000008f700000| Untracked 
| 160|0x000000008f800000, 0x000000008f800000, 0x000000008f900000|  0%| F|  |TAMS 0x000000008f800000, 0x000000008f800000| Untracked 
| 161|0x000000008f900000, 0x000000008f900000, 0x000000008fa00000|  0%| F|  |TAMS 0x000000008f900000, 0x000000008f900000| Untracked 
| 162|0x000000008fa00000, 0x000000008fa00000, 0x000000008fb00000|  0%| F|  |TAMS 0x000000008fa00000, 0x000000008fa00000| Untracked 
| 163|0x000000008fb00000, 0x000000008fb00000, 0x000000008fc00000|  0%| F|  |TAMS 0x000000008fb00000, 0x000000008fb00000| Untracked 
| 164|0x000000008fc00000, 0x000000008fc00000, 0x000000008fd00000|  0%| F|  |TAMS 0x000000008fc00000, 0x000000008fc00000| Untracked 
| 165|0x000000008fd00000, 0x000000008fd00000, 0x000000008fe00000|  0%| F|  |TAMS 0x000000008fd00000, 0x000000008fd00000| Untracked 
| 166|0x000000008fe00000, 0x000000008fe00000, 0x000000008ff00000|  0%| F|  |TAMS 0x000000008fe00000, 0x000000008fe00000| Untracked 
| 167|0x000000008ff00000, 0x000000008ff00000, 0x0000000090000000|  0%| F|  |TAMS 0x000000008ff00000, 0x000000008ff00000| Untracked 
| 168|0x0000000090000000, 0x0000000090000000, 0x0000000090100000|  0%| F|  |TAMS 0x0000000090000000, 0x0000000090000000| Untracked 
| 169|0x0000000090100000, 0x0000000090100000, 0x0000000090200000|  0%| F|  |TAMS 0x0000000090100000, 0x0000000090100000| Untracked 
| 170|0x0000000090200000, 0x0000000090200000, 0x0000000090300000|  0%| F|  |TAMS 0x0000000090200000, 0x0000000090200000| Untracked 
| 171|0x0000000090300000, 0x0000000090300000, 0x0000000090400000|  0%| F|  |TAMS 0x0000000090300000, 0x0000000090300000| Untracked 
| 172|0x0000000090400000, 0x0000000090400000, 0x0000000090500000|  0%| F|  |TAMS 0x0000000090400000, 0x0000000090400000| Untracked 
| 173|0x0000000090500000, 0x0000000090500000, 0x0000000090600000|  0%| F|  |TAMS 0x0000000090500000, 0x0000000090500000| Untracked 
| 174|0x0000000090600000, 0x0000000090600000, 0x0000000090700000|  0%| F|  |TAMS 0x0000000090600000, 0x0000000090600000| Untracked 
| 175|0x0000000090700000, 0x0000000090700000, 0x0000000090800000|  0%| F|  |TAMS 0x0000000090700000, 0x0000000090700000| Untracked 
| 176|0x0000000090800000, 0x0000000090800000, 0x0000000090900000|  0%| F|  |TAMS 0x0000000090800000, 0x0000000090800000| Untracked 
| 177|0x0000000090900000, 0x0000000090900000, 0x0000000090a00000|  0%| F|  |TAMS 0x0000000090900000, 0x0000000090900000| Untracked 
| 178|0x0000000090a00000, 0x0000000090a00000, 0x0000000090b00000|  0%| F|  |TAMS 0x0000000090a00000, 0x0000000090a00000| Untracked 
| 179|0x0000000090b00000, 0x0000000090b00000, 0x0000000090c00000|  0%| F|  |TAMS 0x0000000090b00000, 0x0000000090b00000| Untracked 
| 180|0x0000000090c00000, 0x0000000090c00000, 0x0000000090d00000|  0%| F|  |TAMS 0x0000000090c00000, 0x0000000090c00000| Untracked 
| 181|0x0000000090d00000, 0x0000000090d00000, 0x0000000090e00000|  0%| F|  |TAMS 0x0000000090d00000, 0x0000000090d00000| Untracked 
| 182|0x0000000090e00000, 0x0000000090e00000, 0x0000000090f00000|  0%| F|  |TAMS 0x0000000090e00000, 0x0000000090e00000| Untracked 
| 183|0x0000000090f00000, 0x0000000090f00000, 0x0000000091000000|  0%| F|  |TAMS 0x0000000090f00000, 0x0000000090f00000| Untracked 
| 184|0x0000000091000000, 0x0000000091000000, 0x0000000091100000|  0%| F|  |TAMS 0x0000000091000000, 0x0000000091000000| Untracked 
| 185|0x0000000091100000, 0x0000000091100000, 0x0000000091200000|  0%| F|  |TAMS 0x0000000091100000, 0x0000000091100000| Untracked 
| 186|0x0000000091200000, 0x0000000091200000, 0x0000000091300000|  0%| F|  |TAMS 0x0000000091200000, 0x0000000091200000| Untracked 
| 187|0x0000000091300000, 0x0000000091300000, 0x0000000091400000|  0%| F|  |TAMS 0x0000000091300000, 0x0000000091300000| Untracked 
| 188|0x0000000091400000, 0x0000000091400000, 0x0000000091500000|  0%| F|  |TAMS 0x0000000091400000, 0x0000000091400000| Untracked 
| 189|0x0000000091500000, 0x0000000091500000, 0x0000000091600000|  0%| F|  |TAMS 0x0000000091500000, 0x0000000091500000| Untracked 
| 190|0x0000000091600000, 0x0000000091600000, 0x0000000091700000|  0%| F|  |TAMS 0x0000000091600000, 0x0000000091600000| Untracked 
| 191|0x0000000091700000, 0x0000000091700000, 0x0000000091800000|  0%| F|  |TAMS 0x0000000091700000, 0x0000000091700000| Untracked 
| 192|0x0000000091800000, 0x0000000091800000, 0x0000000091900000|  0%| F|  |TAMS 0x0000000091800000, 0x0000000091800000| Untracked 
| 193|0x0000000091900000, 0x0000000091900000, 0x0000000091a00000|  0%| F|  |TAMS 0x0000000091900000, 0x0000000091900000| Untracked 
| 194|0x0000000091a00000, 0x0000000091a00000, 0x0000000091b00000|  0%| F|  |TAMS 0x0000000091a00000, 0x0000000091a00000| Untracked 
| 195|0x0000000091b00000, 0x0000000091b00000, 0x0000000091c00000|  0%| F|  |TAMS 0x0000000091b00000, 0x0000000091b00000| Untracked 
| 196|0x0000000091c00000, 0x0000000091c00000, 0x0000000091d00000|  0%| F|  |TAMS 0x0000000091c00000, 0x0000000091c00000| Untracked 
| 197|0x0000000091d00000, 0x0000000091d00000, 0x0000000091e00000|  0%| F|  |TAMS 0x0000000091d00000, 0x0000000091d00000| Untracked 
| 198|0x0000000091e00000, 0x0000000091e00000, 0x0000000091f00000|  0%| F|  |TAMS 0x0000000091e00000, 0x0000000091e00000| Untracked 
| 199|0x0000000091f00000, 0x0000000091f00000, 0x0000000092000000|  0%| F|  |TAMS 0x0000000091f00000, 0x0000000091f00000| Untracked 
| 200|0x0000000092000000, 0x0000000092000000, 0x0000000092100000|  0%| F|  |TAMS 0x0000000092000000, 0x0000000092000000| Untracked 
| 201|0x0000000092100000, 0x0000000092100000, 0x0000000092200000|  0%| F|  |TAMS 0x0000000092100000, 0x0000000092100000| Untracked 
| 202|0x0000000092200000, 0x0000000092200000, 0x0000000092300000|  0%| F|  |TAMS 0x0000000092200000, 0x0000000092200000| Untracked 
| 203|0x0000000092300000, 0x0000000092300000, 0x0000000092400000|  0%| F|  |TAMS 0x0000000092300000, 0x0000000092300000| Untracked 
| 204|0x0000000092400000, 0x0000000092400000, 0x0000000092500000|  0%| F|  |TAMS 0x0000000092400000, 0x0000000092400000| Untracked 
| 205|0x0000000092500000, 0x0000000092500000, 0x0000000092600000|  0%| F|  |TAMS 0x0000000092500000, 0x0000000092500000| Untracked 
| 206|0x0000000092600000, 0x0000000092600000, 0x0000000092700000|  0%| F|  |TAMS 0x0000000092600000, 0x0000000092600000| Untracked 
| 207|0x0000000092700000, 0x0000000092700000, 0x0000000092800000|  0%| F|  |TAMS 0x0000000092700000, 0x0000000092700000| Untracked 
| 208|0x0000000092800000, 0x0000000092800000, 0x0000000092900000|  0%| F|  |TAMS 0x0000000092800000, 0x0000000092800000| Untracked 
| 209|0x0000000092900000, 0x0000000092900000, 0x0000000092a00000|  0%| F|  |TAMS 0x0000000092900000, 0x0000000092900000| Untracked 
| 210|0x0000000092a00000, 0x0000000092a00000, 0x0000000092b00000|  0%| F|  |TAMS 0x0000000092a00000, 0x0000000092a00000| Untracked 
| 211|0x0000000092b00000, 0x0000000092b00000, 0x0000000092c00000|  0%| F|  |TAMS 0x0000000092b00000, 0x0000000092b00000| Untracked 
| 212|0x0000000092c00000, 0x0000000092c00000, 0x0000000092d00000|  0%| F|  |TAMS 0x0000000092c00000, 0x0000000092c00000| Untracked 
| 213|0x0000000092d00000, 0x0000000092d00000, 0x0000000092e00000|  0%| F|  |TAMS 0x0000000092d00000, 0x0000000092d00000| Untracked 
| 214|0x0000000092e00000, 0x0000000092e00000, 0x0000000092f00000|  0%| F|  |TAMS 0x0000000092e00000, 0x0000000092e00000| Untracked 
| 215|0x0000000092f00000, 0x0000000092f00000, 0x0000000093000000|  0%| F|  |TAMS 0x0000000092f00000, 0x0000000092f00000| Untracked 
| 216|0x0000000093000000, 0x0000000093000000, 0x0000000093100000|  0%| F|  |TAMS 0x0000000093000000, 0x0000000093000000| Untracked 
| 217|0x0000000093100000, 0x0000000093100000, 0x0000000093200000|  0%| F|  |TAMS 0x0000000093100000, 0x0000000093100000| Untracked 
| 218|0x0000000093200000, 0x0000000093200000, 0x0000000093300000|  0%| F|  |TAMS 0x0000000093200000, 0x0000000093200000| Untracked 
| 219|0x0000000093300000, 0x0000000093300000, 0x0000000093400000|  0%| F|  |TAMS 0x0000000093300000, 0x0000000093300000| Untracked 
| 220|0x0000000093400000, 0x0000000093400000, 0x0000000093500000|  0%| F|  |TAMS 0x0000000093400000, 0x0000000093400000| Untracked 
| 221|0x0000000093500000, 0x0000000093500000, 0x0000000093600000|  0%| F|  |TAMS 0x0000000093500000, 0x0000000093500000| Untracked 
| 222|0x0000000093600000, 0x0000000093600000, 0x0000000093700000|  0%| F|  |TAMS 0x0000000093600000, 0x0000000093600000| Untracked 
| 223|0x0000000093700000, 0x0000000093700000, 0x0000000093800000|  0%| F|  |TAMS 0x0000000093700000, 0x0000000093700000| Untracked 
| 224|0x0000000093800000, 0x0000000093800000, 0x0000000093900000|  0%| F|  |TAMS 0x0000000093800000, 0x0000000093800000| Untracked 
| 225|0x0000000093900000, 0x0000000093900000, 0x0000000093a00000|  0%| F|  |TAMS 0x0000000093900000, 0x0000000093900000| Untracked 
| 226|0x0000000093a00000, 0x0000000093a00000, 0x0000000093b00000|  0%| F|  |TAMS 0x0000000093a00000, 0x0000000093a00000| Untracked 
| 227|0x0000000093b00000, 0x0000000093b00000, 0x0000000093c00000|  0%| F|  |TAMS 0x0000000093b00000, 0x0000000093b00000| Untracked 
| 228|0x0000000093c00000, 0x0000000093c00000, 0x0000000093d00000|  0%| F|  |TAMS 0x0000000093c00000, 0x0000000093c00000| Untracked 
| 229|0x0000000093d00000, 0x0000000093d00000, 0x0000000093e00000|  0%| F|  |TAMS 0x0000000093d00000, 0x0000000093d00000| Untracked 
| 230|0x0000000093e00000, 0x0000000093e00000, 0x0000000093f00000|  0%| F|  |TAMS 0x0000000093e00000, 0x0000000093e00000| Untracked 
| 231|0x0000000093f00000, 0x0000000093f00000, 0x0000000094000000|  0%| F|  |TAMS 0x0000000093f00000, 0x0000000093f00000| Untracked 
| 232|0x0000000094000000, 0x0000000094000000, 0x0000000094100000|  0%| F|  |TAMS 0x0000000094000000, 0x0000000094000000| Untracked 
| 233|0x0000000094100000, 0x0000000094100000, 0x0000000094200000|  0%| F|  |TAMS 0x0000000094100000, 0x0000000094100000| Untracked 
| 234|0x0000000094200000, 0x0000000094200000, 0x0000000094300000|  0%| F|  |TAMS 0x0000000094200000, 0x0000000094200000| Untracked 
| 235|0x0000000094300000, 0x0000000094300000, 0x0000000094400000|  0%| F|  |TAMS 0x0000000094300000, 0x0000000094300000| Untracked 
| 236|0x0000000094400000, 0x0000000094400000, 0x0000000094500000|  0%| F|  |TAMS 0x0000000094400000, 0x0000000094400000| Untracked 
| 237|0x0000000094500000, 0x0000000094500000, 0x0000000094600000|  0%| F|  |TAMS 0x0000000094500000, 0x0000000094500000| Untracked 
| 238|0x0000000094600000, 0x0000000094600000, 0x0000000094700000|  0%| F|  |TAMS 0x0000000094600000, 0x0000000094600000| Untracked 
| 239|0x0000000094700000, 0x0000000094700000, 0x0000000094800000|  0%| F|  |TAMS 0x0000000094700000, 0x0000000094700000| Untracked 
| 240|0x0000000094800000, 0x0000000094800000, 0x0000000094900000|  0%| F|  |TAMS 0x0000000094800000, 0x0000000094800000| Untracked 
| 241|0x0000000094900000, 0x0000000094900000, 0x0000000094a00000|  0%| F|  |TAMS 0x0000000094900000, 0x0000000094900000| Untracked 
| 242|0x0000000094a00000, 0x0000000094a00000, 0x0000000094b00000|  0%| F|  |TAMS 0x0000000094a00000, 0x0000000094a00000| Untracked 
| 243|0x0000000094b00000, 0x0000000094b00000, 0x0000000094c00000|  0%| F|  |TAMS 0x0000000094b00000, 0x0000000094b00000| Untracked 
| 244|0x0000000094c00000, 0x0000000094c00000, 0x0000000094d00000|  0%| F|  |TAMS 0x0000000094c00000, 0x0000000094c00000| Untracked 
| 245|0x0000000094d00000, 0x0000000094d00000, 0x0000000094e00000|  0%| F|  |TAMS 0x0000000094d00000, 0x0000000094d00000| Untracked 
| 246|0x0000000094e00000, 0x0000000094e00000, 0x0000000094f00000|  0%| F|  |TAMS 0x0000000094e00000, 0x0000000094e00000| Untracked 
| 247|0x0000000094f00000, 0x0000000094f00000, 0x0000000095000000|  0%| F|  |TAMS 0x0000000094f00000, 0x0000000094f00000| Untracked 
| 248|0x0000000095000000, 0x0000000095000000, 0x0000000095100000|  0%| F|  |TAMS 0x0000000095000000, 0x0000000095000000| Untracked 
| 249|0x0000000095100000, 0x0000000095100000, 0x0000000095200000|  0%| F|  |TAMS 0x0000000095100000, 0x0000000095100000| Untracked 
| 250|0x0000000095200000, 0x0000000095200000, 0x0000000095300000|  0%| F|  |TAMS 0x0000000095200000, 0x0000000095200000| Untracked 
| 251|0x0000000095300000, 0x0000000095300000, 0x0000000095400000|  0%| F|  |TAMS 0x0000000095300000, 0x0000000095300000| Untracked 
| 252|0x0000000095400000, 0x0000000095400000, 0x0000000095500000|  0%| F|  |TAMS 0x0000000095400000, 0x0000000095400000| Untracked 
| 253|0x0000000095500000, 0x0000000095500000, 0x0000000095600000|  0%| F|  |TAMS 0x0000000095500000, 0x0000000095500000| Untracked 
| 254|0x0000000095600000, 0x0000000095600000, 0x0000000095700000|  0%| F|  |TAMS 0x0000000095600000, 0x0000000095600000| Untracked 
| 255|0x0000000095700000, 0x0000000095700000, 0x0000000095800000|  0%| F|  |TAMS 0x0000000095700000, 0x0000000095700000| Untracked 
| 256|0x0000000095800000, 0x0000000095800000, 0x0000000095900000|  0%| F|  |TAMS 0x0000000095800000, 0x0000000095800000| Untracked 
| 257|0x0000000095900000, 0x0000000095900000, 0x0000000095a00000|  0%| F|  |TAMS 0x0000000095900000, 0x0000000095900000| Untracked 

Card table byte_map: [0x0000022c9e660000,0x0000022c9ea40000] _byte_map_base: 0x0000022c9e234000

Marking Bits (Prev, Next): (CMBitMap*) 0x0000022c8737a7d0, (CMBitMap*) 0x0000022c8737a810
 Prev Bits: [0x0000022c9ee20000, 0x0000022ca0cc0000)
 Next Bits: [0x0000022ca0cc0000, 0x0000022ca2b60000)

Polling page: 0x0000022c85210000

Metaspace:

Usage:
  Non-class:      4.78 MB used.
      Class:    668.22 KB used.
       Both:      5.43 MB used.

Virtual space:
  Non-class space:       64.00 MB reserved,       4.88 MB (  8%) committed,  1 nodes.
      Class space:        1.00 GB reserved,     768.00 KB ( <1%) committed,  1 nodes.
             Both:        1.06 GB reserved,       5.62 MB ( <1%) committed. 

Chunk freelists:
   Non-Class:  2.07 MB
       Class:  3.06 MB
        Both:  5.13 MB

MaxMetaspaceSize: unlimited
CompressedClassSpaceSize: 1.00 GB
Initial GC threshold: 21.00 MB
Current GC threshold: 21.00 MB
CDS: on
MetaspaceReclaimPolicy: balanced
 - commit_granule_bytes: 65536.
 - commit_granule_words: 8192.
 - virtual_space_node_default_size: 8388608.
 - enlarge_chunks_in_place: 1.
 - new_chunks_are_fully_committed: 0.
 - uncommit_free_chunks: 1.
 - use_allocation_guard: 0.


Internal statistics:

num_allocs_failed_limit: 0.
num_arena_births: 156.
num_arena_deaths: 0.
num_vsnodes_births: 2.
num_vsnodes_deaths: 0.
num_space_committed: 90.
num_space_uncommitted: 0.
num_chunks_returned_to_freelist: 0.
num_chunks_taken_from_freelist: 318.
num_chunk_merges: 0.
num_chunk_splits: 179.
num_chunks_enlarged: 115.
num_inconsistent_stats: 0.

CodeHeap 'non-profiled nmethods': size=120000Kb used=896Kb max_used=896Kb free=119103Kb
 bounds [0x0000022c96d50000, 0x0000022c96fc0000, 0x0000022c9e280000]
CodeHeap 'profiled nmethods': size=120000Kb used=2572Kb max_used=2572Kb free=117427Kb
 bounds [0x0000022c8f280000, 0x0000022c8f510000, 0x0000022c967b0000]
CodeHeap 'non-nmethods': size=5760Kb used=1275Kb max_used=1309Kb free=4484Kb
 bounds [0x0000022c967b0000, 0x0000022c96a20000, 0x0000022c96d50000]
 total_blobs=1859 nmethods=1384 adapters=386
 compilation: enabled
              stopped_count=0, restarted_count=0
 full_count=0

Compilation events (20 events):
Event: 2.021 Thread 0x0000022ca9db1720 1375       4       java.util.LinkedList::addAll (182 bytes)
Event: 2.024 Thread 0x0000022ca502fa70 1376       4       java.util.ImmutableCollections$List12::toArray (41 bytes)
Event: 2.028 Thread 0x0000022ca502fa70 nmethod 1376 0x0000022c96e20c10 code [0x0000022c96e20dc0, 0x0000022c96e21378]
Event: 2.030 Thread 0x0000022ca502fa70 1377       4       renderer.RayTracerBasic::calcLocalEffects (231 bytes)
Event: 2.030 Thread 0x0000022ca9db1720 nmethod 1375 0x0000022c96e21510 code [0x0000022c96e216e0, 0x0000022c96e22228]
Event: 2.039 Thread 0x0000022ca9db1720 1378       4       renderer.RayTracerBasic::calcGlobalEffects (103 bytes)
Event: 2.068 Thread 0x0000022ca5033670 1379       3       geometries.Polygon::findGeoIntersectionsHelper (240 bytes)
Event: 2.069 Thread 0x0000022ca5033670 nmethod 1379 0x0000022c8f4ff690 code [0x0000022c8f4ffb80, 0x0000022c8f502348]
Event: 2.075 Thread 0x0000022ca502fa70 nmethod 1377 0x0000022c96e22710 code [0x0000022c96e229c0, 0x0000022c96e247e8]
Event: 2.075 Thread 0x0000022ca502fa70 1380       4       geometries.Polygon::findGeoIntersectionsHelper (240 bytes)
Event: 2.088 Thread 0x0000022ca9db1720 nmethod 1378 0x0000022c96e26c90 code [0x0000022c96e27000, 0x0000022c96e29480]
Event: 2.099 Thread 0x0000022ca502fa70 nmethod 1380 0x0000022c96e2b290 code [0x0000022c96e2b520, 0x0000022c96e2c7a8]
Event: 2.128 Thread 0x0000022ca502fa70 1381       4       geometries.Sphere::getNormal (35 bytes)
Event: 2.132 Thread 0x0000022ca502fa70 nmethod 1381 0x0000022c96e2d590 code [0x0000022c96e2d740, 0x0000022c96e2dcb8]
Event: 2.196 Thread 0x0000022ca9db1720 1382       4       java.util.Arrays::copyOf (40 bytes)
Event: 2.198 Thread 0x0000022ca9db1720 nmethod 1382 0x0000022c96e2e110 code [0x0000022c96e2e2a0, 0x0000022c96e2e6f8]
Event: 2.205 Thread 0x0000022ca502fa70 1383       4       java.util.Arrays::copyOf (10 bytes)
Event: 2.206 Thread 0x0000022ca502fa70 nmethod 1383 0x0000022c96e2e910 code [0x0000022c96e2eaa0, 0x0000022c96e2ed58]
Event: 2.249 Thread 0x0000022ca9db1720 1384       4       geometries.Cylinder::getNormal (83 bytes)
Event: 2.262 Thread 0x0000022ca9db1720 nmethod 1384 0x0000022c96e2ee90 code [0x0000022c96e2f0a0, 0x0000022c96e2f968]

GC Heap History (20 events):
Event: 2.072 GC heap after
{Heap after GC invocations=32 (full 0):
 garbage-first heap   total 264192K, used 4807K [0x0000000085800000, 0x0000000100000000)
  region size 1024K, 1 young (1024K), 1 survivors (1024K)
 Metaspace       used 5562K, committed 5760K, reserved 1114112K
  class space    used 668K, committed 768K, reserved 1048576K
}
Event: 2.117 GC heap before
{Heap before GC invocations=32 (full 0):
 garbage-first heap   total 264192K, used 161479K [0x0000000085800000, 0x0000000100000000)
  region size 1024K, 154 young (157696K), 1 survivors (1024K)
 Metaspace       used 5562K, committed 5760K, reserved 1114112K
  class space    used 668K, committed 768K, reserved 1048576K
}
Event: 2.118 GC heap after
{Heap after GC invocations=33 (full 0):
 garbage-first heap   total 264192K, used 4811K [0x0000000085800000, 0x0000000100000000)
  region size 1024K, 1 young (1024K), 1 survivors (1024K)
 Metaspace       used 5562K, committed 5760K, reserved 1114112K
  class space    used 668K, committed 768K, reserved 1048576K
}
Event: 2.150 GC heap before
{Heap before GC invocations=33 (full 0):
 garbage-first heap   total 264192K, used 161483K [0x0000000085800000, 0x0000000100000000)
  region size 1024K, 154 young (157696K), 1 survivors (1024K)
 Metaspace       used 5562K, committed 5760K, reserved 1114112K
  class space    used 668K, committed 768K, reserved 1048576K
}
Event: 2.151 GC heap after
{Heap after GC invocations=34 (full 0):
 garbage-first heap   total 264192K, used 4811K [0x0000000085800000, 0x0000000100000000)
  region size 1024K, 1 young (1024K), 1 survivors (1024K)
 Metaspace       used 5562K, committed 5760K, reserved 1114112K
  class space    used 668K, committed 768K, reserved 1048576K
}
Event: 2.184 GC heap before
{Heap before GC invocations=34 (full 0):
 garbage-first heap   total 264192K, used 161483K [0x0000000085800000, 0x0000000100000000)
  region size 1024K, 154 young (157696K), 1 survivors (1024K)
 Metaspace       used 5562K, committed 5760K, reserved 1114112K
  class space    used 668K, committed 768K, reserved 1048576K
}
Event: 2.184 GC heap after
{Heap after GC invocations=35 (full 0):
 garbage-first heap   total 264192K, used 4811K [0x0000000085800000, 0x0000000100000000)
  region size 1024K, 1 young (1024K), 1 survivors (1024K)
 Metaspace       used 5562K, committed 5760K, reserved 1114112K
  class space    used 668K, committed 768K, reserved 1048576K
}
Event: 2.222 GC heap before
{Heap before GC invocations=35 (full 0):
 garbage-first heap   total 264192K, used 161483K [0x0000000085800000, 0x0000000100000000)
  region size 1024K, 154 young (157696K), 1 survivors (1024K)
 Metaspace       used 5562K, committed 5760K, reserved 1114112K
  class space    used 668K, committed 768K, reserved 1048576K
}
Event: 2.223 GC heap after
{Heap after GC invocations=36 (full 0):
 garbage-first heap   total 264192K, used 4811K [0x0000000085800000, 0x0000000100000000)
  region size 1024K, 1 young (1024K), 1 survivors (1024K)
 Metaspace       used 5562K, committed 5760K, reserved 1114112K
  class space    used 668K, committed 768K, reserved 1048576K
}
Event: 2.258 GC heap before
{Heap before GC invocations=36 (full 0):
 garbage-first heap   total 264192K, used 161483K [0x0000000085800000, 0x0000000100000000)
  region size 1024K, 154 young (157696K), 1 survivors (1024K)
 Metaspace       used 5562K, committed 5760K, reserved 1114112K
  class space    used 668K, committed 768K, reserved 1048576K
}
Event: 2.258 GC heap after
{Heap after GC invocations=37 (full 0):
 garbage-first heap   total 264192K, used 4811K [0x0000000085800000, 0x0000000100000000)
  region size 1024K, 1 young (1024K), 1 survivors (1024K)
 Metaspace       used 5562K, committed 5760K, reserved 1114112K
  class space    used 668K, committed 768K, reserved 1048576K
}
Event: 2.291 GC heap before
{Heap before GC invocations=37 (full 0):
 garbage-first heap   total 264192K, used 161483K [0x0000000085800000, 0x0000000100000000)
  region size 1024K, 154 young (157696K), 1 survivors (1024K)
 Metaspace       used 5562K, committed 5760K, reserved 1114112K
  class space    used 668K, committed 768K, reserved 1048576K
}
Event: 2.292 GC heap after
{Heap after GC invocations=38 (full 0):
 garbage-first heap   total 264192K, used 4811K [0x0000000085800000, 0x0000000100000000)
  region size 1024K, 1 young (1024K), 1 survivors (1024K)
 Metaspace       used 5562K, committed 5760K, reserved 1114112K
  class space    used 668K, committed 768K, reserved 1048576K
}
Event: 2.324 GC heap before
{Heap before GC invocations=38 (full 0):
 garbage-first heap   total 264192K, used 161483K [0x0000000085800000, 0x0000000100000000)
  region size 1024K, 154 young (157696K), 1 survivors (1024K)
 Metaspace       used 5562K, committed 5760K, reserved 1114112K
  class space    used 668K, committed 768K, reserved 1048576K
}
Event: 2.325 GC heap after
{Heap after GC invocations=39 (full 0):
 garbage-first heap   total 264192K, used 4809K [0x0000000085800000, 0x0000000100000000)
  region size 1024K, 1 young (1024K), 1 survivors (1024K)
 Metaspace       used 5562K, committed 5760K, reserved 1114112K
  class space    used 668K, committed 768K, reserved 1048576K
}
Event: 2.357 GC heap before
{Heap before GC invocations=39 (full 0):
 garbage-first heap   total 264192K, used 161481K [0x0000000085800000, 0x0000000100000000)
  region size 1024K, 154 young (157696K), 1 survivors (1024K)
 Metaspace       used 5562K, committed 5760K, reserved 1114112K
  class space    used 668K, committed 768K, reserved 1048576K
}
Event: 2.358 GC heap after
{Heap after GC invocations=40 (full 0):
 garbage-first heap   total 264192K, used 4811K [0x0000000085800000, 0x0000000100000000)
  region size 1024K, 1 young (1024K), 1 survivors (1024K)
 Metaspace       used 5562K, committed 5760K, reserved 1114112K
  class space    used 668K, committed 768K, reserved 1048576K
}
Event: 2.391 GC heap before
{Heap before GC invocations=40 (full 0):
 garbage-first heap   total 264192K, used 161483K [0x0000000085800000, 0x0000000100000000)
  region size 1024K, 154 young (157696K), 1 survivors (1024K)
 Metaspace       used 5562K, committed 5760K, reserved 1114112K
  class space    used 668K, committed 768K, reserved 1048576K
}
Event: 2.392 GC heap after
{Heap after GC invocations=41 (full 0):
 garbage-first heap   total 264192K, used 4813K [0x0000000085800000, 0x0000000100000000)
  region size 1024K, 1 young (1024K), 1 survivors (1024K)
 Metaspace       used 5562K, committed 5760K, reserved 1114112K
  class space    used 668K, committed 768K, reserved 1048576K
}
Event: 2.424 GC heap before
{Heap before GC invocations=41 (full 0):
 garbage-first heap   total 264192K, used 161485K [0x0000000085800000, 0x0000000100000000)
  region size 1024K, 154 young (157696K), 1 survivors (1024K)
 Metaspace       used 5562K, committed 5760K, reserved 1114112K
  class space    used 668K, committed 768K, reserved 1048576K
}

Dll operation events (11 events):
Event: 0.007 Loaded shared library C:\Users\hila\.jdks\openjdk-19.0.2\bin\java.dll
Event: 0.016 Loaded shared library C:\Users\hila\.jdks\openjdk-19.0.2\bin\jsvml.dll
Event: 0.071 Loaded shared library C:\Users\hila\.jdks\openjdk-19.0.2\bin\zip.dll
Event: 0.073 Loaded shared library C:\Users\hila\.jdks\openjdk-19.0.2\bin\instrument.dll
Event: 0.077 Loaded shared library C:\Users\hila\.jdks\openjdk-19.0.2\bin\net.dll
Event: 0.079 Loaded shared library C:\Users\hila\.jdks\openjdk-19.0.2\bin\nio.dll
Event: 0.083 Loaded shared library C:\Users\hila\.jdks\openjdk-19.0.2\bin\zip.dll
Event: 0.094 Loaded shared library C:\Program Files\JetBrains\IntelliJ IDEA 2022.3.2\bin\breakgen64.dll
Event: 0.102 Loaded shared library C:\Users\hila\.jdks\openjdk-19.0.2\bin\extnet.dll
Event: 0.144 Loaded shared library C:\Users\hila\.jdks\openjdk-19.0.2\bin\jimage.dll
Event: 0.470 Loaded shared library C:\Users\hila\.jdks\openjdk-19.0.2\bin\awt.dll

Deoptimization events (20 events):
Event: 2.002 Thread 0x0000022c8731ca10 Uncommon trap: trap_request=0xffffffc6 fr.pc=0x0000022c96e18b94 relative=0x0000000000003c14
Event: 2.002 Thread 0x0000022c8731ca10 Uncommon trap: reason=bimorphic_or_optimized_type_check action=maybe_recompile pc=0x0000022c96e18b94 method=renderer.RayTracerBasic.calcLocalEffects(Lgeometries/Intersectable$GeoPoint;Lprimitives/Ray;Lprimitives/Double3;)Lprimitives/Color; @ 23 c2
Event: 2.002 Thread 0x0000022c8731ca10 DEOPT PACKING pc=0x0000022c96e18b94 sp=0x000000a4e0efc680
Event: 2.002 Thread 0x0000022c8731ca10 DEOPT UNPACKING pc=0x0000022c9681a5a3 sp=0x000000a4e0efc6c0 mode 2
Event: 2.002 Thread 0x0000022c8731ca10 Uncommon trap: trap_request=0xffffffc6 fr.pc=0x0000022c96e00720 relative=0x0000000000002380
Event: 2.002 Thread 0x0000022c8731ca10 Uncommon trap: reason=bimorphic_or_optimized_type_check action=maybe_recompile pc=0x0000022c96e00720 method=renderer.RayTracerBasic.calcGlobalEffects(Lgeometries/Intersectable$GeoPoint;Lprimitives/Ray;ILprimitives/Double3;)Lprimitives/Color; @ 24 c2
Event: 2.002 Thread 0x0000022c8731ca10 DEOPT PACKING pc=0x0000022c96e00720 sp=0x000000a4e0efc6e0
Event: 2.002 Thread 0x0000022c8731ca10 DEOPT UNPACKING pc=0x0000022c9681a5a3 sp=0x000000a4e0efc6f0 mode 2
Event: 2.002 Thread 0x0000022c8731ca10 Uncommon trap: trap_request=0xffffffc6 fr.pc=0x0000022c96e18b94 relative=0x0000000000003c14
Event: 2.002 Thread 0x0000022c8731ca10 Uncommon trap: reason=bimorphic_or_optimized_type_check action=maybe_recompile pc=0x0000022c96e18b94 method=renderer.RayTracerBasic.calcLocalEffects(Lgeometries/Intersectable$GeoPoint;Lprimitives/Ray;Lprimitives/Double3;)Lprimitives/Color; @ 23 c2
Event: 2.002 Thread 0x0000022c8731ca10 DEOPT PACKING pc=0x0000022c96e18b94 sp=0x000000a4e0efc2b0
Event: 2.002 Thread 0x0000022c8731ca10 DEOPT UNPACKING pc=0x0000022c9681a5a3 sp=0x000000a4e0efc2f0 mode 2
Event: 2.002 Thread 0x0000022c8731ca10 Uncommon trap: trap_request=0xffffffc6 fr.pc=0x0000022c96e00720 relative=0x0000000000002380
Event: 2.002 Thread 0x0000022c8731ca10 Uncommon trap: reason=bimorphic_or_optimized_type_check action=maybe_recompile pc=0x0000022c96e00720 method=renderer.RayTracerBasic.calcGlobalEffects(Lgeometries/Intersectable$GeoPoint;Lprimitives/Ray;ILprimitives/Double3;)Lprimitives/Color; @ 24 c2
Event: 2.002 Thread 0x0000022c8731ca10 DEOPT PACKING pc=0x0000022c96e00720 sp=0x000000a4e0efc310
Event: 2.002 Thread 0x0000022c8731ca10 DEOPT UNPACKING pc=0x0000022c9681a5a3 sp=0x000000a4e0efc320 mode 2
Event: 2.067 Thread 0x0000022c8731ca10 Uncommon trap: trap_request=0xffffff45 fr.pc=0x0000022c96dac198 relative=0x0000000000000f78
Event: 2.067 Thread 0x0000022c8731ca10 Uncommon trap: reason=unstable_if action=reinterpret pc=0x0000022c96dac198 method=geometries.Polygon.findGeoIntersectionsHelper(Lprimitives/Ray;D)Ljava/util/List; @ 100 c2
Event: 2.067 Thread 0x0000022c8731ca10 DEOPT PACKING pc=0x0000022c96dac198 sp=0x000000a4e0efc740
Event: 2.067 Thread 0x0000022c8731ca10 DEOPT UNPACKING pc=0x0000022c9681a5a3 sp=0x000000a4e0efc6d8 mode 2

Classes loaded (20 events):
Event: 1.058 Loading class java/time/zone/ZoneRulesProvider$1
Event: 1.058 Loading class java/time/zone/ZoneRulesProvider$1 done
Event: 1.058 Loading class java/time/zone/TzdbZoneRulesProvider
Event: 1.058 Loading class java/time/zone/TzdbZoneRulesProvider done
Event: 1.060 Loading class java/time/zone/Ser
Event: 1.060 Loading class java/time/zone/Ser done
Event: 1.061 Loading class java/time/Month
Event: 1.061 Loading class java/time/Month done
Event: 1.061 Loading class java/time/DayOfWeek
Event: 1.061 Loading class java/time/DayOfWeek done
Event: 1.061 Loading class java/time/zone/ZoneOffsetTransitionRule$TimeDefinition
Event: 1.061 Loading class java/time/zone/ZoneOffsetTransitionRule$TimeDefinition done
Event: 1.062 Loading class java/time/zone/ZoneOffsetTransition
Event: 1.062 Loading class java/time/zone/ZoneOffsetTransition done
Event: 1.063 Loading class sun/util/cldr/CLDRBaseLocaleDataMetaInfo$TZCanonicalIDMapHolder
Event: 1.064 Loading class sun/util/cldr/CLDRBaseLocaleDataMetaInfo$TZCanonicalIDMapHolder done
Event: 1.065 Loading class sun/util/resources/TimeZoneNames
Event: 1.065 Loading class sun/util/resources/TimeZoneNames done
Event: 1.066 Loading class sun/util/resources/TimeZoneNames_en
Event: 1.066 Loading class sun/util/resources/TimeZoneNames_en done

Classes unloaded (0 events):
No events

Classes redefined (0 events):
No events

Internal exceptions (20 events):
Event: 0.325 Thread 0x0000022c8731ca10 Exception <a 'java/lang/IncompatibleClassChangeError'{0x000000008cab2c20}: Found class java.lang.Object, but interface was expected> (0x000000008cab2c20) 
thrown [s\open\src\hotspot\share\interpreter\linkResolver.cpp, line 841]
Event: 0.328 Thread 0x0000022c8731ca10 Exception <a 'java/lang/NoSuchMethodError'{0x000000008cacc180}: 'java.lang.Object java.lang.invoke.DirectMethodHandle$Holder.invokeStatic(java.lang.Object, java.lang.Object, int)'> (0x000000008cacc180) 
thrown [s\open\src\hotspot\share\interpreter\linkResolver.cpp, line 774]
Event: 0.337 Thread 0x0000022c8731ca10 Exception <a 'java/lang/NoSuchMethodError'{0x000000008c91b9f8}: 'void java.lang.invoke.DirectMethodHandle$Holder.invokeSpecial(java.lang.Object, java.lang.Object, java.lang.Object, java.lang.Object, java.lang.Object)'> (0x000000008c91b9f8) 
thrown [s\open\src\hotspot\share\interpreter\linkResolver.cpp, line 774]
Event: 0.348 Thread 0x0000022c8731ca10 Exception <a 'java/lang/NoSuchMethodError'{0x000000008c978e90}: 'void java.lang.invoke.DirectMethodHandle$Holder.invokeInterface(java.lang.Object, java.lang.Object, java.lang.Object, java.lang.Object)'> (0x000000008c978e90) 
thrown [s\open\src\hotspot\share\interpreter\linkResolver.cpp, line 774]
Event: 0.349 Thread 0x0000022c8731ca10 Exception <a 'java/lang/IncompatibleClassChangeError'{0x000000008c97c5e0}: Found class java.lang.Object, but interface was expected> (0x000000008c97c5e0) 
thrown [s\open\src\hotspot\share\interpreter\linkResolver.cpp, line 841]
Event: 0.352 Thread 0x0000022c8731ca10 Exception <a 'java/lang/NoSuchMethodError'{0x000000008c9a0d98}: 'void java.lang.invoke.DirectMethodHandle$Holder.invokeStatic(java.lang.Object, java.lang.Object, java.lang.Object, java.lang.Object)'> (0x000000008c9a0d98) 
thrown [s\open\src\hotspot\share\interpreter\linkResolver.cpp, line 774]
Event: 0.356 Thread 0x0000022c8731ca10 Exception <a 'java/lang/NoSuchMethodError'{0x000000008c9c1d60}: 'java.lang.Object java.lang.invoke.DirectMethodHandle$Holder.newInvokeSpecial(java.lang.Object, java.lang.Object, int)'> (0x000000008c9c1d60) 
thrown [s\open\src\hotspot\share\interpreter\linkResolver.cpp, line 774]
Event: 0.366 Thread 0x0000022c8731ca10 Exception <a 'java/lang/NoSuchMethodError'{0x000000008c807ae8}: 'java.lang.Object java.lang.invoke.DirectMethodHandle$Holder.invokeStaticInit(java.lang.Object)'> (0x000000008c807ae8) 
thrown [s\open\src\hotspot\share\interpreter\linkResolver.cpp, line 774]
Event: 0.370 Thread 0x0000022c8731ca10 Exception <a 'java/lang/NoSuchMethodError'{0x000000008c8306d0}: 'int java.lang.invoke.DirectMethodHandle$Holder.invokeStatic(java.lang.Object, java.lang.Object, java.lang.Object, java.lang.Object)'> (0x000000008c8306d0) 
thrown [s\open\src\hotspot\share\interpreter\linkResolver.cpp, line 774]
Event: 0.370 Thread 0x0000022c8731ca10 Exception <a 'java/lang/NoSuchMethodError'{0x000000008c834010}: 'java.lang.Object java.lang.invoke.Invokers$Holder.invokeExact_MT(java.lang.Object, java.lang.Object, java.lang.Object, java.lang.Object, java.lang.Object, java.lang.Object)'> (0x000000008c834010) 
thrown [s\open\src\hotspot\share\interpreter\linkResolver.cpp, line 774]
Event: 0.372 Thread 0x0000022c8731ca10 Exception <a 'java/lang/NoSuchMethodError'{0x000000008c8439b0}: 'int java.lang.invoke.DirectMethodHandle$Holder.invokeStatic(java.lang.Object, java.lang.Object, java.lang.Object, java.lang.Object, java.lang.Object)'> (0x000000008c8439b0) 
thrown [s\open\src\hotspot\share\interpreter\linkResolver.cpp, line 774]
Event: 0.381 Thread 0x0000022c8731ca10 Exception <a 'java/lang/NoSuchMethodError'{0x000000008c8836b0}: 'void java.lang.invoke.DirectMethodHandle$Holder.invokeStaticInit(java.lang.Object)'> (0x000000008c8836b0) 
thrown [s\open\src\hotspot\share\interpreter\linkResolver.cpp, line 774]
Event: 0.403 Thread 0x0000022c8731ca10 Exception <a 'java/lang/NoSuchMethodError'{0x000000008c764568}: 'int java.lang.invoke.DirectMethodHandle$Holder.invokeStaticInit(java.lang.Object, java.lang.Object)'> (0x000000008c764568) 
thrown [s\open\src\hotspot\share\interpreter\linkResolver.cpp, line 774]
Event: 0.436 Thread 0x0000022c8731ca10 Exception <a 'java/lang/NoSuchMethodError'{0x000000008d39dd38}: 'java.lang.Object java.lang.invoke.DirectMethodHandle$Holder.newInvokeSpecial(java.lang.Object, java.lang.Object, java.lang.Object, java.lang.Object, java.lang.Object, java.lang.Object, java.lang.Object)'> (0x000000008d39dd38) 
thrown [s\open\src\hotspot\share\interpreter\linkResolver.cpp, line 774]
Event: 0.438 Thread 0x0000022c8731ca10 Exception <a 'java/lang/NoSuchMethodError'{0x000000008d3aebe8}: 'java.lang.Object java.lang.invoke.DirectMethodHandle$Holder.invokeInterface(java.lang.Object, java.lang.Object, java.lang.Object, java.lang.Object, java.lang.Object)'> (0x000000008d3aebe8) 
thrown [s\open\src\hotspot\share\interpreter\linkResolver.cpp, line 774]
Event: 0.438 Thread 0x0000022c8731ca10 Exception <a 'java/lang/IncompatibleClassChangeError'{0x000000008d3b29f8}: Found class java.lang.Object, but interface was expected> (0x000000008d3b29f8) 
thrown [s\open\src\hotspot\share\interpreter\linkResolver.cpp, line 841]
Event: 0.458 Thread 0x0000022c8731ca10 Exception <a 'java/lang/NoSuchMethodError'{0x000000008d25f270}: 'void java.lang.invoke.DirectMethodHandle$Holder.invokeVirtual(java.lang.Object, java.lang.Object)'> (0x000000008d25f270) 
thrown [s\open\src\hotspot\share\interpreter\linkResolver.cpp, line 774]
Event: 0.465 Thread 0x0000022c8731ca10 Exception <a 'java/lang/ClassNotFoundException'{0x000000008d27f998}: sun/awt/resources/spi/awtProvider> (0x000000008d27f998) 
thrown [s\open\src\hotspot\share\classfile\systemDictionary.cpp, line 255]
Event: 0.476 Thread 0x0000022c8731ca10 Exception <a 'java/io/FileNotFoundException'{0x000000008d2ca700}> (0x000000008d2ca700) 
thrown [s\open\src\hotspot\share\prims\jni.cpp, line 517]
Event: 0.480 Thread 0x0000022c8731ca10 Exception <a 'java/io/FileNotFoundException'{0x000000008d2f7068}> (0x000000008d2f7068) 
thrown [s\open\src\hotspot\share\prims\jni.cpp, line 517]

VM Operations (20 events):
Event: 2.072 Executing VM operation: G1CollectForAllocation done
Event: 2.117 Executing VM operation: G1CollectForAllocation
Event: 2.118 Executing VM operation: G1CollectForAllocation done
Event: 2.150 Executing VM operation: G1CollectForAllocation
Event: 2.151 Executing VM operation: G1CollectForAllocation done
Event: 2.184 Executing VM operation: G1CollectForAllocation
Event: 2.184 Executing VM operation: G1CollectForAllocation done
Event: 2.222 Executing VM operation: G1CollectForAllocation
Event: 2.223 Executing VM operation: G1CollectForAllocation done
Event: 2.258 Executing VM operation: G1CollectForAllocation
Event: 2.258 Executing VM operation: G1CollectForAllocation done
Event: 2.291 Executing VM operation: G1CollectForAllocation
Event: 2.292 Executing VM operation: G1CollectForAllocation done
Event: 2.324 Executing VM operation: G1CollectForAllocation
Event: 2.325 Executing VM operation: G1CollectForAllocation done
Event: 2.357 Executing VM operation: G1CollectForAllocation
Event: 2.358 Executing VM operation: G1CollectForAllocation done
Event: 2.391 Executing VM operation: G1CollectForAllocation
Event: 2.392 Executing VM operation: G1CollectForAllocation done
Event: 2.424 Executing VM operation: G1CollectForAllocation

Events (16 events):
Event: 0.016 Thread 0x0000022c8731ca10 Thread added: 0x0000022c8731ca10
Event: 0.029 Thread 0x0000022ca50155b0 Thread added: 0x0000022ca50155b0
Event: 0.029 Thread 0x0000022ca5016290 Thread added: 0x0000022ca5016290
Event: 0.030 Thread 0x0000022ca5017970 Thread added: 0x0000022ca5017970
Event: 0.030 Thread 0x0000022ca50193a0 Thread added: 0x0000022ca50193a0
Event: 0.030 Thread 0x0000022ca501bf10 Thread added: 0x0000022ca501bf10
Event: 0.030 Thread 0x0000022ca501d140 Thread added: 0x0000022ca501d140
Event: 0.030 Thread 0x0000022ca502fa70 Thread added: 0x0000022ca502fa70
Event: 0.030 Thread 0x0000022ca5033670 Thread added: 0x0000022ca5033670
Event: 0.030 Thread 0x0000022ca50488b0 Thread added: 0x0000022ca50488b0
Event: 0.055 Thread 0x0000022ca4fe5310 Thread added: 0x0000022ca4fe5310
Event: 0.095 Thread 0x0000022ca958ae00 Thread added: 0x0000022ca958ae00
Event: 0.095 Thread 0x0000022ca95920c0 Thread added: 0x0000022ca95920c0
Event: 0.506 Thread 0x0000022ca9c11b80 Thread added: 0x0000022ca9c11b80
Event: 1.635 Thread 0x0000022ca9c11b80 Thread exited: 0x0000022ca9c11b80
Event: 1.638 Thread 0x0000022ca9db1720 Thread added: 0x0000022ca9db1720


Dynamic libraries:
0x00007ff6d8e30000 - 0x00007ff6d8e3e000 	C:\Users\hila\.jdks\openjdk-19.0.2\bin\java.exe
0x00007ff87acf0000 - 0x00007ff87aee8000 	C:\windows\SYSTEM32\ntdll.dll
0x00007ff879f90000 - 0x00007ff87a04f000 	C:\windows\System32\KERNEL32.DLL
0x00007ff878560000 - 0x00007ff878856000 	C:\windows\System32\KERNELBASE.dll
0x00007ff878460000 - 0x00007ff878560000 	C:\windows\System32\ucrtbase.dll
0x00007ff86d8f0000 - 0x00007ff86d90b000 	C:\Users\hila\.jdks\openjdk-19.0.2\bin\VCRUNTIME140.dll
0x00007ff8754f0000 - 0x00007ff875507000 	C:\Users\hila\.jdks\openjdk-19.0.2\bin\jli.dll
0x00007ff87a820000 - 0x00007ff87a9bd000 	C:\windows\System32\USER32.dll
0x00007ff878a70000 - 0x00007ff878a92000 	C:\windows\System32\win32u.dll
0x00007ff87a750000 - 0x00007ff87a77c000 	C:\windows\System32\GDI32.dll
0x00007ff878b90000 - 0x00007ff878ca5000 	C:\windows\System32\gdi32full.dll
0x00007ff85d1a0000 - 0x00007ff85d43a000 	C:\windows\WinSxS\amd64_microsoft.windows.common-controls_6595b64144ccf1df_6.0.19041.1110_none_60b5254171f9507e\COMCTL32.dll
0x00007ff879910000 - 0x00007ff8799ae000 	C:\windows\System32\msvcrt.dll
0x00007ff878cb0000 - 0x00007ff878d4d000 	C:\windows\System32\msvcp_win.dll
0x00007ff87a780000 - 0x00007ff87a7b0000 	C:\windows\System32\IMM32.DLL
0x00007ff8754e0000 - 0x00007ff8754ec000 	C:\Users\hila\.jdks\openjdk-19.0.2\bin\vcruntime140_1.dll
0x00007ff858a70000 - 0x00007ff858afe000 	C:\Users\hila\.jdks\openjdk-19.0.2\bin\msvcp140.dll
0x00007ff823420000 - 0x00007ff8240e0000 	C:\Users\hila\.jdks\openjdk-19.0.2\bin\server\jvm.dll
0x00007ff87a180000 - 0x00007ff87a22f000 	C:\windows\System32\ADVAPI32.dll
0x00007ff878db0000 - 0x00007ff878e4c000 	C:\windows\System32\sechost.dll
0x00007ff879e60000 - 0x00007ff879f86000 	C:\windows\System32\RPCRT4.dll
0x00007ff86d960000 - 0x00007ff86d969000 	C:\windows\SYSTEM32\WSOCK32.dll
0x00007ff87a7b0000 - 0x00007ff87a81b000 	C:\windows\System32\WS2_32.dll
0x00007ff868700000 - 0x00007ff86870a000 	C:\windows\SYSTEM32\VERSION.dll
0x00007ff85a310000 - 0x00007ff85a337000 	C:\windows\SYSTEM32\WINMM.dll
0x00007ff876c10000 - 0x00007ff876c22000 	C:\windows\SYSTEM32\kernel.appcore.dll
0x00007ff870010000 - 0x00007ff87001a000 	C:\Users\hila\.jdks\openjdk-19.0.2\bin\jimage.dll
0x00007ff875fb0000 - 0x00007ff876194000 	C:\windows\SYSTEM32\DBGHELP.DLL
0x00007ff860d10000 - 0x00007ff860d44000 	C:\windows\SYSTEM32\dbgcore.DLL
0x00007ff8783d0000 - 0x00007ff878452000 	C:\windows\System32\bcryptPrimitives.dll
0x00007ff86d7d0000 - 0x00007ff86d7de000 	C:\Users\hila\.jdks\openjdk-19.0.2\bin\instrument.dll
0x00007ff86d7a0000 - 0x00007ff86d7c6000 	C:\Users\hila\.jdks\openjdk-19.0.2\bin\java.dll
0x00007ff84b670000 - 0x00007ff84b747000 	C:\Users\hila\.jdks\openjdk-19.0.2\bin\jsvml.dll
0x00007ff8791b0000 - 0x00007ff8798f4000 	C:\windows\System32\SHELL32.dll
0x00007ff876460000 - 0x00007ff876bf3000 	C:\windows\SYSTEM32\windows.storage.dll
0x00007ff878e50000 - 0x00007ff8791a4000 	C:\windows\System32\combase.dll
0x00007ff877db0000 - 0x00007ff877dde000 	C:\windows\SYSTEM32\Wldp.dll
0x00007ff879bd0000 - 0x00007ff879c7d000 	C:\windows\System32\SHCORE.dll
0x00007ff87abf0000 - 0x00007ff87ac45000 	C:\windows\System32\shlwapi.dll
0x00007ff878310000 - 0x00007ff87832f000 	C:\windows\SYSTEM32\profapi.dll
0x00007ff86d700000 - 0x00007ff86d718000 	C:\Users\hila\.jdks\openjdk-19.0.2\bin\zip.dll
0x00007ff86cff0000 - 0x00007ff86d003000 	C:\Users\hila\.jdks\openjdk-19.0.2\bin\net.dll
0x00007ff872330000 - 0x00007ff87243a000 	C:\windows\SYSTEM32\WINHTTP.dll
0x00007ff877aa0000 - 0x00007ff877b0a000 	C:\windows\system32\mswsock.dll
0x00007ff864770000 - 0x00007ff864786000 	C:\Users\hila\.jdks\openjdk-19.0.2\bin\nio.dll
0x00007ff864750000 - 0x00007ff86476a000 	C:\Program Files\JetBrains\IntelliJ IDEA 2022.3.2\bin\breakgen64.dll
0x00007ff86d760000 - 0x00007ff86d768000 	C:\Users\hila\.jdks\openjdk-19.0.2\bin\extnet.dll
0x00007ff840310000 - 0x00007ff8404a0000 	C:\Users\hila\.jdks\openjdk-19.0.2\bin\awt.dll
0x00007ff87a050000 - 0x00007ff87a11d000 	C:\windows\System32\OLEAUT32.dll
0x00007ff8757e0000 - 0x00007ff875871000 	C:\windows\SYSTEM32\apphelp.dll

dbghelp: loaded successfully - version: 4.0.5 - missing functions: none
symbol engine: initialized successfully - sym options: 0x614 - pdb path: .;C:\Users\hila\.jdks\openjdk-19.0.2\bin;C:\windows\SYSTEM32;C:\windows\WinSxS\amd64_microsoft.windows.common-controls_6595b64144ccf1df_6.0.19041.1110_none_60b5254171f9507e;C:\Users\hila\.jdks\openjdk-19.0.2\bin\server;C:\Program Files\JetBrains\IntelliJ IDEA 2022.3.2\bin

VM Arguments:
jvm_args: -ea -Didea.test.cyclic.buffer.size=1048576 -javaagent:C:\Program Files\JetBrains\IntelliJ IDEA 2022.3.2\lib\idea_rt.jar=60045:C:\Program Files\JetBrains\IntelliJ IDEA 2022.3.2\bin -Dfile.encoding=UTF-8 -Dsun.stdout.encoding=UTF-8 -Dsun.stderr.encoding=UTF-8 
java_command: com.intellij.rt.junit.JUnitStarter -ideVersion5 -junit5 MP2.MP2
java_class_path (initial): C:\Users\hila\.m2\repository\org\junit\platform\junit-platform-launcher\1.9.2\junit-platform-launcher-1.9.2.jar;C:\Program Files\JetBrains\IntelliJ IDEA 2022.3.2\lib\idea_rt.jar;C:\Program Files\JetBrains\IntelliJ IDEA 2022.3.2\plugins\junit\lib\junit5-rt.jar;C:\Program Files\JetBrains\IntelliJ IDEA 2022.3.2\plugins\junit\lib\junit-rt.jar;C:\Users\hila\Documents\tal\2semester2\MinipTochna\ISE5783_6941_7796\out\test\ISE5783_6941_7796;C:\Users\hila\Documents\tal\2semester2\MinipTochna\ISE5783_6941_7796\out\production\ISE5783_6941_7796;C:\Users\hila\.m2\repository\org\junit\jupiter\junit-jupiter\5.9.2\junit-jupiter-5.9.2.jar;C:\Users\hila\.m2\repository\org\junit\jupiter\junit-jupiter-api\5.9.2\junit-jupiter-api-5.9.2.jar;C:\Users\hila\.m2\repository\org\opentest4j\opentest4j\1.2.0\opentest4j-1.2.0.jar;C:\Users\hila\.m2\repository\org\junit\platform\junit-platform-commons\1.9.2\junit-platform-commons-1.9.2.jar;C:\Users\hila\.m2\repository\org\apiguardian\apiguardian-api\1.1.2\apiguardian-api-1.1.2.jar;C:\Users\hila\.m2\repository\org\junit\jupiter\junit-jupiter-params\5.9.2\junit-jupiter-params-5.9.2.jar;C:\Users\hila\.m2\repository\org\junit\jupiter\junit-jupiter-engine\5.9.2\junit-jupiter-engine-5.9.2.jar;C:\Users\hila\.m2\repository\org\junit\platform\junit-platform-engine\1.9.2\junit-platform-engine-1.9.2.jar
Launcher Type: SUN_STANDARD

[Global flags]
     intx CICompilerCount                          = 3                                         {product} {ergonomic}
     uint ConcGCThreads                            = 1                                         {product} {ergonomic}
     uint G1ConcRefinementThreads                  = 4                                         {product} {ergonomic}
   size_t G1HeapRegionSize                         = 1048576                                   {product} {ergonomic}
    uintx GCDrainStackTargetSize                   = 64                                        {product} {ergonomic}
   size_t InitialHeapSize                          = 130023424                                 {product} {ergonomic}
   size_t MarkStackSize                            = 4194304                                   {product} {ergonomic}
   size_t MaxHeapSize                              = 2055208960                                {product} {ergonomic}
   size_t MaxNewSize                               = 1233125376                                {product} {ergonomic}
   size_t MinHeapDeltaBytes                        = 1048576                                   {product} {ergonomic}
   size_t MinHeapSize                              = 8388608                                   {product} {ergonomic}
    uintx NonNMethodCodeHeapSize                   = 5832780                                {pd product} {ergonomic}
    uintx NonProfiledCodeHeapSize                  = 122912730                              {pd product} {ergonomic}
    uintx ProfiledCodeHeapSize                     = 122912730                              {pd product} {ergonomic}
    uintx ReservedCodeCacheSize                    = 251658240                              {pd product} {ergonomic}
     bool SegmentedCodeCache                       = true                                      {product} {ergonomic}
   size_t SoftMaxHeapSize                          = 2055208960                             {manageable} {ergonomic}
     bool UseCompressedClassPointers               = true                           {product lp64_product} {ergonomic}
     bool UseCompressedOops                        = true                           {product lp64_product} {ergonomic}
     bool UseG1GC                                  = true                                      {product} {ergonomic}
     bool UseLargePagesIndividualAllocation        = false                                  {pd product} {ergonomic}

Logging:
Log output configuration:
 #0: stdout all=warning uptime,level,tags foldmultilines=false
 #1: stderr all=off uptime,level,tags foldmultilines=false

Environment Variables:
JAVA_HOME=C:\Users\HilAdm
PATH=C:\Program Files\Common Files\Oracle\Java\javapath;C:\windows\system32;C:\windows;C:\windows\System32\Wbem;C:\windows\System32\WindowsPowerShell\v1.0\;C:\windows\System32\OpenSSH\;C:\Program Files\Microsoft SQL Server\130\Tools\Binn\;C:\Program Files\Microsoft SQL Server\Client SDK\ODBC\170\Tools\Binn\;C:\Program Files\Microsoft SQL Server\150\Tools\Binn\;C:\Program Files\dotnet\;C:\Program Files\Git\cmd;C:\Users\hila\Downloads;C:\Users\hila\AppData\Local\Programs\Python\Python39\Scripts\;C:\Users\hila\AppData\Local\Programs\Python\Python39\;C:\Users\hila\AppData\Local\Microsoft\WindowsApps;
USERNAME=hila
OS=Windows_NT
PROCESSOR_IDENTIFIER=Intel64 Family 6 Model 140 Stepping 1, GenuineIntel
TMP=C:\Users\hila\AppData\Local\Temp
TEMP=C:\Users\hila\AppData\Local\Temp



---------------  S Y S T E M  ---------------

OS:
 Windows 10 , 64 bit Build 19041 (10.0.19041.3031)
OS uptime: 12 days 0:27 hours

CPU: total 4 (initial active 4) (2 cores per cpu, 2 threads per core) family 6 model 140 stepping 1 microcode 0x8a, cx8, cmov, fxsr, ht, mmx, 3dnowpref, sse, sse2, sse3, ssse3, sse4.1, sse4.2, popcnt, lzcnt, tsc, tscinvbit, avx, avx2, aes, erms, clmul, bmi1, bmi2, adx, avx512f, avx512dq, avx512cd, avx512bw, avx512vl, sha, fma, vzeroupper, avx512_vpopcntdq, avx512_vpclmulqdq, avx512_vaes, avx512_vnni, clflush, clflushopt, clwb, avx512_vbmi2, avx512_vbmi, rdtscp, rdpid, fsrm, gfni, avx512_bitalg

Memory: 4k page, system-wide physical 7834M (848M free)
TotalPageFile size 31386M (AvailPageFile size 22M)
current process WorkingSet (physical memory assigned to process): 282M, peak: 286M
current process commit charge ("private bytes"): 368M, peak: 420M

vm_info: OpenJDK 64-Bit Server VM (19.0.2+7-44) for windows-amd64 JRE (19.0.2+7-44), built on 2022-11-30T18:02:09Z by "mach5one" with MS VC++ 17.1 (VS2022)

END.
