#
# There is insufficient memory for the Java Runtime Environment to continue.
# Native memory allocation (mmap) failed to map 54525952 bytes for G1 virtual space
# Possible reasons:
#   The system is out of physical RAM or swap space
#   The process is running with CompressedOops enabled, and the Java Heap may be blocking the growth of the native heap
# Possible solutions:
#   Reduce memory load on the system
#   Increase physical memory or swap space
#   Check if swap backing store is full
#   Decrease Java heap size (-Xmx/-Xms)
#   Decrease number of Java threads
#   Decrease Java thread stack sizes (-Xss)
#   Set larger code cache with -XX:ReservedCodeCacheSize=
#   JVM is running with Unscaled Compressed Oops mode in which the Java heap is
#     placed in the first 4GB address space. The Java Heap base address is the
#     maximum limit for the native heap growth. Please use -XX:HeapBaseMinAddress
#     to set the Java Heap base and to place the Java Heap above 4GB virtual address.
# This output file may be truncated or incomplete.
#
#  Out of Memory Error (os_windows.cpp:3536), pid=27696, tid=13984
#
# JRE version: OpenJDK Runtime Environment (19.0.2+7) (build 19.0.2+7-44)
# Java VM: OpenJDK 64-Bit Server VM (19.0.2+7-44, mixed mode, sharing, tiered, compressed oops, compressed class ptrs, g1 gc, windows-amd64)
# No core dump will be written. Minidumps are not enabled by default on client versions of Windows
#

---------------  S U M M A R Y ------------

Command Line: -ea -Didea.test.cyclic.buffer.size=1048576 -javaagent:C:\Program Files\JetBrains\IntelliJ IDEA 2022.3.2\lib\idea_rt.jar=60030:C:\Program Files\JetBrains\IntelliJ IDEA 2022.3.2\bin -Dfile.encoding=UTF-8 -Dsun.stdout.encoding=UTF-8 -Dsun.stderr.encoding=UTF-8 com.intellij.rt.junit.JUnitStarter -ideVersion5 -junit5 MP2.MP2

Host: 11th Gen Intel(R) Core(TM) i3-1115G4 @ 3.00GHz, 4 cores, 7G,  Windows 10 , 64 bit Build 19041 (10.0.19041.3031)
Time: Mon Jun 26 15:24:39 2023 Jerusalem Summer Time elapsed time: 2.329608 seconds (0d 0h 0m 2s)

---------------  T H R E A D  ---------------

Current thread (0x000002afb0468b10):  VMThread "VM Thread" [stack: 0x000000ed0fc00000,0x000000ed0fd00000] [id=13984]

Stack: [0x000000ed0fc00000,0x000000ed0fd00000]
Native frames: (J=compiled Java code, j=interpreted, Vv=VM code, C=native code)
V  [jvm.dll+0x6ee21a]
V  [jvm.dll+0x85765e]
V  [jvm.dll+0x85904e]
V  [jvm.dll+0x859703]
V  [jvm.dll+0x28298f]
V  [jvm.dll+0x6eb009]
V  [jvm.dll+0x6dfbaa]
V  [jvm.dll+0x3573f6]
V  [jvm.dll+0x35ee56]
V  [jvm.dll+0x3b541e]
V  [jvm.dll+0x3b564f]
V  [jvm.dll+0x32c9ea]
V  [jvm.dll+0x32ca97]
V  [jvm.dll+0x374cd2]
V  [jvm.dll+0x37340f]
V  [jvm.dll+0x32c210]
V  [jvm.dll+0x3729ab]
V  [jvm.dll+0x85ebc3]
V  [jvm.dll+0x85f989]
V  [jvm.dll+0x85febd]
V  [jvm.dll+0x86034b]
V  [jvm.dll+0x860407]
V  [jvm.dll+0x80125a]
V  [jvm.dll+0x6ecf0b]
C  [ucrtbase.dll+0x21bb2]
C  [KERNEL32.DLL+0x17614]
C  [ntdll.dll+0x526f1]

VM_Operation (0x000000ed0f6fc520): G1CollectForAllocation, mode: safepoint, requested by thread 0x000002af9080bed0


---------------  P R O C E S S  ---------------

Threads class SMR info:
_java_thread_list=0x000002afb50f06d0, length=13, elements={
0x000002af9080bed0, 0x000002afb0489ec0, 0x000002afb048a990, 0x000002afb048be60,
0x000002afb048c930, 0x000002afb048d260, 0x000002afb048ed40, 0x000002afb04964d0,
0x000002afb04b9a80, 0x000002afb04bc820, 0x000002afb488d6d0, 0x000002afb49773f0,
0x000002afb497ae10
}

Java Threads: ( => current thread )
  0x000002af9080bed0 JavaThread "main" [_thread_blocked, id=8920, stack(0x000000ed0f600000,0x000000ed0f700000)]
  0x000002afb0489ec0 JavaThread "Reference Handler" daemon [_thread_blocked, id=19700, stack(0x000000ed0fd00000,0x000000ed0fe00000)]
  0x000002afb048a990 JavaThread "Finalizer" daemon [_thread_blocked, id=12960, stack(0x000000ed0fe00000,0x000000ed0ff00000)]
  0x000002afb048be60 JavaThread "Signal Dispatcher" daemon [_thread_blocked, id=3292, stack(0x000000ed0ff00000,0x000000ed10000000)]
  0x000002afb048c930 JavaThread "Attach Listener" daemon [_thread_blocked, id=3060, stack(0x000000ed10000000,0x000000ed10100000)]
  0x000002afb048d260 JavaThread "Service Thread" daemon [_thread_blocked, id=12836, stack(0x000000ed10100000,0x000000ed10200000)]
  0x000002afb048ed40 JavaThread "Monitor Deflation Thread" daemon [_thread_blocked, id=24384, stack(0x000000ed10200000,0x000000ed10300000)]
  0x000002afb04964d0 JavaThread "C2 CompilerThread0" daemon [_thread_blocked, id=7616, stack(0x000000ed10300000,0x000000ed10400000)]
  0x000002afb04b9a80 JavaThread "C1 CompilerThread0" daemon [_thread_blocked, id=23392, stack(0x000000ed10400000,0x000000ed10500000)]
  0x000002afb04bc820 JavaThread "Sweeper thread" daemon [_thread_blocked, id=24040, stack(0x000000ed10500000,0x000000ed10600000)]
  0x000002afb488d6d0 JavaThread "Common-Cleaner" daemon [_thread_blocked, id=26076, stack(0x000000ed10600000,0x000000ed10700000)]
  0x000002afb49773f0 JavaThread "Monitor Ctrl-Break" daemon [_thread_in_native, id=23976, stack(0x000000ed10700000,0x000000ed10800000)]
  0x000002afb497ae10 JavaThread "Notification Thread" daemon [_thread_blocked, id=484, stack(0x000000ed10800000,0x000000ed10900000)]

Other Threads:
=>0x000002afb0468b10 VMThread "VM Thread" [stack: 0x000000ed0fc00000,0x000000ed0fd00000] [id=13984]
  0x000002af9080cd00 WatcherThread "VM Periodic Task Thread" [stack: 0x000000ed10900000,0x000000ed10a00000] [id=19372]
  0x000002af90868410 WorkerThread "GC Thread#0" [stack: 0x000000ed0f700000,0x000000ed0f800000] [id=24416]
  0x000002afb5045670 WorkerThread "GC Thread#1" [stack: 0x000000ed10a00000,0x000000ed10b00000] [id=28560]
  0x000002afb50ae250 WorkerThread "GC Thread#2" [stack: 0x000000ed10b00000,0x000000ed10c00000] [id=28228]
  0x000002afb50ae520 WorkerThread "GC Thread#3" [stack: 0x000000ed10c00000,0x000000ed10d00000] [id=23632]
  0x000002af9087a940 ConcurrentGCThread "G1 Main Marker" [stack: 0x000000ed0f800000,0x000000ed0f900000] [id=13916]
  0x000002af9087ba20 WorkerThread "G1 Conc#0" [stack: 0x000000ed0f900000,0x000000ed0fa00000] [id=28288]
  0x000002afb03210b0 ConcurrentGCThread "G1 Refine#0" [stack: 0x000000ed0fa00000,0x000000ed0fb00000] [id=28264]
  0x000002afb0321b00 ConcurrentGCThread "G1 Service" [stack: 0x000000ed0fb00000,0x000000ed0fc00000] [id=18688]

Threads with active compile tasks:
C2 CompilerThread0     2337 1389       4       geometries.Cylinder::getNormal (83 bytes)

VM state: at safepoint (normal execution)

VM Mutex/Monitor currently owned by a thread:  ([mutex/lock_event])
[0x000002af9080b0e0] Threads_lock - owner thread: 0x000002afb0468b10
[0x000002af908098b0] Heap_lock - owner thread: 0x000002af9080bed0

Heap address: 0x0000000085800000, size: 1960 MB, Compressed Oops mode: 32-bit

CDS archive(s) mapped at: [0x0000000800000000-0x0000000800c40000-0x0000000800c40000), size 12845056, SharedBaseAddress: 0x0000000800000000, ArchiveRelocationMode: 0.
Compressed class space mapped at: 0x0000000801000000-0x0000000841000000, reserved size: 1073741824
Narrow klass base: 0x0000000800000000, Narrow klass shift: 0, Narrow klass range: 0x100000000

GC Precious Log:
 CardTable entry size: 512
 Card Set container configuration: InlinePtr #cards 5 size 8 Array Of Cards #cards 12 size 40 Howl #buckets 4 coarsen threshold 1843 Howl Bitmap #cards 512 size 80 coarsen threshold 460 Card regions per heap region 1 cards per card region 2048
 CPUs: 4 total, 4 available
 Memory: 7834M
 Large Page Support: Disabled
 NUMA Support: Disabled
 Compressed Oops: Enabled (32-bit)
 Heap Region Size: 1M
 Heap Min Capacity: 8M
 Heap Initial Capacity: 124M
 Heap Max Capacity: 1960M
 Pre-touch: Disabled
 Parallel Workers: 4
 Concurrent Workers: 1
 Concurrent Refinement Workers: 4
 Periodic GC: Disabled

Heap:
 garbage-first heap   total 264192K, used 4821K [0x0000000085800000, 0x0000000100000000)
  region size 1024K, 1 young (1024K), 1 survivors (1024K)
 Metaspace       used 5546K, committed 5760K, reserved 1114112K
  class space    used 668K, committed 768K, reserved 1048576K

Heap Regions: E=young(eden), S=young(survivor), O=old, HS=humongous(starts), HC=humongous(continues), CS=collection set, F=free, OA=open archive, CA=closed archive, TAMS=top-at-mark-start (previous, next)
|   0|0x0000000085800000, 0x0000000085900000, 0x0000000085900000|100%|HS|  |TAMS 0x0000000085800000, 0x0000000085800000| Complete 
|   1|0x0000000085900000, 0x0000000085a00000, 0x0000000085a00000|100%|HC|  |TAMS 0x0000000085900000, 0x0000000085900000| Complete 
|   2|0x0000000085a00000, 0x0000000085b00000, 0x0000000085b00000|100%| O|  |TAMS 0x0000000085a00000, 0x0000000085a00000| Untracked 
|   3|0x0000000085b00000, 0x0000000085c00000, 0x0000000085c00000|100%| O|  |TAMS 0x0000000085b00000, 0x0000000085b00000| Untracked 
|   4|0x0000000085c00000, 0x0000000085cb3400, 0x0000000085d00000| 70%| O|  |TAMS 0x0000000085c00000, 0x0000000085c00000| Untracked 
|   5|0x0000000085d00000, 0x0000000085d00000, 0x0000000085e00000|  0%| F|  |TAMS 0x0000000085d00000, 0x0000000085d00000| Untracked 
|   6|0x0000000085e00000, 0x0000000085e00000, 0x0000000085f00000|  0%| F|  |TAMS 0x0000000085e00000, 0x0000000085e00000| Untracked 
|   7|0x0000000085f00000, 0x0000000085f00000, 0x0000000086000000|  0%| F|  |TAMS 0x0000000085f00000, 0x0000000085f00000| Untracked 
|   8|0x0000000086000000, 0x0000000086000000, 0x0000000086100000|  0%| F|  |TAMS 0x0000000086000000, 0x0000000086000000| Untracked 
|   9|0x0000000086100000, 0x0000000086100000, 0x0000000086200000|  0%| F|  |TAMS 0x0000000086100000, 0x0000000086100000| Untracked 
|  10|0x0000000086200000, 0x0000000086200000, 0x0000000086300000|  0%| F|  |TAMS 0x0000000086200000, 0x0000000086200000| Untracked 
|  11|0x0000000086300000, 0x0000000086300000, 0x0000000086400000|  0%| F|  |TAMS 0x0000000086300000, 0x0000000086300000| Untracked 
|  12|0x0000000086400000, 0x0000000086400000, 0x0000000086500000|  0%| F|  |TAMS 0x0000000086400000, 0x0000000086400000| Untracked 
|  13|0x0000000086500000, 0x0000000086500000, 0x0000000086600000|  0%| F|  |TAMS 0x0000000086500000, 0x0000000086500000| Untracked 
|  14|0x0000000086600000, 0x0000000086600000, 0x0000000086700000|  0%| F|  |TAMS 0x0000000086600000, 0x0000000086600000| Untracked 
|  15|0x0000000086700000, 0x0000000086700000, 0x0000000086800000|  0%| F|  |TAMS 0x0000000086700000, 0x0000000086700000| Untracked 
|  16|0x0000000086800000, 0x0000000086800000, 0x0000000086900000|  0%| F|  |TAMS 0x0000000086800000, 0x0000000086800000| Untracked 
|  17|0x0000000086900000, 0x0000000086900000, 0x0000000086a00000|  0%| F|  |TAMS 0x0000000086900000, 0x0000000086900000| Untracked 
|  18|0x0000000086a00000, 0x0000000086a00000, 0x0000000086b00000|  0%| F|  |TAMS 0x0000000086a00000, 0x0000000086a00000| Untracked 
|  19|0x0000000086b00000, 0x0000000086b00000, 0x0000000086c00000|  0%| F|  |TAMS 0x0000000086b00000, 0x0000000086b00000| Untracked 
|  20|0x0000000086c00000, 0x0000000086c00000, 0x0000000086d00000|  0%| F|  |TAMS 0x0000000086c00000, 0x0000000086c00000| Untracked 
|  21|0x0000000086d00000, 0x0000000086d00000, 0x0000000086e00000|  0%| F|  |TAMS 0x0000000086d00000, 0x0000000086d00000| Untracked 
|  22|0x0000000086e00000, 0x0000000086e00000, 0x0000000086f00000|  0%| F|  |TAMS 0x0000000086e00000, 0x0000000086e00000| Untracked 
|  23|0x0000000086f00000, 0x0000000086f00000, 0x0000000087000000|  0%| F|  |TAMS 0x0000000086f00000, 0x0000000086f00000| Untracked 
|  24|0x0000000087000000, 0x0000000087000000, 0x0000000087100000|  0%| F|  |TAMS 0x0000000087000000, 0x0000000087000000| Untracked 
|  25|0x0000000087100000, 0x0000000087100000, 0x0000000087200000|  0%| F|  |TAMS 0x0000000087100000, 0x0000000087100000| Untracked 
|  26|0x0000000087200000, 0x0000000087200000, 0x0000000087300000|  0%| F|  |TAMS 0x0000000087200000, 0x0000000087200000| Untracked 
|  27|0x0000000087300000, 0x0000000087300000, 0x0000000087400000|  0%| F|  |TAMS 0x0000000087300000, 0x0000000087300000| Untracked 
|  28|0x0000000087400000, 0x0000000087400000, 0x0000000087500000|  0%| F|  |TAMS 0x0000000087400000, 0x0000000087400000| Untracked 
|  29|0x0000000087500000, 0x0000000087500000, 0x0000000087600000|  0%| F|  |TAMS 0x0000000087500000, 0x0000000087500000| Untracked 
|  30|0x0000000087600000, 0x0000000087600000, 0x0000000087700000|  0%| F|  |TAMS 0x0000000087600000, 0x0000000087600000| Untracked 
|  31|0x0000000087700000, 0x0000000087700000, 0x0000000087800000|  0%| F|  |TAMS 0x0000000087700000, 0x0000000087700000| Untracked 
|  32|0x0000000087800000, 0x0000000087800000, 0x0000000087900000|  0%| F|  |TAMS 0x0000000087800000, 0x0000000087800000| Untracked 
|  33|0x0000000087900000, 0x0000000087900000, 0x0000000087a00000|  0%| F|  |TAMS 0x0000000087900000, 0x0000000087900000| Untracked 
|  34|0x0000000087a00000, 0x0000000087a00000, 0x0000000087b00000|  0%| F|  |TAMS 0x0000000087a00000, 0x0000000087a00000| Untracked 
|  35|0x0000000087b00000, 0x0000000087b00000, 0x0000000087c00000|  0%| F|  |TAMS 0x0000000087b00000, 0x0000000087b00000| Untracked 
|  36|0x0000000087c00000, 0x0000000087c00000, 0x0000000087d00000|  0%| F|  |TAMS 0x0000000087c00000, 0x0000000087c00000| Untracked 
|  37|0x0000000087d00000, 0x0000000087d00000, 0x0000000087e00000|  0%| F|  |TAMS 0x0000000087d00000, 0x0000000087d00000| Untracked 
|  38|0x0000000087e00000, 0x0000000087e00000, 0x0000000087f00000|  0%| F|  |TAMS 0x0000000087e00000, 0x0000000087e00000| Untracked 
|  39|0x0000000087f00000, 0x0000000087f00000, 0x0000000088000000|  0%| F|  |TAMS 0x0000000087f00000, 0x0000000087f00000| Untracked 
|  40|0x0000000088000000, 0x0000000088000000, 0x0000000088100000|  0%| F|  |TAMS 0x0000000088000000, 0x0000000088000000| Untracked 
|  41|0x0000000088100000, 0x0000000088100000, 0x0000000088200000|  0%| F|  |TAMS 0x0000000088100000, 0x0000000088100000| Untracked 
|  42|0x0000000088200000, 0x0000000088200000, 0x0000000088300000|  0%| F|  |TAMS 0x0000000088200000, 0x0000000088200000| Untracked 
|  43|0x0000000088300000, 0x0000000088300000, 0x0000000088400000|  0%| F|  |TAMS 0x0000000088300000, 0x0000000088300000| Untracked 
|  44|0x0000000088400000, 0x0000000088400000, 0x0000000088500000|  0%| F|  |TAMS 0x0000000088400000, 0x0000000088400000| Untracked 
|  45|0x0000000088500000, 0x0000000088500000, 0x0000000088600000|  0%| F|  |TAMS 0x0000000088500000, 0x0000000088500000| Untracked 
|  46|0x0000000088600000, 0x0000000088600000, 0x0000000088700000|  0%| F|  |TAMS 0x0000000088600000, 0x0000000088600000| Untracked 
|  47|0x0000000088700000, 0x0000000088700000, 0x0000000088800000|  0%| F|  |TAMS 0x0000000088700000, 0x0000000088700000| Untracked 
|  48|0x0000000088800000, 0x0000000088800000, 0x0000000088900000|  0%| F|  |TAMS 0x0000000088800000, 0x0000000088800000| Untracked 
|  49|0x0000000088900000, 0x0000000088900000, 0x0000000088a00000|  0%| F|  |TAMS 0x0000000088900000, 0x0000000088900000| Untracked 
|  50|0x0000000088a00000, 0x0000000088a00000, 0x0000000088b00000|  0%| F|  |TAMS 0x0000000088a00000, 0x0000000088a00000| Untracked 
|  51|0x0000000088b00000, 0x0000000088b00000, 0x0000000088c00000|  0%| F|  |TAMS 0x0000000088b00000, 0x0000000088b00000| Untracked 
|  52|0x0000000088c00000, 0x0000000088c00000, 0x0000000088d00000|  0%| F|  |TAMS 0x0000000088c00000, 0x0000000088c00000| Untracked 
|  53|0x0000000088d00000, 0x0000000088d00000, 0x0000000088e00000|  0%| F|  |TAMS 0x0000000088d00000, 0x0000000088d00000| Untracked 
|  54|0x0000000088e00000, 0x0000000088e00000, 0x0000000088f00000|  0%| F|  |TAMS 0x0000000088e00000, 0x0000000088e00000| Untracked 
|  55|0x0000000088f00000, 0x0000000088f00000, 0x0000000089000000|  0%| F|  |TAMS 0x0000000088f00000, 0x0000000088f00000| Untracked 
|  56|0x0000000089000000, 0x0000000089000000, 0x0000000089100000|  0%| F|  |TAMS 0x0000000089000000, 0x0000000089000000| Untracked 
|  57|0x0000000089100000, 0x0000000089100000, 0x0000000089200000|  0%| F|  |TAMS 0x0000000089100000, 0x0000000089100000| Untracked 
|  58|0x0000000089200000, 0x0000000089200000, 0x0000000089300000|  0%| F|  |TAMS 0x0000000089200000, 0x0000000089200000| Untracked 
|  59|0x0000000089300000, 0x0000000089300000, 0x0000000089400000|  0%| F|  |TAMS 0x0000000089300000, 0x0000000089300000| Untracked 
|  60|0x0000000089400000, 0x0000000089400000, 0x0000000089500000|  0%| F|  |TAMS 0x0000000089400000, 0x0000000089400000| Untracked 
|  61|0x0000000089500000, 0x0000000089500000, 0x0000000089600000|  0%| F|  |TAMS 0x0000000089500000, 0x0000000089500000| Untracked 
|  62|0x0000000089600000, 0x0000000089600000, 0x0000000089700000|  0%| F|  |TAMS 0x0000000089600000, 0x0000000089600000| Untracked 
|  63|0x0000000089700000, 0x0000000089700000, 0x0000000089800000|  0%| F|  |TAMS 0x0000000089700000, 0x0000000089700000| Untracked 
|  64|0x0000000089800000, 0x0000000089800000, 0x0000000089900000|  0%| F|  |TAMS 0x0000000089800000, 0x0000000089800000| Untracked 
|  65|0x0000000089900000, 0x0000000089900000, 0x0000000089a00000|  0%| F|  |TAMS 0x0000000089900000, 0x0000000089900000| Untracked 
|  66|0x0000000089a00000, 0x0000000089a00000, 0x0000000089b00000|  0%| F|  |TAMS 0x0000000089a00000, 0x0000000089a00000| Untracked 
|  67|0x0000000089b00000, 0x0000000089b00000, 0x0000000089c00000|  0%| F|  |TAMS 0x0000000089b00000, 0x0000000089b00000| Untracked 
|  68|0x0000000089c00000, 0x0000000089c00000, 0x0000000089d00000|  0%| F|  |TAMS 0x0000000089c00000, 0x0000000089c00000| Untracked 
|  69|0x0000000089d00000, 0x0000000089d00000, 0x0000000089e00000|  0%| F|  |TAMS 0x0000000089d00000, 0x0000000089d00000| Untracked 
|  70|0x0000000089e00000, 0x0000000089e00000, 0x0000000089f00000|  0%| F|  |TAMS 0x0000000089e00000, 0x0000000089e00000| Untracked 
|  71|0x0000000089f00000, 0x0000000089f00000, 0x000000008a000000|  0%| F|  |TAMS 0x0000000089f00000, 0x0000000089f00000| Untracked 
|  72|0x000000008a000000, 0x000000008a000000, 0x000000008a100000|  0%| F|  |TAMS 0x000000008a000000, 0x000000008a000000| Untracked 
|  73|0x000000008a100000, 0x000000008a100000, 0x000000008a200000|  0%| F|  |TAMS 0x000000008a100000, 0x000000008a100000| Untracked 
|  74|0x000000008a200000, 0x000000008a200000, 0x000000008a300000|  0%| F|  |TAMS 0x000000008a200000, 0x000000008a200000| Untracked 
|  75|0x000000008a300000, 0x000000008a300000, 0x000000008a400000|  0%| F|  |TAMS 0x000000008a300000, 0x000000008a300000| Untracked 
|  76|0x000000008a400000, 0x000000008a400000, 0x000000008a500000|  0%| F|  |TAMS 0x000000008a400000, 0x000000008a400000| Untracked 
|  77|0x000000008a500000, 0x000000008a500000, 0x000000008a600000|  0%| F|  |TAMS 0x000000008a500000, 0x000000008a500000| Untracked 
|  78|0x000000008a600000, 0x000000008a600000, 0x000000008a700000|  0%| F|  |TAMS 0x000000008a600000, 0x000000008a600000| Untracked 
|  79|0x000000008a700000, 0x000000008a700000, 0x000000008a800000|  0%| F|  |TAMS 0x000000008a700000, 0x000000008a700000| Untracked 
|  80|0x000000008a800000, 0x000000008a800000, 0x000000008a900000|  0%| F|  |TAMS 0x000000008a800000, 0x000000008a800000| Untracked 
|  81|0x000000008a900000, 0x000000008a900000, 0x000000008aa00000|  0%| F|  |TAMS 0x000000008a900000, 0x000000008a900000| Untracked 
|  82|0x000000008aa00000, 0x000000008aa00000, 0x000000008ab00000|  0%| F|  |TAMS 0x000000008aa00000, 0x000000008aa00000| Untracked 
|  83|0x000000008ab00000, 0x000000008ab00000, 0x000000008ac00000|  0%| F|  |TAMS 0x000000008ab00000, 0x000000008ab00000| Untracked 
|  84|0x000000008ac00000, 0x000000008ac00000, 0x000000008ad00000|  0%| F|  |TAMS 0x000000008ac00000, 0x000000008ac00000| Untracked 
|  85|0x000000008ad00000, 0x000000008ad00000, 0x000000008ae00000|  0%| F|  |TAMS 0x000000008ad00000, 0x000000008ad00000| Untracked 
|  86|0x000000008ae00000, 0x000000008ae00000, 0x000000008af00000|  0%| F|  |TAMS 0x000000008ae00000, 0x000000008ae00000| Untracked 
|  87|0x000000008af00000, 0x000000008af00000, 0x000000008b000000|  0%| F|  |TAMS 0x000000008af00000, 0x000000008af00000| Untracked 
|  88|0x000000008b000000, 0x000000008b000000, 0x000000008b100000|  0%| F|  |TAMS 0x000000008b000000, 0x000000008b000000| Untracked 
|  89|0x000000008b100000, 0x000000008b100000, 0x000000008b200000|  0%| F|  |TAMS 0x000000008b100000, 0x000000008b100000| Untracked 
|  90|0x000000008b200000, 0x000000008b200000, 0x000000008b300000|  0%| F|  |TAMS 0x000000008b200000, 0x000000008b200000| Untracked 
|  91|0x000000008b300000, 0x000000008b300000, 0x000000008b400000|  0%| F|  |TAMS 0x000000008b300000, 0x000000008b300000| Untracked 
|  92|0x000000008b400000, 0x000000008b400000, 0x000000008b500000|  0%| F|  |TAMS 0x000000008b400000, 0x000000008b400000| Untracked 
|  93|0x000000008b500000, 0x000000008b500000, 0x000000008b600000|  0%| F|  |TAMS 0x000000008b500000, 0x000000008b500000| Untracked 
|  94|0x000000008b600000, 0x000000008b600000, 0x000000008b700000|  0%| F|  |TAMS 0x000000008b600000, 0x000000008b600000| Untracked 
|  95|0x000000008b700000, 0x000000008b700000, 0x000000008b800000|  0%| F|  |TAMS 0x000000008b700000, 0x000000008b700000| Untracked 
|  96|0x000000008b800000, 0x000000008b800000, 0x000000008b900000|  0%| F|  |TAMS 0x000000008b800000, 0x000000008b800000| Untracked 
|  97|0x000000008b900000, 0x000000008b900000, 0x000000008ba00000|  0%| F|  |TAMS 0x000000008b900000, 0x000000008b900000| Untracked 
|  98|0x000000008ba00000, 0x000000008ba00000, 0x000000008bb00000|  0%| F|  |TAMS 0x000000008ba00000, 0x000000008ba00000| Untracked 
|  99|0x000000008bb00000, 0x000000008bb00000, 0x000000008bc00000|  0%| F|  |TAMS 0x000000008bb00000, 0x000000008bb00000| Untracked 
| 100|0x000000008bc00000, 0x000000008bc00000, 0x000000008bd00000|  0%| F|  |TAMS 0x000000008bc00000, 0x000000008bc00000| Untracked 
| 101|0x000000008bd00000, 0x000000008bd00000, 0x000000008be00000|  0%| F|  |TAMS 0x000000008bd00000, 0x000000008bd00000| Untracked 
| 102|0x000000008be00000, 0x000000008be00000, 0x000000008bf00000|  0%| F|  |TAMS 0x000000008be00000, 0x000000008be00000| Untracked 
| 103|0x000000008bf00000, 0x000000008bf02040, 0x000000008c000000|  0%| S|CS|TAMS 0x000000008bf00000, 0x000000008bf00000| Complete 
| 104|0x000000008c000000, 0x000000008c000000, 0x000000008c100000|  0%| F|  |TAMS 0x000000008c000000, 0x000000008c000000| Untracked 
| 105|0x000000008c100000, 0x000000008c100000, 0x000000008c200000|  0%| F|  |TAMS 0x000000008c100000, 0x000000008c100000| Untracked 
| 106|0x000000008c200000, 0x000000008c200000, 0x000000008c300000|  0%| F|  |TAMS 0x000000008c200000, 0x000000008c200000| Untracked 
| 107|0x000000008c300000, 0x000000008c300000, 0x000000008c400000|  0%| F|  |TAMS 0x000000008c300000, 0x000000008c300000| Untracked 
| 108|0x000000008c400000, 0x000000008c400000, 0x000000008c500000|  0%| F|  |TAMS 0x000000008c400000, 0x000000008c400000| Untracked 
| 109|0x000000008c500000, 0x000000008c500000, 0x000000008c600000|  0%| F|  |TAMS 0x000000008c500000, 0x000000008c500000| Untracked 
| 110|0x000000008c600000, 0x000000008c600000, 0x000000008c700000|  0%| F|  |TAMS 0x000000008c600000, 0x000000008c600000| Untracked 
| 111|0x000000008c700000, 0x000000008c700000, 0x000000008c800000|  0%| F|  |TAMS 0x000000008c700000, 0x000000008c700000| Untracked 
| 112|0x000000008c800000, 0x000000008c800000, 0x000000008c900000|  0%| F|  |TAMS 0x000000008c800000, 0x000000008c800000| Untracked 
| 113|0x000000008c900000, 0x000000008c900000, 0x000000008ca00000|  0%| F|  |TAMS 0x000000008c900000, 0x000000008c900000| Untracked 
| 114|0x000000008ca00000, 0x000000008ca00000, 0x000000008cb00000|  0%| F|  |TAMS 0x000000008ca00000, 0x000000008ca00000| Untracked 
| 115|0x000000008cb00000, 0x000000008cb00000, 0x000000008cc00000|  0%| F|  |TAMS 0x000000008cb00000, 0x000000008cb00000| Untracked 
| 116|0x000000008cc00000, 0x000000008cc00000, 0x000000008cd00000|  0%| F|  |TAMS 0x000000008cc00000, 0x000000008cc00000| Untracked 
| 117|0x000000008cd00000, 0x000000008cd00000, 0x000000008ce00000|  0%| F|  |TAMS 0x000000008cd00000, 0x000000008cd00000| Untracked 
| 118|0x000000008ce00000, 0x000000008ce00000, 0x000000008cf00000|  0%| F|  |TAMS 0x000000008ce00000, 0x000000008ce00000| Untracked 
| 119|0x000000008cf00000, 0x000000008cf00000, 0x000000008d000000|  0%| F|  |TAMS 0x000000008cf00000, 0x000000008cf00000| Untracked 
| 120|0x000000008d000000, 0x000000008d000000, 0x000000008d100000|  0%| F|  |TAMS 0x000000008d000000, 0x000000008d000000| Untracked 
| 121|0x000000008d100000, 0x000000008d100000, 0x000000008d200000|  0%| F|  |TAMS 0x000000008d100000, 0x000000008d100000| Untracked 
| 122|0x000000008d200000, 0x000000008d200000, 0x000000008d300000|  0%| F|  |TAMS 0x000000008d200000, 0x000000008d200000| Untracked 
| 123|0x000000008d300000, 0x000000008d300000, 0x000000008d400000|  0%| F|  |TAMS 0x000000008d300000, 0x000000008d300000| Untracked 
| 124|0x000000008d400000, 0x000000008d400000, 0x000000008d500000|  0%| F|  |TAMS 0x000000008d400000, 0x000000008d400000| Untracked 
| 125|0x000000008d500000, 0x000000008d500000, 0x000000008d600000|  0%| F|  |TAMS 0x000000008d500000, 0x000000008d500000| Untracked 
| 126|0x000000008d600000, 0x000000008d600000, 0x000000008d700000|  0%| F|  |TAMS 0x000000008d600000, 0x000000008d600000| Untracked 
| 127|0x000000008d700000, 0x000000008d700000, 0x000000008d800000|  0%| F|  |TAMS 0x000000008d700000, 0x000000008d700000| Untracked 
| 128|0x000000008d800000, 0x000000008d800000, 0x000000008d900000|  0%| F|  |TAMS 0x000000008d800000, 0x000000008d800000| Untracked 
| 129|0x000000008d900000, 0x000000008d900000, 0x000000008da00000|  0%| F|  |TAMS 0x000000008d900000, 0x000000008d900000| Untracked 
| 130|0x000000008da00000, 0x000000008da00000, 0x000000008db00000|  0%| F|  |TAMS 0x000000008da00000, 0x000000008da00000| Untracked 
| 131|0x000000008db00000, 0x000000008db00000, 0x000000008dc00000|  0%| F|  |TAMS 0x000000008db00000, 0x000000008db00000| Untracked 
| 132|0x000000008dc00000, 0x000000008dc00000, 0x000000008dd00000|  0%| F|  |TAMS 0x000000008dc00000, 0x000000008dc00000| Untracked 
| 133|0x000000008dd00000, 0x000000008dd00000, 0x000000008de00000|  0%| F|  |TAMS 0x000000008dd00000, 0x000000008dd00000| Untracked 
| 134|0x000000008de00000, 0x000000008de00000, 0x000000008df00000|  0%| F|  |TAMS 0x000000008de00000, 0x000000008de00000| Untracked 
| 135|0x000000008df00000, 0x000000008df00000, 0x000000008e000000|  0%| F|  |TAMS 0x000000008df00000, 0x000000008df00000| Untracked 
| 136|0x000000008e000000, 0x000000008e000000, 0x000000008e100000|  0%| F|  |TAMS 0x000000008e000000, 0x000000008e000000| Untracked 
| 137|0x000000008e100000, 0x000000008e100000, 0x000000008e200000|  0%| F|  |TAMS 0x000000008e100000, 0x000000008e100000| Untracked 
| 138|0x000000008e200000, 0x000000008e200000, 0x000000008e300000|  0%| F|  |TAMS 0x000000008e200000, 0x000000008e200000| Untracked 
| 139|0x000000008e300000, 0x000000008e300000, 0x000000008e400000|  0%| F|  |TAMS 0x000000008e300000, 0x000000008e300000| Untracked 
| 140|0x000000008e400000, 0x000000008e400000, 0x000000008e500000|  0%| F|  |TAMS 0x000000008e400000, 0x000000008e400000| Untracked 
| 141|0x000000008e500000, 0x000000008e500000, 0x000000008e600000|  0%| F|  |TAMS 0x000000008e500000, 0x000000008e500000| Untracked 
| 142|0x000000008e600000, 0x000000008e600000, 0x000000008e700000|  0%| F|  |TAMS 0x000000008e600000, 0x000000008e600000| Untracked 
| 143|0x000000008e700000, 0x000000008e700000, 0x000000008e800000|  0%| F|  |TAMS 0x000000008e700000, 0x000000008e700000| Untracked 
| 144|0x000000008e800000, 0x000000008e800000, 0x000000008e900000|  0%| F|  |TAMS 0x000000008e800000, 0x000000008e800000| Untracked 
| 145|0x000000008e900000, 0x000000008e900000, 0x000000008ea00000|  0%| F|  |TAMS 0x000000008e900000, 0x000000008e900000| Untracked 
| 146|0x000000008ea00000, 0x000000008ea00000, 0x000000008eb00000|  0%| F|  |TAMS 0x000000008ea00000, 0x000000008ea00000| Untracked 
| 147|0x000000008eb00000, 0x000000008eb00000, 0x000000008ec00000|  0%| F|  |TAMS 0x000000008eb00000, 0x000000008eb00000| Untracked 
| 148|0x000000008ec00000, 0x000000008ec00000, 0x000000008ed00000|  0%| F|  |TAMS 0x000000008ec00000, 0x000000008ec00000| Untracked 
| 149|0x000000008ed00000, 0x000000008ed00000, 0x000000008ee00000|  0%| F|  |TAMS 0x000000008ed00000, 0x000000008ed00000| Untracked 
| 150|0x000000008ee00000, 0x000000008ee00000, 0x000000008ef00000|  0%| F|  |TAMS 0x000000008ee00000, 0x000000008ee00000| Untracked 
| 151|0x000000008ef00000, 0x000000008ef00000, 0x000000008f000000|  0%| F|  |TAMS 0x000000008ef00000, 0x000000008ef00000| Untracked 
| 152|0x000000008f000000, 0x000000008f000000, 0x000000008f100000|  0%| F|  |TAMS 0x000000008f000000, 0x000000008f000000| Untracked 
| 153|0x000000008f100000, 0x000000008f100000, 0x000000008f200000|  0%| F|  |TAMS 0x000000008f100000, 0x000000008f100000| Untracked 
| 154|0x000000008f200000, 0x000000008f200000, 0x000000008f300000|  0%| F|  |TAMS 0x000000008f200000, 0x000000008f200000| Untracked 
| 155|0x000000008f300000, 0x000000008f300000, 0x000000008f400000|  0%| F|  |TAMS 0x000000008f300000, 0x000000008f300000| Untracked 
| 156|0x000000008f400000, 0x000000008f400000, 0x000000008f500000|  0%| F|  |TAMS 0x000000008f400000, 0x000000008f400000| Untracked 
| 157|0x000000008f500000, 0x000000008f500000, 0x000000008f600000|  0%| F|  |TAMS 0x000000008f500000, 0x000000008f500000| Untracked 
| 158|0x000000008f600000, 0x000000008f600000, 0x000000008f700000|  0%| F|  |TAMS 0x000000008f600000, 0x000000008f600000| Untracked 
| 159|0x000000008f700000, 0x000000008f700000, 0x000000008f800000|  0%| F|  |TAMS 0x000000008f700000, 0x000000008f700000| Untracked 
| 160|0x000000008f800000, 0x000000008f800000, 0x000000008f900000|  0%| F|  |TAMS 0x000000008f800000, 0x000000008f800000| Untracked 
| 161|0x000000008f900000, 0x000000008f900000, 0x000000008fa00000|  0%| F|  |TAMS 0x000000008f900000, 0x000000008f900000| Untracked 
| 162|0x000000008fa00000, 0x000000008fa00000, 0x000000008fb00000|  0%| F|  |TAMS 0x000000008fa00000, 0x000000008fa00000| Untracked 
| 163|0x000000008fb00000, 0x000000008fb00000, 0x000000008fc00000|  0%| F|  |TAMS 0x000000008fb00000, 0x000000008fb00000| Untracked 
| 164|0x000000008fc00000, 0x000000008fc00000, 0x000000008fd00000|  0%| F|  |TAMS 0x000000008fc00000, 0x000000008fc00000| Untracked 
| 165|0x000000008fd00000, 0x000000008fd00000, 0x000000008fe00000|  0%| F|  |TAMS 0x000000008fd00000, 0x000000008fd00000| Untracked 
| 166|0x000000008fe00000, 0x000000008fe00000, 0x000000008ff00000|  0%| F|  |TAMS 0x000000008fe00000, 0x000000008fe00000| Untracked 
| 167|0x000000008ff00000, 0x000000008ff00000, 0x0000000090000000|  0%| F|  |TAMS 0x000000008ff00000, 0x000000008ff00000| Untracked 
| 168|0x0000000090000000, 0x0000000090000000, 0x0000000090100000|  0%| F|  |TAMS 0x0000000090000000, 0x0000000090000000| Untracked 
| 169|0x0000000090100000, 0x0000000090100000, 0x0000000090200000|  0%| F|  |TAMS 0x0000000090100000, 0x0000000090100000| Untracked 
| 170|0x0000000090200000, 0x0000000090200000, 0x0000000090300000|  0%| F|  |TAMS 0x0000000090200000, 0x0000000090200000| Untracked 
| 171|0x0000000090300000, 0x0000000090300000, 0x0000000090400000|  0%| F|  |TAMS 0x0000000090300000, 0x0000000090300000| Untracked 
| 172|0x0000000090400000, 0x0000000090400000, 0x0000000090500000|  0%| F|  |TAMS 0x0000000090400000, 0x0000000090400000| Untracked 
| 173|0x0000000090500000, 0x0000000090500000, 0x0000000090600000|  0%| F|  |TAMS 0x0000000090500000, 0x0000000090500000| Untracked 
| 174|0x0000000090600000, 0x0000000090600000, 0x0000000090700000|  0%| F|  |TAMS 0x0000000090600000, 0x0000000090600000| Untracked 
| 175|0x0000000090700000, 0x0000000090700000, 0x0000000090800000|  0%| F|  |TAMS 0x0000000090700000, 0x0000000090700000| Untracked 
| 176|0x0000000090800000, 0x0000000090800000, 0x0000000090900000|  0%| F|  |TAMS 0x0000000090800000, 0x0000000090800000| Untracked 
| 177|0x0000000090900000, 0x0000000090900000, 0x0000000090a00000|  0%| F|  |TAMS 0x0000000090900000, 0x0000000090900000| Untracked 
| 178|0x0000000090a00000, 0x0000000090a00000, 0x0000000090b00000|  0%| F|  |TAMS 0x0000000090a00000, 0x0000000090a00000| Untracked 
| 179|0x0000000090b00000, 0x0000000090b00000, 0x0000000090c00000|  0%| F|  |TAMS 0x0000000090b00000, 0x0000000090b00000| Untracked 
| 180|0x0000000090c00000, 0x0000000090c00000, 0x0000000090d00000|  0%| F|  |TAMS 0x0000000090c00000, 0x0000000090c00000| Untracked 
| 181|0x0000000090d00000, 0x0000000090d00000, 0x0000000090e00000|  0%| F|  |TAMS 0x0000000090d00000, 0x0000000090d00000| Untracked 
| 182|0x0000000090e00000, 0x0000000090e00000, 0x0000000090f00000|  0%| F|  |TAMS 0x0000000090e00000, 0x0000000090e00000| Untracked 
| 183|0x0000000090f00000, 0x0000000090f00000, 0x0000000091000000|  0%| F|  |TAMS 0x0000000090f00000, 0x0000000090f00000| Untracked 
| 184|0x0000000091000000, 0x0000000091000000, 0x0000000091100000|  0%| F|  |TAMS 0x0000000091000000, 0x0000000091000000| Untracked 
| 185|0x0000000091100000, 0x0000000091100000, 0x0000000091200000|  0%| F|  |TAMS 0x0000000091100000, 0x0000000091100000| Untracked 
| 186|0x0000000091200000, 0x0000000091200000, 0x0000000091300000|  0%| F|  |TAMS 0x0000000091200000, 0x0000000091200000| Untracked 
| 187|0x0000000091300000, 0x0000000091300000, 0x0000000091400000|  0%| F|  |TAMS 0x0000000091300000, 0x0000000091300000| Untracked 
| 188|0x0000000091400000, 0x0000000091400000, 0x0000000091500000|  0%| F|  |TAMS 0x0000000091400000, 0x0000000091400000| Untracked 
| 189|0x0000000091500000, 0x0000000091500000, 0x0000000091600000|  0%| F|  |TAMS 0x0000000091500000, 0x0000000091500000| Untracked 
| 190|0x0000000091600000, 0x0000000091600000, 0x0000000091700000|  0%| F|  |TAMS 0x0000000091600000, 0x0000000091600000| Untracked 
| 191|0x0000000091700000, 0x0000000091700000, 0x0000000091800000|  0%| F|  |TAMS 0x0000000091700000, 0x0000000091700000| Untracked 
| 192|0x0000000091800000, 0x0000000091800000, 0x0000000091900000|  0%| F|  |TAMS 0x0000000091800000, 0x0000000091800000| Untracked 
| 193|0x0000000091900000, 0x0000000091900000, 0x0000000091a00000|  0%| F|  |TAMS 0x0000000091900000, 0x0000000091900000| Untracked 
| 194|0x0000000091a00000, 0x0000000091a00000, 0x0000000091b00000|  0%| F|  |TAMS 0x0000000091a00000, 0x0000000091a00000| Untracked 
| 195|0x0000000091b00000, 0x0000000091b00000, 0x0000000091c00000|  0%| F|  |TAMS 0x0000000091b00000, 0x0000000091b00000| Untracked 
| 196|0x0000000091c00000, 0x0000000091c00000, 0x0000000091d00000|  0%| F|  |TAMS 0x0000000091c00000, 0x0000000091c00000| Untracked 
| 197|0x0000000091d00000, 0x0000000091d00000, 0x0000000091e00000|  0%| F|  |TAMS 0x0000000091d00000, 0x0000000091d00000| Untracked 
| 198|0x0000000091e00000, 0x0000000091e00000, 0x0000000091f00000|  0%| F|  |TAMS 0x0000000091e00000, 0x0000000091e00000| Untracked 
| 199|0x0000000091f00000, 0x0000000091f00000, 0x0000000092000000|  0%| F|  |TAMS 0x0000000091f00000, 0x0000000091f00000| Untracked 
| 200|0x0000000092000000, 0x0000000092000000, 0x0000000092100000|  0%| F|  |TAMS 0x0000000092000000, 0x0000000092000000| Untracked 
| 201|0x0000000092100000, 0x0000000092100000, 0x0000000092200000|  0%| F|  |TAMS 0x0000000092100000, 0x0000000092100000| Untracked 
| 202|0x0000000092200000, 0x0000000092200000, 0x0000000092300000|  0%| F|  |TAMS 0x0000000092200000, 0x0000000092200000| Untracked 
| 203|0x0000000092300000, 0x0000000092300000, 0x0000000092400000|  0%| F|  |TAMS 0x0000000092300000, 0x0000000092300000| Untracked 
| 204|0x0000000092400000, 0x0000000092400000, 0x0000000092500000|  0%| F|  |TAMS 0x0000000092400000, 0x0000000092400000| Untracked 
| 205|0x0000000092500000, 0x0000000092500000, 0x0000000092600000|  0%| F|  |TAMS 0x0000000092500000, 0x0000000092500000| Untracked 
| 206|0x0000000092600000, 0x0000000092600000, 0x0000000092700000|  0%| F|  |TAMS 0x0000000092600000, 0x0000000092600000| Untracked 
| 207|0x0000000092700000, 0x0000000092700000, 0x0000000092800000|  0%| F|  |TAMS 0x0000000092700000, 0x0000000092700000| Untracked 
| 208|0x0000000092800000, 0x0000000092800000, 0x0000000092900000|  0%| F|  |TAMS 0x0000000092800000, 0x0000000092800000| Untracked 
| 209|0x0000000092900000, 0x0000000092900000, 0x0000000092a00000|  0%| F|  |TAMS 0x0000000092900000, 0x0000000092900000| Untracked 
| 210|0x0000000092a00000, 0x0000000092a00000, 0x0000000092b00000|  0%| F|  |TAMS 0x0000000092a00000, 0x0000000092a00000| Untracked 
| 211|0x0000000092b00000, 0x0000000092b00000, 0x0000000092c00000|  0%| F|  |TAMS 0x0000000092b00000, 0x0000000092b00000| Untracked 
| 212|0x0000000092c00000, 0x0000000092c00000, 0x0000000092d00000|  0%| F|  |TAMS 0x0000000092c00000, 0x0000000092c00000| Untracked 
| 213|0x0000000092d00000, 0x0000000092d00000, 0x0000000092e00000|  0%| F|  |TAMS 0x0000000092d00000, 0x0000000092d00000| Untracked 
| 214|0x0000000092e00000, 0x0000000092e00000, 0x0000000092f00000|  0%| F|  |TAMS 0x0000000092e00000, 0x0000000092e00000| Untracked 
| 215|0x0000000092f00000, 0x0000000092f00000, 0x0000000093000000|  0%| F|  |TAMS 0x0000000092f00000, 0x0000000092f00000| Untracked 
| 216|0x0000000093000000, 0x0000000093000000, 0x0000000093100000|  0%| F|  |TAMS 0x0000000093000000, 0x0000000093000000| Untracked 
| 217|0x0000000093100000, 0x0000000093100000, 0x0000000093200000|  0%| F|  |TAMS 0x0000000093100000, 0x0000000093100000| Untracked 
| 218|0x0000000093200000, 0x0000000093200000, 0x0000000093300000|  0%| F|  |TAMS 0x0000000093200000, 0x0000000093200000| Untracked 
| 219|0x0000000093300000, 0x0000000093300000, 0x0000000093400000|  0%| F|  |TAMS 0x0000000093300000, 0x0000000093300000| Untracked 
| 220|0x0000000093400000, 0x0000000093400000, 0x0000000093500000|  0%| F|  |TAMS 0x0000000093400000, 0x0000000093400000| Untracked 
| 221|0x0000000093500000, 0x0000000093500000, 0x0000000093600000|  0%| F|  |TAMS 0x0000000093500000, 0x0000000093500000| Untracked 
| 222|0x0000000093600000, 0x0000000093600000, 0x0000000093700000|  0%| F|  |TAMS 0x0000000093600000, 0x0000000093600000| Untracked 
| 223|0x0000000093700000, 0x0000000093700000, 0x0000000093800000|  0%| F|  |TAMS 0x0000000093700000, 0x0000000093700000| Untracked 
| 224|0x0000000093800000, 0x0000000093800000, 0x0000000093900000|  0%| F|  |TAMS 0x0000000093800000, 0x0000000093800000| Untracked 
| 225|0x0000000093900000, 0x0000000093900000, 0x0000000093a00000|  0%| F|  |TAMS 0x0000000093900000, 0x0000000093900000| Untracked 
| 226|0x0000000093a00000, 0x0000000093a00000, 0x0000000093b00000|  0%| F|  |TAMS 0x0000000093a00000, 0x0000000093a00000| Untracked 
| 227|0x0000000093b00000, 0x0000000093b00000, 0x0000000093c00000|  0%| F|  |TAMS 0x0000000093b00000, 0x0000000093b00000| Untracked 
| 228|0x0000000093c00000, 0x0000000093c00000, 0x0000000093d00000|  0%| F|  |TAMS 0x0000000093c00000, 0x0000000093c00000| Untracked 
| 229|0x0000000093d00000, 0x0000000093d00000, 0x0000000093e00000|  0%| F|  |TAMS 0x0000000093d00000, 0x0000000093d00000| Untracked 
| 230|0x0000000093e00000, 0x0000000093e00000, 0x0000000093f00000|  0%| F|  |TAMS 0x0000000093e00000, 0x0000000093e00000| Untracked 
| 231|0x0000000093f00000, 0x0000000093f00000, 0x0000000094000000|  0%| F|  |TAMS 0x0000000093f00000, 0x0000000093f00000| Untracked 
| 232|0x0000000094000000, 0x0000000094000000, 0x0000000094100000|  0%| F|  |TAMS 0x0000000094000000, 0x0000000094000000| Untracked 
| 233|0x0000000094100000, 0x0000000094100000, 0x0000000094200000|  0%| F|  |TAMS 0x0000000094100000, 0x0000000094100000| Untracked 
| 234|0x0000000094200000, 0x0000000094200000, 0x0000000094300000|  0%| F|  |TAMS 0x0000000094200000, 0x0000000094200000| Untracked 
| 235|0x0000000094300000, 0x0000000094300000, 0x0000000094400000|  0%| F|  |TAMS 0x0000000094300000, 0x0000000094300000| Untracked 
| 236|0x0000000094400000, 0x0000000094400000, 0x0000000094500000|  0%| F|  |TAMS 0x0000000094400000, 0x0000000094400000| Untracked 
| 237|0x0000000094500000, 0x0000000094500000, 0x0000000094600000|  0%| F|  |TAMS 0x0000000094500000, 0x0000000094500000| Untracked 
| 238|0x0000000094600000, 0x0000000094600000, 0x0000000094700000|  0%| F|  |TAMS 0x0000000094600000, 0x0000000094600000| Untracked 
| 239|0x0000000094700000, 0x0000000094700000, 0x0000000094800000|  0%| F|  |TAMS 0x0000000094700000, 0x0000000094700000| Untracked 
| 240|0x0000000094800000, 0x0000000094800000, 0x0000000094900000|  0%| F|  |TAMS 0x0000000094800000, 0x0000000094800000| Untracked 
| 241|0x0000000094900000, 0x0000000094900000, 0x0000000094a00000|  0%| F|  |TAMS 0x0000000094900000, 0x0000000094900000| Untracked 
| 242|0x0000000094a00000, 0x0000000094a00000, 0x0000000094b00000|  0%| F|  |TAMS 0x0000000094a00000, 0x0000000094a00000| Untracked 
| 243|0x0000000094b00000, 0x0000000094b00000, 0x0000000094c00000|  0%| F|  |TAMS 0x0000000094b00000, 0x0000000094b00000| Untracked 
| 244|0x0000000094c00000, 0x0000000094c00000, 0x0000000094d00000|  0%| F|  |TAMS 0x0000000094c00000, 0x0000000094c00000| Untracked 
| 245|0x0000000094d00000, 0x0000000094d00000, 0x0000000094e00000|  0%| F|  |TAMS 0x0000000094d00000, 0x0000000094d00000| Untracked 
| 246|0x0000000094e00000, 0x0000000094e00000, 0x0000000094f00000|  0%| F|  |TAMS 0x0000000094e00000, 0x0000000094e00000| Untracked 
| 247|0x0000000094f00000, 0x0000000094f00000, 0x0000000095000000|  0%| F|  |TAMS 0x0000000094f00000, 0x0000000094f00000| Untracked 
| 248|0x0000000095000000, 0x0000000095000000, 0x0000000095100000|  0%| F|  |TAMS 0x0000000095000000, 0x0000000095000000| Untracked 
| 249|0x0000000095100000, 0x0000000095100000, 0x0000000095200000|  0%| F|  |TAMS 0x0000000095100000, 0x0000000095100000| Untracked 
| 250|0x0000000095200000, 0x0000000095200000, 0x0000000095300000|  0%| F|  |TAMS 0x0000000095200000, 0x0000000095200000| Untracked 
| 251|0x0000000095300000, 0x0000000095300000, 0x0000000095400000|  0%| F|  |TAMS 0x0000000095300000, 0x0000000095300000| Untracked 
| 252|0x0000000095400000, 0x0000000095400000, 0x0000000095500000|  0%| F|  |TAMS 0x0000000095400000, 0x0000000095400000| Untracked 
| 253|0x0000000095500000, 0x0000000095500000, 0x0000000095600000|  0%| F|  |TAMS 0x0000000095500000, 0x0000000095500000| Untracked 
| 254|0x0000000095600000, 0x0000000095600000, 0x0000000095700000|  0%| F|  |TAMS 0x0000000095600000, 0x0000000095600000| Untracked 
| 255|0x0000000095700000, 0x0000000095700000, 0x0000000095800000|  0%| F|  |TAMS 0x0000000095700000, 0x0000000095700000| Untracked 
| 256|0x0000000095800000, 0x0000000095800000, 0x0000000095900000|  0%| F|  |TAMS 0x0000000095800000, 0x0000000095800000| Untracked 
| 257|0x0000000095900000, 0x0000000095900000, 0x0000000095a00000|  0%| F|  |TAMS 0x0000000095900000, 0x0000000095900000| Untracked 

Card table byte_map: [0x000002afa9970000,0x000002afa9d50000] _byte_map_base: 0x000002afa9544000

Marking Bits (Prev, Next): (CMBitMap*) 0x000002af9086a970, (CMBitMap*) 0x000002af9086a9b0
 Prev Bits: [0x000002afaa130000, 0x000002afabfd0000)
 Next Bits: [0x000002afabfd0000, 0x000002afade70000)

Polling page: 0x000002af905f0000

Metaspace:

Usage:
  Non-class:      4.76 MB used.
      Class:    668.22 KB used.
       Both:      5.42 MB used.

Virtual space:
  Non-class space:       64.00 MB reserved,       4.88 MB (  8%) committed,  1 nodes.
      Class space:        1.00 GB reserved,     768.00 KB ( <1%) committed,  1 nodes.
             Both:        1.06 GB reserved,       5.62 MB ( <1%) committed. 

Chunk freelists:
   Non-Class:  2.07 MB
       Class:  3.06 MB
        Both:  5.13 MB

MaxMetaspaceSize: unlimited
CompressedClassSpaceSize: 1.00 GB
Initial GC threshold: 21.00 MB
Current GC threshold: 21.00 MB
CDS: on
MetaspaceReclaimPolicy: balanced
 - commit_granule_bytes: 65536.
 - commit_granule_words: 8192.
 - virtual_space_node_default_size: 8388608.
 - enlarge_chunks_in_place: 1.
 - new_chunks_are_fully_committed: 0.
 - uncommit_free_chunks: 1.
 - use_allocation_guard: 0.


Internal statistics:

num_allocs_failed_limit: 0.
num_arena_births: 156.
num_arena_deaths: 0.
num_vsnodes_births: 2.
num_vsnodes_deaths: 0.
num_space_committed: 90.
num_space_uncommitted: 0.
num_chunks_returned_to_freelist: 0.
num_chunks_taken_from_freelist: 319.
num_chunk_merges: 0.
num_chunk_splits: 179.
num_chunks_enlarged: 114.
num_inconsistent_stats: 0.

CodeHeap 'non-profiled nmethods': size=120000Kb used=900Kb max_used=900Kb free=119099Kb
 bounds [0x000002afa1a40000, 0x000002afa1cb0000, 0x000002afa8f70000]
CodeHeap 'profiled nmethods': size=120000Kb used=2500Kb max_used=2500Kb free=117499Kb
 bounds [0x000002af99f70000, 0x000002af9a1f0000, 0x000002afa14a0000]
CodeHeap 'non-nmethods': size=5760Kb used=1276Kb max_used=1298Kb free=4483Kb
 bounds [0x000002afa14a0000, 0x000002afa1710000, 0x000002afa1a40000]
 total_blobs=1863 nmethods=1388 adapters=386
 compilation: enabled
              stopped_count=0, restarted_count=0
 full_count=0

Compilation events (20 events):
Event: 1.927 Thread 0x000002afb04964d0 nmethod 1379 0x000002afa1b19110 code [0x000002afa1b19420, 0x000002afa1b1a9c0]
Event: 1.947 Thread 0x000002afb04964d0 1380       4       geometries.Sphere::getNormal (35 bytes)
Event: 1.951 Thread 0x000002afb04964d0 nmethod 1380 0x000002afa1b1bb10 code [0x000002afa1b1bcc0, 0x000002afa1b1c238]
Event: 2.022 Thread 0x000002afb04964d0 1381       4       java.util.Arrays::copyOf (40 bytes)
Event: 2.024 Thread 0x000002afb04964d0 nmethod 1381 0x000002afa1b1c690 code [0x000002afa1b1c820, 0x000002afa1b1cc78]
Event: 2.025 Thread 0x000002afb04964d0 1382       4       geometries.Tube::getNormal (74 bytes)
Event: 2.033 Thread 0x000002afb04964d0 nmethod 1382 0x000002afa1b1ce90 code [0x000002afa1b1d040, 0x000002afa1b1d6f8]
Event: 2.033 Thread 0x000002afb04964d0 1383       4       java.util.Arrays::copyOf (10 bytes)
Event: 2.034 Thread 0x000002afb04964d0 nmethod 1383 0x000002afa1b1dc90 code [0x000002afa1b1de20, 0x000002afa1b1e0d8]
Event: 2.045 Thread 0x000002afb04964d0 1384       4       geometries.Cylinder::getNormal (83 bytes)
Event: 2.060 Thread 0x000002afb04964d0 nmethod 1384 0x000002afa1b1e210 code [0x000002afa1b1e420, 0x000002afa1b1ed08]
Event: 2.177 Thread 0x000002afb04964d0 1385       4       renderer.RayTracerBasic::calcColor (42 bytes)
Event: 2.180 Thread 0x000002afb04964d0 nmethod 1385 0x000002afa1b1f510 code [0x000002afa1b1f6c0, 0x000002afa1b1fab8]
Event: 2.207 Thread 0x000002afb04b9a80 1386       3       geometries.Plane::findGeoIntersectionsHelper (119 bytes)
Event: 2.208 Thread 0x000002afb04b9a80 nmethod 1386 0x000002af9a1de490 code [0x000002af9a1de820, 0x000002af9a1dfed8]
Event: 2.209 Thread 0x000002afb04964d0 1387       4       geometries.Plane::findGeoIntersectionsHelper (119 bytes)
Event: 2.217 Thread 0x000002afb04964d0 nmethod 1387 0x000002afa1b1fe10 code [0x000002afa1b20020, 0x000002afa1b20ad8]
Event: 2.257 Thread 0x000002afb04b9a80 1388       3       geometries.Cylinder::getNormal (83 bytes)
Event: 2.257 Thread 0x000002afb04b9a80 nmethod 1388 0x000002af9a1e0690 code [0x000002af9a1e08e0, 0x000002af9a1e1098]
Event: 2.317 Thread 0x000002afb04964d0 1389       4       geometries.Cylinder::getNormal (83 bytes)

GC Heap History (20 events):
Event: 1.999 GC heap after
{Heap after GC invocations=34 (full 0):
 garbage-first heap   total 264192K, used 4812K [0x0000000085800000, 0x0000000100000000)
  region size 1024K, 1 young (1024K), 1 survivors (1024K)
 Metaspace       used 5546K, committed 5760K, reserved 1114112K
  class space    used 668K, committed 768K, reserved 1048576K
}
Event: 2.030 GC heap before
{Heap before GC invocations=34 (full 0):
 garbage-first heap   total 264192K, used 161484K [0x0000000085800000, 0x0000000100000000)
  region size 1024K, 154 young (157696K), 1 survivors (1024K)
 Metaspace       used 5546K, committed 5760K, reserved 1114112K
  class space    used 668K, committed 768K, reserved 1048576K
}
Event: 2.031 GC heap after
{Heap after GC invocations=35 (full 0):
 garbage-first heap   total 264192K, used 4812K [0x0000000085800000, 0x0000000100000000)
  region size 1024K, 1 young (1024K), 1 survivors (1024K)
 Metaspace       used 5546K, committed 5760K, reserved 1114112K
  class space    used 668K, committed 768K, reserved 1048576K
}
Event: 2.069 GC heap before
{Heap before GC invocations=35 (full 0):
 garbage-first heap   total 264192K, used 161484K [0x0000000085800000, 0x0000000100000000)
  region size 1024K, 154 young (157696K), 1 survivors (1024K)
 Metaspace       used 5546K, committed 5760K, reserved 1114112K
  class space    used 668K, committed 768K, reserved 1048576K
}
Event: 2.069 GC heap after
{Heap after GC invocations=36 (full 0):
 garbage-first heap   total 264192K, used 4812K [0x0000000085800000, 0x0000000100000000)
  region size 1024K, 1 young (1024K), 1 survivors (1024K)
 Metaspace       used 5546K, committed 5760K, reserved 1114112K
  class space    used 668K, committed 768K, reserved 1048576K
}
Event: 2.101 GC heap before
{Heap before GC invocations=36 (full 0):
 garbage-first heap   total 264192K, used 161484K [0x0000000085800000, 0x0000000100000000)
  region size 1024K, 154 young (157696K), 1 survivors (1024K)
 Metaspace       used 5546K, committed 5760K, reserved 1114112K
  class space    used 668K, committed 768K, reserved 1048576K
}
Event: 2.101 GC heap after
{Heap after GC invocations=37 (full 0):
 garbage-first heap   total 264192K, used 4812K [0x0000000085800000, 0x0000000100000000)
  region size 1024K, 1 young (1024K), 1 survivors (1024K)
 Metaspace       used 5546K, committed 5760K, reserved 1114112K
  class space    used 668K, committed 768K, reserved 1048576K
}
Event: 2.132 GC heap before
{Heap before GC invocations=37 (full 0):
 garbage-first heap   total 264192K, used 161484K [0x0000000085800000, 0x0000000100000000)
  region size 1024K, 154 young (157696K), 1 survivors (1024K)
 Metaspace       used 5546K, committed 5760K, reserved 1114112K
  class space    used 668K, committed 768K, reserved 1048576K
}
Event: 2.132 GC heap after
{Heap after GC invocations=38 (full 0):
 garbage-first heap   total 264192K, used 4816K [0x0000000085800000, 0x0000000100000000)
  region size 1024K, 1 young (1024K), 1 survivors (1024K)
 Metaspace       used 5546K, committed 5760K, reserved 1114112K
  class space    used 668K, committed 768K, reserved 1048576K
}
Event: 2.162 GC heap before
{Heap before GC invocations=38 (full 0):
 garbage-first heap   total 264192K, used 161488K [0x0000000085800000, 0x0000000100000000)
  region size 1024K, 154 young (157696K), 1 survivors (1024K)
 Metaspace       used 5546K, committed 5760K, reserved 1114112K
  class space    used 668K, committed 768K, reserved 1048576K
}
Event: 2.163 GC heap after
{Heap after GC invocations=39 (full 0):
 garbage-first heap   total 264192K, used 4819K [0x0000000085800000, 0x0000000100000000)
  region size 1024K, 1 young (1024K), 1 survivors (1024K)
 Metaspace       used 5546K, committed 5760K, reserved 1114112K
  class space    used 668K, committed 768K, reserved 1048576K
}
Event: 2.194 GC heap before
{Heap before GC invocations=39 (full 0):
 garbage-first heap   total 264192K, used 161491K [0x0000000085800000, 0x0000000100000000)
  region size 1024K, 154 young (157696K), 1 survivors (1024K)
 Metaspace       used 5546K, committed 5760K, reserved 1114112K
  class space    used 668K, committed 768K, reserved 1048576K
}
Event: 2.194 GC heap after
{Heap after GC invocations=40 (full 0):
 garbage-first heap   total 264192K, used 4819K [0x0000000085800000, 0x0000000100000000)
  region size 1024K, 1 young (1024K), 1 survivors (1024K)
 Metaspace       used 5546K, committed 5760K, reserved 1114112K
  class space    used 668K, committed 768K, reserved 1048576K
}
Event: 2.228 GC heap before
{Heap before GC invocations=40 (full 0):
 garbage-first heap   total 264192K, used 161491K [0x0000000085800000, 0x0000000100000000)
  region size 1024K, 154 young (157696K), 1 survivors (1024K)
 Metaspace       used 5546K, committed 5760K, reserved 1114112K
  class space    used 668K, committed 768K, reserved 1048576K
}
Event: 2.228 GC heap after
{Heap after GC invocations=41 (full 0):
 garbage-first heap   total 264192K, used 4821K [0x0000000085800000, 0x0000000100000000)
  region size 1024K, 1 young (1024K), 1 survivors (1024K)
 Metaspace       used 5546K, committed 5760K, reserved 1114112K
  class space    used 668K, committed 768K, reserved 1048576K
}
Event: 2.260 GC heap before
{Heap before GC invocations=41 (full 0):
 garbage-first heap   total 264192K, used 161493K [0x0000000085800000, 0x0000000100000000)
  region size 1024K, 154 young (157696K), 1 survivors (1024K)
 Metaspace       used 5546K, committed 5760K, reserved 1114112K
  class space    used 668K, committed 768K, reserved 1048576K
}
Event: 2.260 GC heap after
{Heap after GC invocations=42 (full 0):
 garbage-first heap   total 264192K, used 4821K [0x0000000085800000, 0x0000000100000000)
  region size 1024K, 1 young (1024K), 1 survivors (1024K)
 Metaspace       used 5546K, committed 5760K, reserved 1114112K
  class space    used 668K, committed 768K, reserved 1048576K
}
Event: 2.292 GC heap before
{Heap before GC invocations=42 (full 0):
 garbage-first heap   total 264192K, used 161493K [0x0000000085800000, 0x0000000100000000)
  region size 1024K, 154 young (157696K), 1 survivors (1024K)
 Metaspace       used 5546K, committed 5760K, reserved 1114112K
  class space    used 668K, committed 768K, reserved 1048576K
}
Event: 2.293 GC heap after
{Heap after GC invocations=43 (full 0):
 garbage-first heap   total 264192K, used 4821K [0x0000000085800000, 0x0000000100000000)
  region size 1024K, 1 young (1024K), 1 survivors (1024K)
 Metaspace       used 5546K, committed 5760K, reserved 1114112K
  class space    used 668K, committed 768K, reserved 1048576K
}
Event: 2.325 GC heap before
{Heap before GC invocations=43 (full 0):
 garbage-first heap   total 264192K, used 161493K [0x0000000085800000, 0x0000000100000000)
  region size 1024K, 154 young (157696K), 1 survivors (1024K)
 Metaspace       used 5546K, committed 5760K, reserved 1114112K
  class space    used 668K, committed 768K, reserved 1048576K
}

Dll operation events (11 events):
Event: 0.006 Loaded shared library C:\Users\hila\.jdks\openjdk-19.0.2\bin\java.dll
Event: 0.016 Loaded shared library C:\Users\hila\.jdks\openjdk-19.0.2\bin\jsvml.dll
Event: 0.069 Loaded shared library C:\Users\hila\.jdks\openjdk-19.0.2\bin\zip.dll
Event: 0.071 Loaded shared library C:\Users\hila\.jdks\openjdk-19.0.2\bin\instrument.dll
Event: 0.076 Loaded shared library C:\Users\hila\.jdks\openjdk-19.0.2\bin\net.dll
Event: 0.077 Loaded shared library C:\Users\hila\.jdks\openjdk-19.0.2\bin\nio.dll
Event: 0.081 Loaded shared library C:\Users\hila\.jdks\openjdk-19.0.2\bin\zip.dll
Event: 0.091 Loaded shared library C:\Program Files\JetBrains\IntelliJ IDEA 2022.3.2\bin\breakgen64.dll
Event: 0.098 Loaded shared library C:\Users\hila\.jdks\openjdk-19.0.2\bin\extnet.dll
Event: 0.137 Loaded shared library C:\Users\hila\.jdks\openjdk-19.0.2\bin\jimage.dll
Event: 0.432 Loaded shared library C:\Users\hila\.jdks\openjdk-19.0.2\bin\awt.dll

Deoptimization events (20 events):
Event: 1.849 Thread 0x000002af9080bed0 Uncommon trap: trap_request=0xffffffc6 fr.pc=0x000002afa1af4e78 relative=0x00000000000015b8
Event: 1.849 Thread 0x000002af9080bed0 Uncommon trap: reason=bimorphic_or_optimized_type_check action=maybe_recompile pc=0x000002afa1af4e78 method=renderer.RayTracerBasic.calcGlobalEffects(Lgeometries/Intersectable$GeoPoint;Lprimitives/Ray;ILprimitives/Double3;)Lprimitives/Color; @ 24 c2
Event: 1.849 Thread 0x000002af9080bed0 DEOPT PACKING pc=0x000002afa1af4e78 sp=0x000000ed0f6fc220
Event: 1.849 Thread 0x000002af9080bed0 DEOPT UNPACKING pc=0x000002afa150a5a3 sp=0x000000ed0f6fc200 mode 2
Event: 1.849 Thread 0x000002af9080bed0 Uncommon trap: trap_request=0xffffffc6 fr.pc=0x000002afa1b10704 relative=0x00000000000023a4
Event: 1.849 Thread 0x000002af9080bed0 Uncommon trap: reason=bimorphic_or_optimized_type_check action=maybe_recompile pc=0x000002afa1b10704 method=renderer.RayTracerBasic.calcLocalEffects(Lgeometries/Intersectable$GeoPoint;Lprimitives/Ray;Lprimitives/Double3;)Lprimitives/Color; @ 23 c2
Event: 1.849 Thread 0x000002af9080bed0 DEOPT PACKING pc=0x000002afa1b10704 sp=0x000000ed0f6fca30
Event: 1.849 Thread 0x000002af9080bed0 DEOPT UNPACKING pc=0x000002afa150a5a3 sp=0x000000ed0f6fca10 mode 2
Event: 1.849 Thread 0x000002af9080bed0 Uncommon trap: trap_request=0xffffffc6 fr.pc=0x000002afa1af4e78 relative=0x00000000000015b8
Event: 1.849 Thread 0x000002af9080bed0 Uncommon trap: reason=bimorphic_or_optimized_type_check action=maybe_recompile pc=0x000002afa1af4e78 method=renderer.RayTracerBasic.calcGlobalEffects(Lgeometries/Intersectable$GeoPoint;Lprimitives/Ray;ILprimitives/Double3;)Lprimitives/Color; @ 24 c2
Event: 1.849 Thread 0x000002af9080bed0 DEOPT PACKING pc=0x000002afa1af4e78 sp=0x000000ed0f6fca60
Event: 1.849 Thread 0x000002af9080bed0 DEOPT UNPACKING pc=0x000002afa150a5a3 sp=0x000000ed0f6fca40 mode 2
Event: 2.207 Thread 0x000002af9080bed0 Uncommon trap: trap_request=0xffffff45 fr.pc=0x000002afa1a96790 relative=0x00000000000008f0
Event: 2.207 Thread 0x000002af9080bed0 Uncommon trap: reason=unstable_if action=reinterpret pc=0x000002afa1a96790 method=geometries.Plane.findGeoIntersectionsHelper(Lprimitives/Ray;D)Ljava/util/List; @ 45 c2
Event: 2.207 Thread 0x000002af9080bed0 DEOPT PACKING pc=0x000002afa1a96790 sp=0x000000ed0f6fc760
Event: 2.207 Thread 0x000002af9080bed0 DEOPT UNPACKING pc=0x000002afa150a5a3 sp=0x000000ed0f6fc718 mode 2
Event: 2.254 Thread 0x000002af9080bed0 Uncommon trap: trap_request=0xffffff45 fr.pc=0x000002afa1b1ebcc relative=0x00000000000007ac
Event: 2.254 Thread 0x000002af9080bed0 Uncommon trap: reason=unstable_if action=reinterpret pc=0x000002afa1b1ebcc method=geometries.Cylinder.getNormal(Lprimitives/Point;)Lprimitives/Vector; @ 66 c2
Event: 2.254 Thread 0x000002af9080bed0 DEOPT PACKING pc=0x000002afa1b1ebcc sp=0x000000ed0f6fc9c0
Event: 2.254 Thread 0x000002af9080bed0 DEOPT UNPACKING pc=0x000002afa150a5a3 sp=0x000000ed0f6fc980 mode 2

Classes loaded (20 events):
Event: 1.093 Loading class java/time/zone/ZoneRulesProvider$1
Event: 1.093 Loading class java/time/zone/ZoneRulesProvider$1 done
Event: 1.093 Loading class java/time/zone/TzdbZoneRulesProvider
Event: 1.093 Loading class java/time/zone/TzdbZoneRulesProvider done
Event: 1.096 Loading class java/time/zone/Ser
Event: 1.096 Loading class java/time/zone/Ser done
Event: 1.097 Loading class java/time/Month
Event: 1.097 Loading class java/time/Month done
Event: 1.097 Loading class java/time/DayOfWeek
Event: 1.097 Loading class java/time/DayOfWeek done
Event: 1.097 Loading class java/time/zone/ZoneOffsetTransitionRule$TimeDefinition
Event: 1.097 Loading class java/time/zone/ZoneOffsetTransitionRule$TimeDefinition done
Event: 1.098 Loading class java/time/zone/ZoneOffsetTransition
Event: 1.098 Loading class java/time/zone/ZoneOffsetTransition done
Event: 1.099 Loading class sun/util/cldr/CLDRBaseLocaleDataMetaInfo$TZCanonicalIDMapHolder
Event: 1.099 Loading class sun/util/cldr/CLDRBaseLocaleDataMetaInfo$TZCanonicalIDMapHolder done
Event: 1.100 Loading class sun/util/resources/TimeZoneNames
Event: 1.101 Loading class sun/util/resources/TimeZoneNames done
Event: 1.101 Loading class sun/util/resources/TimeZoneNames_en
Event: 1.101 Loading class sun/util/resources/TimeZoneNames_en done

Classes unloaded (0 events):
No events

Classes redefined (0 events):
No events

Internal exceptions (20 events):
Event: 0.297 Thread 0x000002af9080bed0 Exception <a 'java/lang/IncompatibleClassChangeError'{0x000000008cab2c20}: Found class java.lang.Object, but interface was expected> (0x000000008cab2c20) 
thrown [s\open\src\hotspot\share\interpreter\linkResolver.cpp, line 841]
Event: 0.299 Thread 0x000002af9080bed0 Exception <a 'java/lang/NoSuchMethodError'{0x000000008cacc180}: 'java.lang.Object java.lang.invoke.DirectMethodHandle$Holder.invokeStatic(java.lang.Object, java.lang.Object, int)'> (0x000000008cacc180) 
thrown [s\open\src\hotspot\share\interpreter\linkResolver.cpp, line 774]
Event: 0.307 Thread 0x000002af9080bed0 Exception <a 'java/lang/NoSuchMethodError'{0x000000008c91b9f8}: 'void java.lang.invoke.DirectMethodHandle$Holder.invokeSpecial(java.lang.Object, java.lang.Object, java.lang.Object, java.lang.Object, java.lang.Object)'> (0x000000008c91b9f8) 
thrown [s\open\src\hotspot\share\interpreter\linkResolver.cpp, line 774]
Event: 0.317 Thread 0x000002af9080bed0 Exception <a 'java/lang/NoSuchMethodError'{0x000000008c978e90}: 'void java.lang.invoke.DirectMethodHandle$Holder.invokeInterface(java.lang.Object, java.lang.Object, java.lang.Object, java.lang.Object)'> (0x000000008c978e90) 
thrown [s\open\src\hotspot\share\interpreter\linkResolver.cpp, line 774]
Event: 0.317 Thread 0x000002af9080bed0 Exception <a 'java/lang/IncompatibleClassChangeError'{0x000000008c97c5e0}: Found class java.lang.Object, but interface was expected> (0x000000008c97c5e0) 
thrown [s\open\src\hotspot\share\interpreter\linkResolver.cpp, line 841]
Event: 0.322 Thread 0x000002af9080bed0 Exception <a 'java/lang/NoSuchMethodError'{0x000000008c9a0d98}: 'void java.lang.invoke.DirectMethodHandle$Holder.invokeStatic(java.lang.Object, java.lang.Object, java.lang.Object, java.lang.Object)'> (0x000000008c9a0d98) 
thrown [s\open\src\hotspot\share\interpreter\linkResolver.cpp, line 774]
Event: 0.325 Thread 0x000002af9080bed0 Exception <a 'java/lang/NoSuchMethodError'{0x000000008c9c20b0}: 'java.lang.Object java.lang.invoke.DirectMethodHandle$Holder.newInvokeSpecial(java.lang.Object, java.lang.Object, int)'> (0x000000008c9c20b0) 
thrown [s\open\src\hotspot\share\interpreter\linkResolver.cpp, line 774]
Event: 0.333 Thread 0x000002af9080bed0 Exception <a 'java/lang/NoSuchMethodError'{0x000000008c807ae8}: 'java.lang.Object java.lang.invoke.DirectMethodHandle$Holder.invokeStaticInit(java.lang.Object)'> (0x000000008c807ae8) 
thrown [s\open\src\hotspot\share\interpreter\linkResolver.cpp, line 774]
Event: 0.338 Thread 0x000002af9080bed0 Exception <a 'java/lang/NoSuchMethodError'{0x000000008c8306d0}: 'int java.lang.invoke.DirectMethodHandle$Holder.invokeStatic(java.lang.Object, java.lang.Object, java.lang.Object, java.lang.Object)'> (0x000000008c8306d0) 
thrown [s\open\src\hotspot\share\interpreter\linkResolver.cpp, line 774]
Event: 0.338 Thread 0x000002af9080bed0 Exception <a 'java/lang/NoSuchMethodError'{0x000000008c834010}: 'java.lang.Object java.lang.invoke.Invokers$Holder.invokeExact_MT(java.lang.Object, java.lang.Object, java.lang.Object, java.lang.Object, java.lang.Object, java.lang.Object)'> (0x000000008c834010) 
thrown [s\open\src\hotspot\share\interpreter\linkResolver.cpp, line 774]
Event: 0.339 Thread 0x000002af9080bed0 Exception <a 'java/lang/NoSuchMethodError'{0x000000008c8439b0}: 'int java.lang.invoke.DirectMethodHandle$Holder.invokeStatic(java.lang.Object, java.lang.Object, java.lang.Object, java.lang.Object, java.lang.Object)'> (0x000000008c8439b0) 
thrown [s\open\src\hotspot\share\interpreter\linkResolver.cpp, line 774]
Event: 0.348 Thread 0x000002af9080bed0 Exception <a 'java/lang/NoSuchMethodError'{0x000000008c8836b0}: 'void java.lang.invoke.DirectMethodHandle$Holder.invokeStaticInit(java.lang.Object)'> (0x000000008c8836b0) 
thrown [s\open\src\hotspot\share\interpreter\linkResolver.cpp, line 774]
Event: 0.369 Thread 0x000002af9080bed0 Exception <a 'java/lang/NoSuchMethodError'{0x000000008c765770}: 'int java.lang.invoke.DirectMethodHandle$Holder.invokeStaticInit(java.lang.Object, java.lang.Object)'> (0x000000008c765770) 
thrown [s\open\src\hotspot\share\interpreter\linkResolver.cpp, line 774]
Event: 0.400 Thread 0x000002af9080bed0 Exception <a 'java/lang/NoSuchMethodError'{0x000000008d39eb20}: 'java.lang.Object java.lang.invoke.DirectMethodHandle$Holder.newInvokeSpecial(java.lang.Object, java.lang.Object, java.lang.Object, java.lang.Object, java.lang.Object, java.lang.Object, java.lang.Object)'> (0x000000008d39eb20) 
thrown [s\open\src\hotspot\share\interpreter\linkResolver.cpp, line 774]
Event: 0.402 Thread 0x000002af9080bed0 Exception <a 'java/lang/NoSuchMethodError'{0x000000008d3af9d0}: 'java.lang.Object java.lang.invoke.DirectMethodHandle$Holder.invokeInterface(java.lang.Object, java.lang.Object, java.lang.Object, java.lang.Object, java.lang.Object)'> (0x000000008d3af9d0) 
thrown [s\open\src\hotspot\share\interpreter\linkResolver.cpp, line 774]
Event: 0.402 Thread 0x000002af9080bed0 Exception <a 'java/lang/IncompatibleClassChangeError'{0x000000008d3b37e0}: Found class java.lang.Object, but interface was expected> (0x000000008d3b37e0) 
thrown [s\open\src\hotspot\share\interpreter\linkResolver.cpp, line 841]
Event: 0.420 Thread 0x000002af9080bed0 Exception <a 'java/lang/NoSuchMethodError'{0x000000008d25faf0}: 'void java.lang.invoke.DirectMethodHandle$Holder.invokeVirtual(java.lang.Object, java.lang.Object)'> (0x000000008d25faf0) 
thrown [s\open\src\hotspot\share\interpreter\linkResolver.cpp, line 774]
Event: 0.427 Thread 0x000002af9080bed0 Exception <a 'java/lang/ClassNotFoundException'{0x000000008d27fc38}: sun/awt/resources/spi/awtProvider> (0x000000008d27fc38) 
thrown [s\open\src\hotspot\share\classfile\systemDictionary.cpp, line 255]
Event: 0.437 Thread 0x000002af9080bed0 Exception <a 'java/io/FileNotFoundException'{0x000000008d2caa20}> (0x000000008d2caa20) 
thrown [s\open\src\hotspot\share\prims\jni.cpp, line 517]
Event: 0.441 Thread 0x000002af9080bed0 Exception <a 'java/io/FileNotFoundException'{0x000000008d2f73c8}> (0x000000008d2f73c8) 
thrown [s\open\src\hotspot\share\prims\jni.cpp, line 517]

VM Operations (20 events):
Event: 1.999 Executing VM operation: G1CollectForAllocation done
Event: 2.030 Executing VM operation: G1CollectForAllocation
Event: 2.031 Executing VM operation: G1CollectForAllocation done
Event: 2.069 Executing VM operation: G1CollectForAllocation
Event: 2.069 Executing VM operation: G1CollectForAllocation done
Event: 2.101 Executing VM operation: G1CollectForAllocation
Event: 2.101 Executing VM operation: G1CollectForAllocation done
Event: 2.132 Executing VM operation: G1CollectForAllocation
Event: 2.132 Executing VM operation: G1CollectForAllocation done
Event: 2.162 Executing VM operation: G1CollectForAllocation
Event: 2.163 Executing VM operation: G1CollectForAllocation done
Event: 2.193 Executing VM operation: G1CollectForAllocation
Event: 2.194 Executing VM operation: G1CollectForAllocation done
Event: 2.227 Executing VM operation: G1CollectForAllocation
Event: 2.228 Executing VM operation: G1CollectForAllocation done
Event: 2.259 Executing VM operation: G1CollectForAllocation
Event: 2.260 Executing VM operation: G1CollectForAllocation done
Event: 2.292 Executing VM operation: G1CollectForAllocation
Event: 2.293 Executing VM operation: G1CollectForAllocation done
Event: 2.325 Executing VM operation: G1CollectForAllocation

Events (17 events):
Event: 0.016 Thread 0x000002af9080bed0 Thread added: 0x000002af9080bed0
Event: 0.027 Thread 0x000002afb0489ec0 Thread added: 0x000002afb0489ec0
Event: 0.027 Thread 0x000002afb048a990 Thread added: 0x000002afb048a990
Event: 0.027 Thread 0x000002afb048be60 Thread added: 0x000002afb048be60
Event: 0.027 Thread 0x000002afb048c930 Thread added: 0x000002afb048c930
Event: 0.027 Thread 0x000002afb048d260 Thread added: 0x000002afb048d260
Event: 0.027 Thread 0x000002afb048ed40 Thread added: 0x000002afb048ed40
Event: 0.028 Thread 0x000002afb04964d0 Thread added: 0x000002afb04964d0
Event: 0.028 Thread 0x000002afb04b9a80 Thread added: 0x000002afb04b9a80
Event: 0.028 Thread 0x000002afb04bc820 Thread added: 0x000002afb04bc820
Event: 0.052 Thread 0x000002afb488d6d0 Thread added: 0x000002afb488d6d0
Event: 0.091 Thread 0x000002afb49773f0 Thread added: 0x000002afb49773f0
Event: 0.091 Thread 0x000002afb497ae10 Thread added: 0x000002afb497ae10
Event: 0.461 Thread 0x000002afb4baeb20 Thread added: 0x000002afb4baeb20
Event: 1.373 Thread 0x000002afb4baeb20 Thread exited: 0x000002afb4baeb20
Event: 1.479 Thread 0x000002afb4baeb20 Thread added: 0x000002afb4baeb20
Event: 1.851 Thread 0x000002afb4baeb20 Thread exited: 0x000002afb4baeb20


Dynamic libraries:
0x00007ff6d8e30000 - 0x00007ff6d8e3e000 	C:\Users\hila\.jdks\openjdk-19.0.2\bin\java.exe
0x00007ff87acf0000 - 0x00007ff87aee8000 	C:\windows\SYSTEM32\ntdll.dll
0x00007ff879f90000 - 0x00007ff87a04f000 	C:\windows\System32\KERNEL32.DLL
0x00007ff878560000 - 0x00007ff878856000 	C:\windows\System32\KERNELBASE.dll
0x00007ff878460000 - 0x00007ff878560000 	C:\windows\System32\ucrtbase.dll
0x00007ff86d8f0000 - 0x00007ff86d90b000 	C:\Users\hila\.jdks\openjdk-19.0.2\bin\VCRUNTIME140.dll
0x00007ff8754f0000 - 0x00007ff875507000 	C:\Users\hila\.jdks\openjdk-19.0.2\bin\jli.dll
0x00007ff87a820000 - 0x00007ff87a9bd000 	C:\windows\System32\USER32.dll
0x00007ff878a70000 - 0x00007ff878a92000 	C:\windows\System32\win32u.dll
0x00007ff87a750000 - 0x00007ff87a77c000 	C:\windows\System32\GDI32.dll
0x00007ff85d1a0000 - 0x00007ff85d43a000 	C:\windows\WinSxS\amd64_microsoft.windows.common-controls_6595b64144ccf1df_6.0.19041.1110_none_60b5254171f9507e\COMCTL32.dll
0x00007ff878b90000 - 0x00007ff878ca5000 	C:\windows\System32\gdi32full.dll
0x00007ff879910000 - 0x00007ff8799ae000 	C:\windows\System32\msvcrt.dll
0x00007ff878cb0000 - 0x00007ff878d4d000 	C:\windows\System32\msvcp_win.dll
0x00007ff87a780000 - 0x00007ff87a7b0000 	C:\windows\System32\IMM32.DLL
0x00007ff8754e0000 - 0x00007ff8754ec000 	C:\Users\hila\.jdks\openjdk-19.0.2\bin\vcruntime140_1.dll
0x00007ff858a70000 - 0x00007ff858afe000 	C:\Users\hila\.jdks\openjdk-19.0.2\bin\msvcp140.dll
0x00007ff823420000 - 0x00007ff8240e0000 	C:\Users\hila\.jdks\openjdk-19.0.2\bin\server\jvm.dll
0x00007ff87a180000 - 0x00007ff87a22f000 	C:\windows\System32\ADVAPI32.dll
0x00007ff878db0000 - 0x00007ff878e4c000 	C:\windows\System32\sechost.dll
0x00007ff879e60000 - 0x00007ff879f86000 	C:\windows\System32\RPCRT4.dll
0x00007ff86d960000 - 0x00007ff86d969000 	C:\windows\SYSTEM32\WSOCK32.dll
0x00007ff868700000 - 0x00007ff86870a000 	C:\windows\SYSTEM32\VERSION.dll
0x00007ff85a310000 - 0x00007ff85a337000 	C:\windows\SYSTEM32\WINMM.dll
0x00007ff87a7b0000 - 0x00007ff87a81b000 	C:\windows\System32\WS2_32.dll
0x00007ff876c10000 - 0x00007ff876c22000 	C:\windows\SYSTEM32\kernel.appcore.dll
0x00007ff870a40000 - 0x00007ff870a4a000 	C:\Users\hila\.jdks\openjdk-19.0.2\bin\jimage.dll
0x00007ff875fb0000 - 0x00007ff876194000 	C:\windows\SYSTEM32\DBGHELP.DLL
0x00007ff860d10000 - 0x00007ff860d44000 	C:\windows\SYSTEM32\dbgcore.DLL
0x00007ff8783d0000 - 0x00007ff878452000 	C:\windows\System32\bcryptPrimitives.dll
0x00007ff870010000 - 0x00007ff87001e000 	C:\Users\hila\.jdks\openjdk-19.0.2\bin\instrument.dll
0x00007ff86d7b0000 - 0x00007ff86d7d6000 	C:\Users\hila\.jdks\openjdk-19.0.2\bin\java.dll
0x00007ff84b670000 - 0x00007ff84b747000 	C:\Users\hila\.jdks\openjdk-19.0.2\bin\jsvml.dll
0x00007ff8791b0000 - 0x00007ff8798f4000 	C:\windows\System32\SHELL32.dll
0x00007ff876460000 - 0x00007ff876bf3000 	C:\windows\SYSTEM32\windows.storage.dll
0x00007ff878e50000 - 0x00007ff8791a4000 	C:\windows\System32\combase.dll
0x00007ff877db0000 - 0x00007ff877dde000 	C:\windows\SYSTEM32\Wldp.dll
0x00007ff879bd0000 - 0x00007ff879c7d000 	C:\windows\System32\SHCORE.dll
0x00007ff87abf0000 - 0x00007ff87ac45000 	C:\windows\System32\shlwapi.dll
0x00007ff878310000 - 0x00007ff87832f000 	C:\windows\SYSTEM32\profapi.dll
0x00007ff864770000 - 0x00007ff864788000 	C:\Users\hila\.jdks\openjdk-19.0.2\bin\zip.dll
0x00007ff86d700000 - 0x00007ff86d713000 	C:\Users\hila\.jdks\openjdk-19.0.2\bin\net.dll
0x00007ff872330000 - 0x00007ff87243a000 	C:\windows\SYSTEM32\WINHTTP.dll
0x00007ff877aa0000 - 0x00007ff877b0a000 	C:\windows\system32\mswsock.dll
0x00007ff86cff0000 - 0x00007ff86d006000 	C:\Users\hila\.jdks\openjdk-19.0.2\bin\nio.dll
0x00007ff864750000 - 0x00007ff86476a000 	C:\Program Files\JetBrains\IntelliJ IDEA 2022.3.2\bin\breakgen64.dll
0x00007ff86d7a0000 - 0x00007ff86d7a8000 	C:\Users\hila\.jdks\openjdk-19.0.2\bin\extnet.dll
0x00007ff838bc0000 - 0x00007ff838d50000 	C:\Users\hila\.jdks\openjdk-19.0.2\bin\awt.dll
0x00007ff87a050000 - 0x00007ff87a11d000 	C:\windows\System32\OLEAUT32.dll
0x00007ff8757e0000 - 0x00007ff875871000 	C:\windows\SYSTEM32\apphelp.dll

dbghelp: loaded successfully - version: 4.0.5 - missing functions: none
symbol engine: initialized successfully - sym options: 0x614 - pdb path: .;C:\Users\hila\.jdks\openjdk-19.0.2\bin;C:\windows\SYSTEM32;C:\windows\WinSxS\amd64_microsoft.windows.common-controls_6595b64144ccf1df_6.0.19041.1110_none_60b5254171f9507e;C:\Users\hila\.jdks\openjdk-19.0.2\bin\server;C:\Program Files\JetBrains\IntelliJ IDEA 2022.3.2\bin

VM Arguments:
jvm_args: -ea -Didea.test.cyclic.buffer.size=1048576 -javaagent:C:\Program Files\JetBrains\IntelliJ IDEA 2022.3.2\lib\idea_rt.jar=60030:C:\Program Files\JetBrains\IntelliJ IDEA 2022.3.2\bin -Dfile.encoding=UTF-8 -Dsun.stdout.encoding=UTF-8 -Dsun.stderr.encoding=UTF-8 
java_command: com.intellij.rt.junit.JUnitStarter -ideVersion5 -junit5 MP2.MP2
java_class_path (initial): C:\Users\hila\.m2\repository\org\junit\platform\junit-platform-launcher\1.9.2\junit-platform-launcher-1.9.2.jar;C:\Program Files\JetBrains\IntelliJ IDEA 2022.3.2\lib\idea_rt.jar;C:\Program Files\JetBrains\IntelliJ IDEA 2022.3.2\plugins\junit\lib\junit5-rt.jar;C:\Program Files\JetBrains\IntelliJ IDEA 2022.3.2\plugins\junit\lib\junit-rt.jar;C:\Users\hila\Documents\tal\2semester2\MinipTochna\ISE5783_6941_7796\out\test\ISE5783_6941_7796;C:\Users\hila\Documents\tal\2semester2\MinipTochna\ISE5783_6941_7796\out\production\ISE5783_6941_7796;C:\Users\hila\.m2\repository\org\junit\jupiter\junit-jupiter\5.9.2\junit-jupiter-5.9.2.jar;C:\Users\hila\.m2\repository\org\junit\jupiter\junit-jupiter-api\5.9.2\junit-jupiter-api-5.9.2.jar;C:\Users\hila\.m2\repository\org\opentest4j\opentest4j\1.2.0\opentest4j-1.2.0.jar;C:\Users\hila\.m2\repository\org\junit\platform\junit-platform-commons\1.9.2\junit-platform-commons-1.9.2.jar;C:\Users\hila\.m2\repository\org\apiguardian\apiguardian-api\1.1.2\apiguardian-api-1.1.2.jar;C:\Users\hila\.m2\repository\org\junit\jupiter\junit-jupiter-params\5.9.2\junit-jupiter-params-5.9.2.jar;C:\Users\hila\.m2\repository\org\junit\jupiter\junit-jupiter-engine\5.9.2\junit-jupiter-engine-5.9.2.jar;C:\Users\hila\.m2\repository\org\junit\platform\junit-platform-engine\1.9.2\junit-platform-engine-1.9.2.jar
Launcher Type: SUN_STANDARD

[Global flags]
     intx CICompilerCount                          = 3                                         {product} {ergonomic}
     uint ConcGCThreads                            = 1                                         {product} {ergonomic}
     uint G1ConcRefinementThreads                  = 4                                         {product} {ergonomic}
   size_t G1HeapRegionSize                         = 1048576                                   {product} {ergonomic}
    uintx GCDrainStackTargetSize                   = 64                                        {product} {ergonomic}
   size_t InitialHeapSize                          = 130023424                                 {product} {ergonomic}
   size_t MarkStackSize                            = 4194304                                   {product} {ergonomic}
   size_t MaxHeapSize                              = 2055208960                                {product} {ergonomic}
   size_t MaxNewSize                               = 1233125376                                {product} {ergonomic}
   size_t MinHeapDeltaBytes                        = 1048576                                   {product} {ergonomic}
   size_t MinHeapSize                              = 8388608                                   {product} {ergonomic}
    uintx NonNMethodCodeHeapSize                   = 5832780                                {pd product} {ergonomic}
    uintx NonProfiledCodeHeapSize                  = 122912730                              {pd product} {ergonomic}
    uintx ProfiledCodeHeapSize                     = 122912730                              {pd product} {ergonomic}
    uintx ReservedCodeCacheSize                    = 251658240                              {pd product} {ergonomic}
     bool SegmentedCodeCache                       = true                                      {product} {ergonomic}
   size_t SoftMaxHeapSize                          = 2055208960                             {manageable} {ergonomic}
     bool UseCompressedClassPointers               = true                           {product lp64_product} {ergonomic}
     bool UseCompressedOops                        = true                           {product lp64_product} {ergonomic}
     bool UseG1GC                                  = true                                      {product} {ergonomic}
     bool UseLargePagesIndividualAllocation        = false                                  {pd product} {ergonomic}

Logging:
Log output configuration:
 #0: stdout all=warning uptime,level,tags foldmultilines=false
 #1: stderr all=off uptime,level,tags foldmultilines=false

Environment Variables:
JAVA_HOME=C:\Users\HilAdm
PATH=C:\Program Files\Common Files\Oracle\Java\javapath;C:\windows\system32;C:\windows;C:\windows\System32\Wbem;C:\windows\System32\WindowsPowerShell\v1.0\;C:\windows\System32\OpenSSH\;C:\Program Files\Microsoft SQL Server\130\Tools\Binn\;C:\Program Files\Microsoft SQL Server\Client SDK\ODBC\170\Tools\Binn\;C:\Program Files\Microsoft SQL Server\150\Tools\Binn\;C:\Program Files\dotnet\;C:\Program Files\Git\cmd;C:\Users\hila\Downloads;C:\Users\hila\AppData\Local\Programs\Python\Python39\Scripts\;C:\Users\hila\AppData\Local\Programs\Python\Python39\;C:\Users\hila\AppData\Local\Microsoft\WindowsApps;
USERNAME=hila
OS=Windows_NT
PROCESSOR_IDENTIFIER=Intel64 Family 6 Model 140 Stepping 1, GenuineIntel
TMP=C:\Users\hila\AppData\Local\Temp
TEMP=C:\Users\hila\AppData\Local\Temp



---------------  S Y S T E M  ---------------

OS:
 Windows 10 , 64 bit Build 19041 (10.0.19041.3031)
OS uptime: 12 days 0:24 hours

CPU: total 4 (initial active 4) (2 cores per cpu, 2 threads per core) family 6 model 140 stepping 1 microcode 0x8a, cx8, cmov, fxsr, ht, mmx, 3dnowpref, sse, sse2, sse3, ssse3, sse4.1, sse4.2, popcnt, lzcnt, tsc, tscinvbit, avx, avx2, aes, erms, clmul, bmi1, bmi2, adx, avx512f, avx512dq, avx512cd, avx512bw, avx512vl, sha, fma, vzeroupper, avx512_vpopcntdq, avx512_vpclmulqdq, avx512_vaes, avx512_vnni, clflush, clflushopt, clwb, avx512_vbmi2, avx512_vbmi, rdtscp, rdpid, fsrm, gfni, avx512_bitalg

Memory: 4k page, system-wide physical 7834M (980M free)
TotalPageFile size 31386M (AvailPageFile size 43M)
current process WorkingSet (physical memory assigned to process): 280M, peak: 280M
current process commit charge ("private bytes"): 367M, peak: 419M

vm_info: OpenJDK 64-Bit Server VM (19.0.2+7-44) for windows-amd64 JRE (19.0.2+7-44), built on 2022-11-30T18:02:09Z by "mach5one" with MS VC++ 17.1 (VS2022)

END.
