#
# There is insufficient memory for the Java Runtime Environment to continue.
# Native memory allocation (mmap) failed to map 54525952 bytes for G1 virtual space
# Possible reasons:
#   The system is out of physical RAM or swap space
#   The process is running with CompressedOops enabled, and the Java Heap may be blocking the growth of the native heap
# Possible solutions:
#   Reduce memory load on the system
#   Increase physical memory or swap space
#   Check if swap backing store is full
#   Decrease Java heap size (-Xmx/-Xms)
#   Decrease number of Java threads
#   Decrease Java thread stack sizes (-Xss)
#   Set larger code cache with -XX:ReservedCodeCacheSize=
#   JVM is running with Unscaled Compressed Oops mode in which the Java heap is
#     placed in the first 4GB address space. The Java Heap base address is the
#     maximum limit for the native heap growth. Please use -XX:HeapBaseMinAddress
#     to set the Java Heap base and to place the Java Heap above 4GB virtual address.
# This output file may be truncated or incomplete.
#
#  Out of Memory Error (os_windows.cpp:3536), pid=28172, tid=28608
#
# JRE version: OpenJDK Runtime Environment (19.0.2+7) (build 19.0.2+7-44)
# Java VM: OpenJDK 64-Bit Server VM (19.0.2+7-44, mixed mode, sharing, tiered, compressed oops, compressed class ptrs, g1 gc, windows-amd64)
# No core dump will be written. Minidumps are not enabled by default on client versions of Windows
#

---------------  S U M M A R Y ------------

Command Line: -ea -Didea.test.cyclic.buffer.size=1048576 -javaagent:C:\Program Files\JetBrains\IntelliJ IDEA 2022.3.2\lib\idea_rt.jar=60066:C:\Program Files\JetBrains\IntelliJ IDEA 2022.3.2\bin -Dfile.encoding=UTF-8 -Dsun.stdout.encoding=UTF-8 -Dsun.stderr.encoding=UTF-8 com.intellij.rt.junit.JUnitStarter -ideVersion5 -junit5 MP2.MP2

Host: 11th Gen Intel(R) Core(TM) i3-1115G4 @ 3.00GHz, 4 cores, 7G,  Windows 10 , 64 bit Build 19041 (10.0.19041.3031)
Time: Mon Jun 26 15:28:04 2023 Jerusalem Summer Time elapsed time: 2.538367 seconds (0d 0h 0m 2s)

---------------  T H R E A D  ---------------

Current thread (0x0000022a7ed19520):  VMThread "VM Thread" [stack: 0x0000006dbd300000,0x0000006dbd400000] [id=28608]

Stack: [0x0000006dbd300000,0x0000006dbd400000]
Native frames: (J=compiled Java code, j=interpreted, Vv=VM code, C=native code)
V  [jvm.dll+0x6ee21a]
V  [jvm.dll+0x85765e]
V  [jvm.dll+0x85904e]
V  [jvm.dll+0x859703]
V  [jvm.dll+0x28298f]
V  [jvm.dll+0x6eb009]
V  [jvm.dll+0x6dfbaa]
V  [jvm.dll+0x3573f6]
V  [jvm.dll+0x35ee56]
V  [jvm.dll+0x3b541e]
V  [jvm.dll+0x3b564f]
V  [jvm.dll+0x32c9ea]
V  [jvm.dll+0x32ca97]
V  [jvm.dll+0x374cd2]
V  [jvm.dll+0x37340f]
V  [jvm.dll+0x32c210]
V  [jvm.dll+0x3729ab]
V  [jvm.dll+0x85ebc3]
V  [jvm.dll+0x85f989]
V  [jvm.dll+0x85febd]
V  [jvm.dll+0x86034b]
V  [jvm.dll+0x860407]
V  [jvm.dll+0x80125a]
V  [jvm.dll+0x6ecf0b]
C  [ucrtbase.dll+0x21bb2]
C  [KERNEL32.DLL+0x17614]
C  [ntdll.dll+0x526f1]

VM_Operation (0x0000006dbcdfc630): G1CollectForAllocation, mode: safepoint, requested by thread 0x0000022a7bccad40


---------------  P R O C E S S  ---------------

Threads class SMR info:
_java_thread_list=0x0000022a22399c30, length=13, elements={
0x0000022a7bccad40, 0x0000022a7ed354e0, 0x0000022a7ed36270, 0x0000022a7ed383e0,
0x0000022a7ed39e10, 0x0000022a7ed3a9d0, 0x0000022a7ed3c540, 0x0000022a7ed4f050,
0x0000022a7ed50660, 0x0000022a7ed65f20, 0x0000022a7ed04fd0, 0x0000022a20e551a0,
0x0000022a20e56300
}

Java Threads: ( => current thread )
  0x0000022a7bccad40 JavaThread "main" [_thread_blocked, id=22424, stack(0x0000006dbcd00000,0x0000006dbce00000)]
  0x0000022a7ed354e0 JavaThread "Reference Handler" daemon [_thread_blocked, id=9732, stack(0x0000006dbd400000,0x0000006dbd500000)]
  0x0000022a7ed36270 JavaThread "Finalizer" daemon [_thread_blocked, id=28652, stack(0x0000006dbd500000,0x0000006dbd600000)]
  0x0000022a7ed383e0 JavaThread "Signal Dispatcher" daemon [_thread_blocked, id=28488, stack(0x0000006dbd600000,0x0000006dbd700000)]
  0x0000022a7ed39e10 JavaThread "Attach Listener" daemon [_thread_blocked, id=13528, stack(0x0000006dbd700000,0x0000006dbd800000)]
  0x0000022a7ed3a9d0 JavaThread "Service Thread" daemon [_thread_blocked, id=27464, stack(0x0000006dbd800000,0x0000006dbd900000)]
  0x0000022a7ed3c540 JavaThread "Monitor Deflation Thread" daemon [_thread_blocked, id=21196, stack(0x0000006dbd900000,0x0000006dbda00000)]
  0x0000022a7ed4f050 JavaThread "C2 CompilerThread0" daemon [_thread_blocked, id=25224, stack(0x0000006dbda00000,0x0000006dbdb00000)]
  0x0000022a7ed50660 JavaThread "C1 CompilerThread0" daemon [_thread_blocked, id=27176, stack(0x0000006dbdb00000,0x0000006dbdc00000)]
  0x0000022a7ed65f20 JavaThread "Sweeper thread" daemon [_thread_blocked, id=24436, stack(0x0000006dbdc00000,0x0000006dbdd00000)]
  0x0000022a7ed04fd0 JavaThread "Common-Cleaner" daemon [_thread_blocked, id=4152, stack(0x0000006dbdd00000,0x0000006dbde00000)]
  0x0000022a20e551a0 JavaThread "Monitor Ctrl-Break" daemon [_thread_in_native, id=3292, stack(0x0000006dbde00000,0x0000006dbdf00000)]
  0x0000022a20e56300 JavaThread "Notification Thread" daemon [_thread_blocked, id=28460, stack(0x0000006dbdf00000,0x0000006dbe000000)]

Other Threads:
=>0x0000022a7ed19520 VMThread "VM Thread" [stack: 0x0000006dbd300000,0x0000006dbd400000] [id=28608]
  0x0000022a7bccbd60 WatcherThread "VM Periodic Task Thread" [stack: 0x0000006dbe000000,0x0000006dbe100000] [id=28648]
  0x0000022a7bd27110 WorkerThread "GC Thread#0" [stack: 0x0000006dbce00000,0x0000006dbcf00000] [id=10532]
  0x0000022a214cb130 WorkerThread "GC Thread#1" [stack: 0x0000006dbe100000,0x0000006dbe200000] [id=9512]
  0x0000022a212655c0 WorkerThread "GC Thread#2" [stack: 0x0000006dbe200000,0x0000006dbe300000] [id=28256]
  0x0000022a21265890 WorkerThread "GC Thread#3" [stack: 0x0000006dbe300000,0x0000006dbe400000] [id=28260]
  0x0000022a7bd38980 ConcurrentGCThread "G1 Main Marker" [stack: 0x0000006dbcf00000,0x0000006dbd000000] [id=19828]
  0x0000022a7bd39550 WorkerThread "G1 Conc#0" [stack: 0x0000006dbd000000,0x0000006dbd100000] [id=12596]
  0x0000022a7bd9e370 ConcurrentGCThread "G1 Refine#0" [stack: 0x0000006dbd100000,0x0000006dbd200000] [id=25784]
  0x0000022a7ebd20b0 ConcurrentGCThread "G1 Service" [stack: 0x0000006dbd200000,0x0000006dbd300000] [id=26724]

Threads with active compile tasks:

VM state: at safepoint (normal execution)

VM Mutex/Monitor currently owned by a thread:  ([mutex/lock_event])
[0x0000022a7bcc8f00] Threads_lock - owner thread: 0x0000022a7ed19520
[0x0000022a7bcc9770] Heap_lock - owner thread: 0x0000022a7bccad40

Heap address: 0x0000000085800000, size: 1960 MB, Compressed Oops mode: 32-bit

CDS archive(s) mapped at: [0x0000000800000000-0x0000000800c40000-0x0000000800c40000), size 12845056, SharedBaseAddress: 0x0000000800000000, ArchiveRelocationMode: 0.
Compressed class space mapped at: 0x0000000801000000-0x0000000841000000, reserved size: 1073741824
Narrow klass base: 0x0000000800000000, Narrow klass shift: 0, Narrow klass range: 0x100000000

GC Precious Log:
 CardTable entry size: 512
 Card Set container configuration: InlinePtr #cards 5 size 8 Array Of Cards #cards 12 size 40 Howl #buckets 4 coarsen threshold 1843 Howl Bitmap #cards 512 size 80 coarsen threshold 460 Card regions per heap region 1 cards per card region 2048
 CPUs: 4 total, 4 available
 Memory: 7834M
 Large Page Support: Disabled
 NUMA Support: Disabled
 Compressed Oops: Enabled (32-bit)
 Heap Region Size: 1M
 Heap Min Capacity: 8M
 Heap Initial Capacity: 124M
 Heap Max Capacity: 1960M
 Pre-touch: Disabled
 Parallel Workers: 4
 Concurrent Workers: 1
 Concurrent Refinement Workers: 4
 Periodic GC: Disabled

Heap:
 garbage-first heap   total 264192K, used 4830K [0x0000000085800000, 0x0000000100000000)
  region size 1024K, 1 young (1024K), 1 survivors (1024K)
 Metaspace       used 5553K, committed 5760K, reserved 1114112K
  class space    used 668K, committed 768K, reserved 1048576K

Heap Regions: E=young(eden), S=young(survivor), O=old, HS=humongous(starts), HC=humongous(continues), CS=collection set, F=free, OA=open archive, CA=closed archive, TAMS=top-at-mark-start (previous, next)
|   0|0x0000000085800000, 0x0000000085900000, 0x0000000085900000|100%|HS|  |TAMS 0x0000000085800000, 0x0000000085800000| Complete 
|   1|0x0000000085900000, 0x0000000085a00000, 0x0000000085a00000|100%|HC|  |TAMS 0x0000000085900000, 0x0000000085900000| Complete 
|   2|0x0000000085a00000, 0x0000000085b00000, 0x0000000085b00000|100%| O|  |TAMS 0x0000000085a00000, 0x0000000085a00000| Untracked 
|   3|0x0000000085b00000, 0x0000000085c00000, 0x0000000085c00000|100%| O|  |TAMS 0x0000000085b00000, 0x0000000085b00000| Untracked 
|   4|0x0000000085c00000, 0x0000000085cb5a00, 0x0000000085d00000| 70%| O|  |TAMS 0x0000000085c00000, 0x0000000085c00000| Untracked 
|   5|0x0000000085d00000, 0x0000000085d00000, 0x0000000085e00000|  0%| F|  |TAMS 0x0000000085d00000, 0x0000000085d00000| Untracked 
|   6|0x0000000085e00000, 0x0000000085e00000, 0x0000000085f00000|  0%| F|  |TAMS 0x0000000085e00000, 0x0000000085e00000| Untracked 
|   7|0x0000000085f00000, 0x0000000085f00000, 0x0000000086000000|  0%| F|  |TAMS 0x0000000085f00000, 0x0000000085f00000| Untracked 
|   8|0x0000000086000000, 0x0000000086000000, 0x0000000086100000|  0%| F|  |TAMS 0x0000000086000000, 0x0000000086000000| Untracked 
|   9|0x0000000086100000, 0x0000000086100000, 0x0000000086200000|  0%| F|  |TAMS 0x0000000086100000, 0x0000000086100000| Untracked 
|  10|0x0000000086200000, 0x0000000086200000, 0x0000000086300000|  0%| F|  |TAMS 0x0000000086200000, 0x0000000086200000| Untracked 
|  11|0x0000000086300000, 0x0000000086300000, 0x0000000086400000|  0%| F|  |TAMS 0x0000000086300000, 0x0000000086300000| Untracked 
|  12|0x0000000086400000, 0x0000000086400000, 0x0000000086500000|  0%| F|  |TAMS 0x0000000086400000, 0x0000000086400000| Untracked 
|  13|0x0000000086500000, 0x0000000086500000, 0x0000000086600000|  0%| F|  |TAMS 0x0000000086500000, 0x0000000086500000| Untracked 
|  14|0x0000000086600000, 0x0000000086600000, 0x0000000086700000|  0%| F|  |TAMS 0x0000000086600000, 0x0000000086600000| Untracked 
|  15|0x0000000086700000, 0x0000000086700000, 0x0000000086800000|  0%| F|  |TAMS 0x0000000086700000, 0x0000000086700000| Untracked 
|  16|0x0000000086800000, 0x0000000086800000, 0x0000000086900000|  0%| F|  |TAMS 0x0000000086800000, 0x0000000086800000| Untracked 
|  17|0x0000000086900000, 0x0000000086900000, 0x0000000086a00000|  0%| F|  |TAMS 0x0000000086900000, 0x0000000086900000| Untracked 
|  18|0x0000000086a00000, 0x0000000086a00000, 0x0000000086b00000|  0%| F|  |TAMS 0x0000000086a00000, 0x0000000086a00000| Untracked 
|  19|0x0000000086b00000, 0x0000000086b00000, 0x0000000086c00000|  0%| F|  |TAMS 0x0000000086b00000, 0x0000000086b00000| Untracked 
|  20|0x0000000086c00000, 0x0000000086c00000, 0x0000000086d00000|  0%| F|  |TAMS 0x0000000086c00000, 0x0000000086c00000| Untracked 
|  21|0x0000000086d00000, 0x0000000086d00000, 0x0000000086e00000|  0%| F|  |TAMS 0x0000000086d00000, 0x0000000086d00000| Untracked 
|  22|0x0000000086e00000, 0x0000000086e00000, 0x0000000086f00000|  0%| F|  |TAMS 0x0000000086e00000, 0x0000000086e00000| Untracked 
|  23|0x0000000086f00000, 0x0000000086f00000, 0x0000000087000000|  0%| F|  |TAMS 0x0000000086f00000, 0x0000000086f00000| Untracked 
|  24|0x0000000087000000, 0x0000000087000000, 0x0000000087100000|  0%| F|  |TAMS 0x0000000087000000, 0x0000000087000000| Untracked 
|  25|0x0000000087100000, 0x0000000087100000, 0x0000000087200000|  0%| F|  |TAMS 0x0000000087100000, 0x0000000087100000| Untracked 
|  26|0x0000000087200000, 0x0000000087200000, 0x0000000087300000|  0%| F|  |TAMS 0x0000000087200000, 0x0000000087200000| Untracked 
|  27|0x0000000087300000, 0x0000000087300000, 0x0000000087400000|  0%| F|  |TAMS 0x0000000087300000, 0x0000000087300000| Untracked 
|  28|0x0000000087400000, 0x0000000087400000, 0x0000000087500000|  0%| F|  |TAMS 0x0000000087400000, 0x0000000087400000| Untracked 
|  29|0x0000000087500000, 0x0000000087500000, 0x0000000087600000|  0%| F|  |TAMS 0x0000000087500000, 0x0000000087500000| Untracked 
|  30|0x0000000087600000, 0x0000000087600000, 0x0000000087700000|  0%| F|  |TAMS 0x0000000087600000, 0x0000000087600000| Untracked 
|  31|0x0000000087700000, 0x0000000087700000, 0x0000000087800000|  0%| F|  |TAMS 0x0000000087700000, 0x0000000087700000| Untracked 
|  32|0x0000000087800000, 0x0000000087800000, 0x0000000087900000|  0%| F|  |TAMS 0x0000000087800000, 0x0000000087800000| Untracked 
|  33|0x0000000087900000, 0x0000000087900000, 0x0000000087a00000|  0%| F|  |TAMS 0x0000000087900000, 0x0000000087900000| Untracked 
|  34|0x0000000087a00000, 0x0000000087a00000, 0x0000000087b00000|  0%| F|  |TAMS 0x0000000087a00000, 0x0000000087a00000| Untracked 
|  35|0x0000000087b00000, 0x0000000087b00000, 0x0000000087c00000|  0%| F|  |TAMS 0x0000000087b00000, 0x0000000087b00000| Untracked 
|  36|0x0000000087c00000, 0x0000000087c00000, 0x0000000087d00000|  0%| F|  |TAMS 0x0000000087c00000, 0x0000000087c00000| Untracked 
|  37|0x0000000087d00000, 0x0000000087d00000, 0x0000000087e00000|  0%| F|  |TAMS 0x0000000087d00000, 0x0000000087d00000| Untracked 
|  38|0x0000000087e00000, 0x0000000087e00000, 0x0000000087f00000|  0%| F|  |TAMS 0x0000000087e00000, 0x0000000087e00000| Untracked 
|  39|0x0000000087f00000, 0x0000000087f00000, 0x0000000088000000|  0%| F|  |TAMS 0x0000000087f00000, 0x0000000087f00000| Untracked 
|  40|0x0000000088000000, 0x0000000088000000, 0x0000000088100000|  0%| F|  |TAMS 0x0000000088000000, 0x0000000088000000| Untracked 
|  41|0x0000000088100000, 0x0000000088100000, 0x0000000088200000|  0%| F|  |TAMS 0x0000000088100000, 0x0000000088100000| Untracked 
|  42|0x0000000088200000, 0x0000000088200000, 0x0000000088300000|  0%| F|  |TAMS 0x0000000088200000, 0x0000000088200000| Untracked 
|  43|0x0000000088300000, 0x0000000088300000, 0x0000000088400000|  0%| F|  |TAMS 0x0000000088300000, 0x0000000088300000| Untracked 
|  44|0x0000000088400000, 0x0000000088400000, 0x0000000088500000|  0%| F|  |TAMS 0x0000000088400000, 0x0000000088400000| Untracked 
|  45|0x0000000088500000, 0x0000000088500000, 0x0000000088600000|  0%| F|  |TAMS 0x0000000088500000, 0x0000000088500000| Untracked 
|  46|0x0000000088600000, 0x0000000088600000, 0x0000000088700000|  0%| F|  |TAMS 0x0000000088600000, 0x0000000088600000| Untracked 
|  47|0x0000000088700000, 0x0000000088700000, 0x0000000088800000|  0%| F|  |TAMS 0x0000000088700000, 0x0000000088700000| Untracked 
|  48|0x0000000088800000, 0x0000000088800000, 0x0000000088900000|  0%| F|  |TAMS 0x0000000088800000, 0x0000000088800000| Untracked 
|  49|0x0000000088900000, 0x0000000088900000, 0x0000000088a00000|  0%| F|  |TAMS 0x0000000088900000, 0x0000000088900000| Untracked 
|  50|0x0000000088a00000, 0x0000000088a00000, 0x0000000088b00000|  0%| F|  |TAMS 0x0000000088a00000, 0x0000000088a00000| Untracked 
|  51|0x0000000088b00000, 0x0000000088b00000, 0x0000000088c00000|  0%| F|  |TAMS 0x0000000088b00000, 0x0000000088b00000| Untracked 
|  52|0x0000000088c00000, 0x0000000088c00000, 0x0000000088d00000|  0%| F|  |TAMS 0x0000000088c00000, 0x0000000088c00000| Untracked 
|  53|0x0000000088d00000, 0x0000000088d00000, 0x0000000088e00000|  0%| F|  |TAMS 0x0000000088d00000, 0x0000000088d00000| Untracked 
|  54|0x0000000088e00000, 0x0000000088e00000, 0x0000000088f00000|  0%| F|  |TAMS 0x0000000088e00000, 0x0000000088e00000| Untracked 
|  55|0x0000000088f00000, 0x0000000088f00000, 0x0000000089000000|  0%| F|  |TAMS 0x0000000088f00000, 0x0000000088f00000| Untracked 
|  56|0x0000000089000000, 0x0000000089000000, 0x0000000089100000|  0%| F|  |TAMS 0x0000000089000000, 0x0000000089000000| Untracked 
|  57|0x0000000089100000, 0x0000000089100000, 0x0000000089200000|  0%| F|  |TAMS 0x0000000089100000, 0x0000000089100000| Untracked 
|  58|0x0000000089200000, 0x0000000089200000, 0x0000000089300000|  0%| F|  |TAMS 0x0000000089200000, 0x0000000089200000| Untracked 
|  59|0x0000000089300000, 0x0000000089300000, 0x0000000089400000|  0%| F|  |TAMS 0x0000000089300000, 0x0000000089300000| Untracked 
|  60|0x0000000089400000, 0x0000000089400000, 0x0000000089500000|  0%| F|  |TAMS 0x0000000089400000, 0x0000000089400000| Untracked 
|  61|0x0000000089500000, 0x0000000089500000, 0x0000000089600000|  0%| F|  |TAMS 0x0000000089500000, 0x0000000089500000| Untracked 
|  62|0x0000000089600000, 0x0000000089600000, 0x0000000089700000|  0%| F|  |TAMS 0x0000000089600000, 0x0000000089600000| Untracked 
|  63|0x0000000089700000, 0x0000000089700000, 0x0000000089800000|  0%| F|  |TAMS 0x0000000089700000, 0x0000000089700000| Untracked 
|  64|0x0000000089800000, 0x0000000089800000, 0x0000000089900000|  0%| F|  |TAMS 0x0000000089800000, 0x0000000089800000| Untracked 
|  65|0x0000000089900000, 0x0000000089900000, 0x0000000089a00000|  0%| F|  |TAMS 0x0000000089900000, 0x0000000089900000| Untracked 
|  66|0x0000000089a00000, 0x0000000089a00000, 0x0000000089b00000|  0%| F|  |TAMS 0x0000000089a00000, 0x0000000089a00000| Untracked 
|  67|0x0000000089b00000, 0x0000000089b00000, 0x0000000089c00000|  0%| F|  |TAMS 0x0000000089b00000, 0x0000000089b00000| Untracked 
|  68|0x0000000089c00000, 0x0000000089c00000, 0x0000000089d00000|  0%| F|  |TAMS 0x0000000089c00000, 0x0000000089c00000| Untracked 
|  69|0x0000000089d00000, 0x0000000089d00000, 0x0000000089e00000|  0%| F|  |TAMS 0x0000000089d00000, 0x0000000089d00000| Untracked 
|  70|0x0000000089e00000, 0x0000000089e00000, 0x0000000089f00000|  0%| F|  |TAMS 0x0000000089e00000, 0x0000000089e00000| Untracked 
|  71|0x0000000089f00000, 0x0000000089f00000, 0x000000008a000000|  0%| F|  |TAMS 0x0000000089f00000, 0x0000000089f00000| Untracked 
|  72|0x000000008a000000, 0x000000008a000000, 0x000000008a100000|  0%| F|  |TAMS 0x000000008a000000, 0x000000008a000000| Untracked 
|  73|0x000000008a100000, 0x000000008a100000, 0x000000008a200000|  0%| F|  |TAMS 0x000000008a100000, 0x000000008a100000| Untracked 
|  74|0x000000008a200000, 0x000000008a200000, 0x000000008a300000|  0%| F|  |TAMS 0x000000008a200000, 0x000000008a200000| Untracked 
|  75|0x000000008a300000, 0x000000008a300000, 0x000000008a400000|  0%| F|  |TAMS 0x000000008a300000, 0x000000008a300000| Untracked 
|  76|0x000000008a400000, 0x000000008a400000, 0x000000008a500000|  0%| F|  |TAMS 0x000000008a400000, 0x000000008a400000| Untracked 
|  77|0x000000008a500000, 0x000000008a500000, 0x000000008a600000|  0%| F|  |TAMS 0x000000008a500000, 0x000000008a500000| Untracked 
|  78|0x000000008a600000, 0x000000008a600000, 0x000000008a700000|  0%| F|  |TAMS 0x000000008a600000, 0x000000008a600000| Untracked 
|  79|0x000000008a700000, 0x000000008a700000, 0x000000008a800000|  0%| F|  |TAMS 0x000000008a700000, 0x000000008a700000| Untracked 
|  80|0x000000008a800000, 0x000000008a800000, 0x000000008a900000|  0%| F|  |TAMS 0x000000008a800000, 0x000000008a800000| Untracked 
|  81|0x000000008a900000, 0x000000008a900000, 0x000000008aa00000|  0%| F|  |TAMS 0x000000008a900000, 0x000000008a900000| Untracked 
|  82|0x000000008aa00000, 0x000000008aa00000, 0x000000008ab00000|  0%| F|  |TAMS 0x000000008aa00000, 0x000000008aa00000| Untracked 
|  83|0x000000008ab00000, 0x000000008ab00000, 0x000000008ac00000|  0%| F|  |TAMS 0x000000008ab00000, 0x000000008ab00000| Untracked 
|  84|0x000000008ac00000, 0x000000008ac00000, 0x000000008ad00000|  0%| F|  |TAMS 0x000000008ac00000, 0x000000008ac00000| Untracked 
|  85|0x000000008ad00000, 0x000000008ad00000, 0x000000008ae00000|  0%| F|  |TAMS 0x000000008ad00000, 0x000000008ad00000| Untracked 
|  86|0x000000008ae00000, 0x000000008ae00000, 0x000000008af00000|  0%| F|  |TAMS 0x000000008ae00000, 0x000000008ae00000| Untracked 
|  87|0x000000008af00000, 0x000000008af00000, 0x000000008b000000|  0%| F|  |TAMS 0x000000008af00000, 0x000000008af00000| Untracked 
|  88|0x000000008b000000, 0x000000008b000000, 0x000000008b100000|  0%| F|  |TAMS 0x000000008b000000, 0x000000008b000000| Untracked 
|  89|0x000000008b100000, 0x000000008b100000, 0x000000008b200000|  0%| F|  |TAMS 0x000000008b100000, 0x000000008b100000| Untracked 
|  90|0x000000008b200000, 0x000000008b200000, 0x000000008b300000|  0%| F|  |TAMS 0x000000008b200000, 0x000000008b200000| Untracked 
|  91|0x000000008b300000, 0x000000008b300000, 0x000000008b400000|  0%| F|  |TAMS 0x000000008b300000, 0x000000008b300000| Untracked 
|  92|0x000000008b400000, 0x000000008b400000, 0x000000008b500000|  0%| F|  |TAMS 0x000000008b400000, 0x000000008b400000| Untracked 
|  93|0x000000008b500000, 0x000000008b500000, 0x000000008b600000|  0%| F|  |TAMS 0x000000008b500000, 0x000000008b500000| Untracked 
|  94|0x000000008b600000, 0x000000008b600000, 0x000000008b700000|  0%| F|  |TAMS 0x000000008b600000, 0x000000008b600000| Untracked 
|  95|0x000000008b700000, 0x000000008b700000, 0x000000008b800000|  0%| F|  |TAMS 0x000000008b700000, 0x000000008b700000| Untracked 
|  96|0x000000008b800000, 0x000000008b800000, 0x000000008b900000|  0%| F|  |TAMS 0x000000008b800000, 0x000000008b800000| Untracked 
|  97|0x000000008b900000, 0x000000008b900000, 0x000000008ba00000|  0%| F|  |TAMS 0x000000008b900000, 0x000000008b900000| Untracked 
|  98|0x000000008ba00000, 0x000000008ba00000, 0x000000008bb00000|  0%| F|  |TAMS 0x000000008ba00000, 0x000000008ba00000| Untracked 
|  99|0x000000008bb00000, 0x000000008bb00000, 0x000000008bc00000|  0%| F|  |TAMS 0x000000008bb00000, 0x000000008bb00000| Untracked 
| 100|0x000000008bc00000, 0x000000008bc00000, 0x000000008bd00000|  0%| F|  |TAMS 0x000000008bc00000, 0x000000008bc00000| Untracked 
| 101|0x000000008bd00000, 0x000000008bd00000, 0x000000008be00000|  0%| F|  |TAMS 0x000000008bd00000, 0x000000008bd00000| Untracked 
| 102|0x000000008be00000, 0x000000008be00000, 0x000000008bf00000|  0%| F|  |TAMS 0x000000008be00000, 0x000000008be00000| Untracked 
| 103|0x000000008bf00000, 0x000000008bf00000, 0x000000008c000000|  0%| F|  |TAMS 0x000000008bf00000, 0x000000008bf00000| Untracked 
| 104|0x000000008c000000, 0x000000008c002040, 0x000000008c100000|  0%| S|CS|TAMS 0x000000008c000000, 0x000000008c000000| Complete 
| 105|0x000000008c100000, 0x000000008c100000, 0x000000008c200000|  0%| F|  |TAMS 0x000000008c100000, 0x000000008c100000| Untracked 
| 106|0x000000008c200000, 0x000000008c200000, 0x000000008c300000|  0%| F|  |TAMS 0x000000008c200000, 0x000000008c200000| Untracked 
| 107|0x000000008c300000, 0x000000008c300000, 0x000000008c400000|  0%| F|  |TAMS 0x000000008c300000, 0x000000008c300000| Untracked 
| 108|0x000000008c400000, 0x000000008c400000, 0x000000008c500000|  0%| F|  |TAMS 0x000000008c400000, 0x000000008c400000| Untracked 
| 109|0x000000008c500000, 0x000000008c500000, 0x000000008c600000|  0%| F|  |TAMS 0x000000008c500000, 0x000000008c500000| Untracked 
| 110|0x000000008c600000, 0x000000008c600000, 0x000000008c700000|  0%| F|  |TAMS 0x000000008c600000, 0x000000008c600000| Untracked 
| 111|0x000000008c700000, 0x000000008c700000, 0x000000008c800000|  0%| F|  |TAMS 0x000000008c700000, 0x000000008c700000| Untracked 
| 112|0x000000008c800000, 0x000000008c800000, 0x000000008c900000|  0%| F|  |TAMS 0x000000008c800000, 0x000000008c800000| Untracked 
| 113|0x000000008c900000, 0x000000008c900000, 0x000000008ca00000|  0%| F|  |TAMS 0x000000008c900000, 0x000000008c900000| Untracked 
| 114|0x000000008ca00000, 0x000000008ca00000, 0x000000008cb00000|  0%| F|  |TAMS 0x000000008ca00000, 0x000000008ca00000| Untracked 
| 115|0x000000008cb00000, 0x000000008cb00000, 0x000000008cc00000|  0%| F|  |TAMS 0x000000008cb00000, 0x000000008cb00000| Untracked 
| 116|0x000000008cc00000, 0x000000008cc00000, 0x000000008cd00000|  0%| F|  |TAMS 0x000000008cc00000, 0x000000008cc00000| Untracked 
| 117|0x000000008cd00000, 0x000000008cd00000, 0x000000008ce00000|  0%| F|  |TAMS 0x000000008cd00000, 0x000000008cd00000| Untracked 
| 118|0x000000008ce00000, 0x000000008ce00000, 0x000000008cf00000|  0%| F|  |TAMS 0x000000008ce00000, 0x000000008ce00000| Untracked 
| 119|0x000000008cf00000, 0x000000008cf00000, 0x000000008d000000|  0%| F|  |TAMS 0x000000008cf00000, 0x000000008cf00000| Untracked 
| 120|0x000000008d000000, 0x000000008d000000, 0x000000008d100000|  0%| F|  |TAMS 0x000000008d000000, 0x000000008d000000| Untracked 
| 121|0x000000008d100000, 0x000000008d100000, 0x000000008d200000|  0%| F|  |TAMS 0x000000008d100000, 0x000000008d100000| Untracked 
| 122|0x000000008d200000, 0x000000008d200000, 0x000000008d300000|  0%| F|  |TAMS 0x000000008d200000, 0x000000008d200000| Untracked 
| 123|0x000000008d300000, 0x000000008d300000, 0x000000008d400000|  0%| F|  |TAMS 0x000000008d300000, 0x000000008d300000| Untracked 
| 124|0x000000008d400000, 0x000000008d400000, 0x000000008d500000|  0%| F|  |TAMS 0x000000008d400000, 0x000000008d400000| Untracked 
| 125|0x000000008d500000, 0x000000008d500000, 0x000000008d600000|  0%| F|  |TAMS 0x000000008d500000, 0x000000008d500000| Untracked 
| 126|0x000000008d600000, 0x000000008d600000, 0x000000008d700000|  0%| F|  |TAMS 0x000000008d600000, 0x000000008d600000| Untracked 
| 127|0x000000008d700000, 0x000000008d700000, 0x000000008d800000|  0%| F|  |TAMS 0x000000008d700000, 0x000000008d700000| Untracked 
| 128|0x000000008d800000, 0x000000008d800000, 0x000000008d900000|  0%| F|  |TAMS 0x000000008d800000, 0x000000008d800000| Untracked 
| 129|0x000000008d900000, 0x000000008d900000, 0x000000008da00000|  0%| F|  |TAMS 0x000000008d900000, 0x000000008d900000| Untracked 
| 130|0x000000008da00000, 0x000000008da00000, 0x000000008db00000|  0%| F|  |TAMS 0x000000008da00000, 0x000000008da00000| Untracked 
| 131|0x000000008db00000, 0x000000008db00000, 0x000000008dc00000|  0%| F|  |TAMS 0x000000008db00000, 0x000000008db00000| Untracked 
| 132|0x000000008dc00000, 0x000000008dc00000, 0x000000008dd00000|  0%| F|  |TAMS 0x000000008dc00000, 0x000000008dc00000| Untracked 
| 133|0x000000008dd00000, 0x000000008dd00000, 0x000000008de00000|  0%| F|  |TAMS 0x000000008dd00000, 0x000000008dd00000| Untracked 
| 134|0x000000008de00000, 0x000000008de00000, 0x000000008df00000|  0%| F|  |TAMS 0x000000008de00000, 0x000000008de00000| Untracked 
| 135|0x000000008df00000, 0x000000008df00000, 0x000000008e000000|  0%| F|  |TAMS 0x000000008df00000, 0x000000008df00000| Untracked 
| 136|0x000000008e000000, 0x000000008e000000, 0x000000008e100000|  0%| F|  |TAMS 0x000000008e000000, 0x000000008e000000| Untracked 
| 137|0x000000008e100000, 0x000000008e100000, 0x000000008e200000|  0%| F|  |TAMS 0x000000008e100000, 0x000000008e100000| Untracked 
| 138|0x000000008e200000, 0x000000008e200000, 0x000000008e300000|  0%| F|  |TAMS 0x000000008e200000, 0x000000008e200000| Untracked 
| 139|0x000000008e300000, 0x000000008e300000, 0x000000008e400000|  0%| F|  |TAMS 0x000000008e300000, 0x000000008e300000| Untracked 
| 140|0x000000008e400000, 0x000000008e400000, 0x000000008e500000|  0%| F|  |TAMS 0x000000008e400000, 0x000000008e400000| Untracked 
| 141|0x000000008e500000, 0x000000008e500000, 0x000000008e600000|  0%| F|  |TAMS 0x000000008e500000, 0x000000008e500000| Untracked 
| 142|0x000000008e600000, 0x000000008e600000, 0x000000008e700000|  0%| F|  |TAMS 0x000000008e600000, 0x000000008e600000| Untracked 
| 143|0x000000008e700000, 0x000000008e700000, 0x000000008e800000|  0%| F|  |TAMS 0x000000008e700000, 0x000000008e700000| Untracked 
| 144|0x000000008e800000, 0x000000008e800000, 0x000000008e900000|  0%| F|  |TAMS 0x000000008e800000, 0x000000008e800000| Untracked 
| 145|0x000000008e900000, 0x000000008e900000, 0x000000008ea00000|  0%| F|  |TAMS 0x000000008e900000, 0x000000008e900000| Untracked 
| 146|0x000000008ea00000, 0x000000008ea00000, 0x000000008eb00000|  0%| F|  |TAMS 0x000000008ea00000, 0x000000008ea00000| Untracked 
| 147|0x000000008eb00000, 0x000000008eb00000, 0x000000008ec00000|  0%| F|  |TAMS 0x000000008eb00000, 0x000000008eb00000| Untracked 
| 148|0x000000008ec00000, 0x000000008ec00000, 0x000000008ed00000|  0%| F|  |TAMS 0x000000008ec00000, 0x000000008ec00000| Untracked 
| 149|0x000000008ed00000, 0x000000008ed00000, 0x000000008ee00000|  0%| F|  |TAMS 0x000000008ed00000, 0x000000008ed00000| Untracked 
| 150|0x000000008ee00000, 0x000000008ee00000, 0x000000008ef00000|  0%| F|  |TAMS 0x000000008ee00000, 0x000000008ee00000| Untracked 
| 151|0x000000008ef00000, 0x000000008ef00000, 0x000000008f000000|  0%| F|  |TAMS 0x000000008ef00000, 0x000000008ef00000| Untracked 
| 152|0x000000008f000000, 0x000000008f000000, 0x000000008f100000|  0%| F|  |TAMS 0x000000008f000000, 0x000000008f000000| Untracked 
| 153|0x000000008f100000, 0x000000008f100000, 0x000000008f200000|  0%| F|  |TAMS 0x000000008f100000, 0x000000008f100000| Untracked 
| 154|0x000000008f200000, 0x000000008f200000, 0x000000008f300000|  0%| F|  |TAMS 0x000000008f200000, 0x000000008f200000| Untracked 
| 155|0x000000008f300000, 0x000000008f300000, 0x000000008f400000|  0%| F|  |TAMS 0x000000008f300000, 0x000000008f300000| Untracked 
| 156|0x000000008f400000, 0x000000008f400000, 0x000000008f500000|  0%| F|  |TAMS 0x000000008f400000, 0x000000008f400000| Untracked 
| 157|0x000000008f500000, 0x000000008f500000, 0x000000008f600000|  0%| F|  |TAMS 0x000000008f500000, 0x000000008f500000| Untracked 
| 158|0x000000008f600000, 0x000000008f600000, 0x000000008f700000|  0%| F|  |TAMS 0x000000008f600000, 0x000000008f600000| Untracked 
| 159|0x000000008f700000, 0x000000008f700000, 0x000000008f800000|  0%| F|  |TAMS 0x000000008f700000, 0x000000008f700000| Untracked 
| 160|0x000000008f800000, 0x000000008f800000, 0x000000008f900000|  0%| F|  |TAMS 0x000000008f800000, 0x000000008f800000| Untracked 
| 161|0x000000008f900000, 0x000000008f900000, 0x000000008fa00000|  0%| F|  |TAMS 0x000000008f900000, 0x000000008f900000| Untracked 
| 162|0x000000008fa00000, 0x000000008fa00000, 0x000000008fb00000|  0%| F|  |TAMS 0x000000008fa00000, 0x000000008fa00000| Untracked 
| 163|0x000000008fb00000, 0x000000008fb00000, 0x000000008fc00000|  0%| F|  |TAMS 0x000000008fb00000, 0x000000008fb00000| Untracked 
| 164|0x000000008fc00000, 0x000000008fc00000, 0x000000008fd00000|  0%| F|  |TAMS 0x000000008fc00000, 0x000000008fc00000| Untracked 
| 165|0x000000008fd00000, 0x000000008fd00000, 0x000000008fe00000|  0%| F|  |TAMS 0x000000008fd00000, 0x000000008fd00000| Untracked 
| 166|0x000000008fe00000, 0x000000008fe00000, 0x000000008ff00000|  0%| F|  |TAMS 0x000000008fe00000, 0x000000008fe00000| Untracked 
| 167|0x000000008ff00000, 0x000000008ff00000, 0x0000000090000000|  0%| F|  |TAMS 0x000000008ff00000, 0x000000008ff00000| Untracked 
| 168|0x0000000090000000, 0x0000000090000000, 0x0000000090100000|  0%| F|  |TAMS 0x0000000090000000, 0x0000000090000000| Untracked 
| 169|0x0000000090100000, 0x0000000090100000, 0x0000000090200000|  0%| F|  |TAMS 0x0000000090100000, 0x0000000090100000| Untracked 
| 170|0x0000000090200000, 0x0000000090200000, 0x0000000090300000|  0%| F|  |TAMS 0x0000000090200000, 0x0000000090200000| Untracked 
| 171|0x0000000090300000, 0x0000000090300000, 0x0000000090400000|  0%| F|  |TAMS 0x0000000090300000, 0x0000000090300000| Untracked 
| 172|0x0000000090400000, 0x0000000090400000, 0x0000000090500000|  0%| F|  |TAMS 0x0000000090400000, 0x0000000090400000| Untracked 
| 173|0x0000000090500000, 0x0000000090500000, 0x0000000090600000|  0%| F|  |TAMS 0x0000000090500000, 0x0000000090500000| Untracked 
| 174|0x0000000090600000, 0x0000000090600000, 0x0000000090700000|  0%| F|  |TAMS 0x0000000090600000, 0x0000000090600000| Untracked 
| 175|0x0000000090700000, 0x0000000090700000, 0x0000000090800000|  0%| F|  |TAMS 0x0000000090700000, 0x0000000090700000| Untracked 
| 176|0x0000000090800000, 0x0000000090800000, 0x0000000090900000|  0%| F|  |TAMS 0x0000000090800000, 0x0000000090800000| Untracked 
| 177|0x0000000090900000, 0x0000000090900000, 0x0000000090a00000|  0%| F|  |TAMS 0x0000000090900000, 0x0000000090900000| Untracked 
| 178|0x0000000090a00000, 0x0000000090a00000, 0x0000000090b00000|  0%| F|  |TAMS 0x0000000090a00000, 0x0000000090a00000| Untracked 
| 179|0x0000000090b00000, 0x0000000090b00000, 0x0000000090c00000|  0%| F|  |TAMS 0x0000000090b00000, 0x0000000090b00000| Untracked 
| 180|0x0000000090c00000, 0x0000000090c00000, 0x0000000090d00000|  0%| F|  |TAMS 0x0000000090c00000, 0x0000000090c00000| Untracked 
| 181|0x0000000090d00000, 0x0000000090d00000, 0x0000000090e00000|  0%| F|  |TAMS 0x0000000090d00000, 0x0000000090d00000| Untracked 
| 182|0x0000000090e00000, 0x0000000090e00000, 0x0000000090f00000|  0%| F|  |TAMS 0x0000000090e00000, 0x0000000090e00000| Untracked 
| 183|0x0000000090f00000, 0x0000000090f00000, 0x0000000091000000|  0%| F|  |TAMS 0x0000000090f00000, 0x0000000090f00000| Untracked 
| 184|0x0000000091000000, 0x0000000091000000, 0x0000000091100000|  0%| F|  |TAMS 0x0000000091000000, 0x0000000091000000| Untracked 
| 185|0x0000000091100000, 0x0000000091100000, 0x0000000091200000|  0%| F|  |TAMS 0x0000000091100000, 0x0000000091100000| Untracked 
| 186|0x0000000091200000, 0x0000000091200000, 0x0000000091300000|  0%| F|  |TAMS 0x0000000091200000, 0x0000000091200000| Untracked 
| 187|0x0000000091300000, 0x0000000091300000, 0x0000000091400000|  0%| F|  |TAMS 0x0000000091300000, 0x0000000091300000| Untracked 
| 188|0x0000000091400000, 0x0000000091400000, 0x0000000091500000|  0%| F|  |TAMS 0x0000000091400000, 0x0000000091400000| Untracked 
| 189|0x0000000091500000, 0x0000000091500000, 0x0000000091600000|  0%| F|  |TAMS 0x0000000091500000, 0x0000000091500000| Untracked 
| 190|0x0000000091600000, 0x0000000091600000, 0x0000000091700000|  0%| F|  |TAMS 0x0000000091600000, 0x0000000091600000| Untracked 
| 191|0x0000000091700000, 0x0000000091700000, 0x0000000091800000|  0%| F|  |TAMS 0x0000000091700000, 0x0000000091700000| Untracked 
| 192|0x0000000091800000, 0x0000000091800000, 0x0000000091900000|  0%| F|  |TAMS 0x0000000091800000, 0x0000000091800000| Untracked 
| 193|0x0000000091900000, 0x0000000091900000, 0x0000000091a00000|  0%| F|  |TAMS 0x0000000091900000, 0x0000000091900000| Untracked 
| 194|0x0000000091a00000, 0x0000000091a00000, 0x0000000091b00000|  0%| F|  |TAMS 0x0000000091a00000, 0x0000000091a00000| Untracked 
| 195|0x0000000091b00000, 0x0000000091b00000, 0x0000000091c00000|  0%| F|  |TAMS 0x0000000091b00000, 0x0000000091b00000| Untracked 
| 196|0x0000000091c00000, 0x0000000091c00000, 0x0000000091d00000|  0%| F|  |TAMS 0x0000000091c00000, 0x0000000091c00000| Untracked 
| 197|0x0000000091d00000, 0x0000000091d00000, 0x0000000091e00000|  0%| F|  |TAMS 0x0000000091d00000, 0x0000000091d00000| Untracked 
| 198|0x0000000091e00000, 0x0000000091e00000, 0x0000000091f00000|  0%| F|  |TAMS 0x0000000091e00000, 0x0000000091e00000| Untracked 
| 199|0x0000000091f00000, 0x0000000091f00000, 0x0000000092000000|  0%| F|  |TAMS 0x0000000091f00000, 0x0000000091f00000| Untracked 
| 200|0x0000000092000000, 0x0000000092000000, 0x0000000092100000|  0%| F|  |TAMS 0x0000000092000000, 0x0000000092000000| Untracked 
| 201|0x0000000092100000, 0x0000000092100000, 0x0000000092200000|  0%| F|  |TAMS 0x0000000092100000, 0x0000000092100000| Untracked 
| 202|0x0000000092200000, 0x0000000092200000, 0x0000000092300000|  0%| F|  |TAMS 0x0000000092200000, 0x0000000092200000| Untracked 
| 203|0x0000000092300000, 0x0000000092300000, 0x0000000092400000|  0%| F|  |TAMS 0x0000000092300000, 0x0000000092300000| Untracked 
| 204|0x0000000092400000, 0x0000000092400000, 0x0000000092500000|  0%| F|  |TAMS 0x0000000092400000, 0x0000000092400000| Untracked 
| 205|0x0000000092500000, 0x0000000092500000, 0x0000000092600000|  0%| F|  |TAMS 0x0000000092500000, 0x0000000092500000| Untracked 
| 206|0x0000000092600000, 0x0000000092600000, 0x0000000092700000|  0%| F|  |TAMS 0x0000000092600000, 0x0000000092600000| Untracked 
| 207|0x0000000092700000, 0x0000000092700000, 0x0000000092800000|  0%| F|  |TAMS 0x0000000092700000, 0x0000000092700000| Untracked 
| 208|0x0000000092800000, 0x0000000092800000, 0x0000000092900000|  0%| F|  |TAMS 0x0000000092800000, 0x0000000092800000| Untracked 
| 209|0x0000000092900000, 0x0000000092900000, 0x0000000092a00000|  0%| F|  |TAMS 0x0000000092900000, 0x0000000092900000| Untracked 
| 210|0x0000000092a00000, 0x0000000092a00000, 0x0000000092b00000|  0%| F|  |TAMS 0x0000000092a00000, 0x0000000092a00000| Untracked 
| 211|0x0000000092b00000, 0x0000000092b00000, 0x0000000092c00000|  0%| F|  |TAMS 0x0000000092b00000, 0x0000000092b00000| Untracked 
| 212|0x0000000092c00000, 0x0000000092c00000, 0x0000000092d00000|  0%| F|  |TAMS 0x0000000092c00000, 0x0000000092c00000| Untracked 
| 213|0x0000000092d00000, 0x0000000092d00000, 0x0000000092e00000|  0%| F|  |TAMS 0x0000000092d00000, 0x0000000092d00000| Untracked 
| 214|0x0000000092e00000, 0x0000000092e00000, 0x0000000092f00000|  0%| F|  |TAMS 0x0000000092e00000, 0x0000000092e00000| Untracked 
| 215|0x0000000092f00000, 0x0000000092f00000, 0x0000000093000000|  0%| F|  |TAMS 0x0000000092f00000, 0x0000000092f00000| Untracked 
| 216|0x0000000093000000, 0x0000000093000000, 0x0000000093100000|  0%| F|  |TAMS 0x0000000093000000, 0x0000000093000000| Untracked 
| 217|0x0000000093100000, 0x0000000093100000, 0x0000000093200000|  0%| F|  |TAMS 0x0000000093100000, 0x0000000093100000| Untracked 
| 218|0x0000000093200000, 0x0000000093200000, 0x0000000093300000|  0%| F|  |TAMS 0x0000000093200000, 0x0000000093200000| Untracked 
| 219|0x0000000093300000, 0x0000000093300000, 0x0000000093400000|  0%| F|  |TAMS 0x0000000093300000, 0x0000000093300000| Untracked 
| 220|0x0000000093400000, 0x0000000093400000, 0x0000000093500000|  0%| F|  |TAMS 0x0000000093400000, 0x0000000093400000| Untracked 
| 221|0x0000000093500000, 0x0000000093500000, 0x0000000093600000|  0%| F|  |TAMS 0x0000000093500000, 0x0000000093500000| Untracked 
| 222|0x0000000093600000, 0x0000000093600000, 0x0000000093700000|  0%| F|  |TAMS 0x0000000093600000, 0x0000000093600000| Untracked 
| 223|0x0000000093700000, 0x0000000093700000, 0x0000000093800000|  0%| F|  |TAMS 0x0000000093700000, 0x0000000093700000| Untracked 
| 224|0x0000000093800000, 0x0000000093800000, 0x0000000093900000|  0%| F|  |TAMS 0x0000000093800000, 0x0000000093800000| Untracked 
| 225|0x0000000093900000, 0x0000000093900000, 0x0000000093a00000|  0%| F|  |TAMS 0x0000000093900000, 0x0000000093900000| Untracked 
| 226|0x0000000093a00000, 0x0000000093a00000, 0x0000000093b00000|  0%| F|  |TAMS 0x0000000093a00000, 0x0000000093a00000| Untracked 
| 227|0x0000000093b00000, 0x0000000093b00000, 0x0000000093c00000|  0%| F|  |TAMS 0x0000000093b00000, 0x0000000093b00000| Untracked 
| 228|0x0000000093c00000, 0x0000000093c00000, 0x0000000093d00000|  0%| F|  |TAMS 0x0000000093c00000, 0x0000000093c00000| Untracked 
| 229|0x0000000093d00000, 0x0000000093d00000, 0x0000000093e00000|  0%| F|  |TAMS 0x0000000093d00000, 0x0000000093d00000| Untracked 
| 230|0x0000000093e00000, 0x0000000093e00000, 0x0000000093f00000|  0%| F|  |TAMS 0x0000000093e00000, 0x0000000093e00000| Untracked 
| 231|0x0000000093f00000, 0x0000000093f00000, 0x0000000094000000|  0%| F|  |TAMS 0x0000000093f00000, 0x0000000093f00000| Untracked 
| 232|0x0000000094000000, 0x0000000094000000, 0x0000000094100000|  0%| F|  |TAMS 0x0000000094000000, 0x0000000094000000| Untracked 
| 233|0x0000000094100000, 0x0000000094100000, 0x0000000094200000|  0%| F|  |TAMS 0x0000000094100000, 0x0000000094100000| Untracked 
| 234|0x0000000094200000, 0x0000000094200000, 0x0000000094300000|  0%| F|  |TAMS 0x0000000094200000, 0x0000000094200000| Untracked 
| 235|0x0000000094300000, 0x0000000094300000, 0x0000000094400000|  0%| F|  |TAMS 0x0000000094300000, 0x0000000094300000| Untracked 
| 236|0x0000000094400000, 0x0000000094400000, 0x0000000094500000|  0%| F|  |TAMS 0x0000000094400000, 0x0000000094400000| Untracked 
| 237|0x0000000094500000, 0x0000000094500000, 0x0000000094600000|  0%| F|  |TAMS 0x0000000094500000, 0x0000000094500000| Untracked 
| 238|0x0000000094600000, 0x0000000094600000, 0x0000000094700000|  0%| F|  |TAMS 0x0000000094600000, 0x0000000094600000| Untracked 
| 239|0x0000000094700000, 0x0000000094700000, 0x0000000094800000|  0%| F|  |TAMS 0x0000000094700000, 0x0000000094700000| Untracked 
| 240|0x0000000094800000, 0x0000000094800000, 0x0000000094900000|  0%| F|  |TAMS 0x0000000094800000, 0x0000000094800000| Untracked 
| 241|0x0000000094900000, 0x0000000094900000, 0x0000000094a00000|  0%| F|  |TAMS 0x0000000094900000, 0x0000000094900000| Untracked 
| 242|0x0000000094a00000, 0x0000000094a00000, 0x0000000094b00000|  0%| F|  |TAMS 0x0000000094a00000, 0x0000000094a00000| Untracked 
| 243|0x0000000094b00000, 0x0000000094b00000, 0x0000000094c00000|  0%| F|  |TAMS 0x0000000094b00000, 0x0000000094b00000| Untracked 
| 244|0x0000000094c00000, 0x0000000094c00000, 0x0000000094d00000|  0%| F|  |TAMS 0x0000000094c00000, 0x0000000094c00000| Untracked 
| 245|0x0000000094d00000, 0x0000000094d00000, 0x0000000094e00000|  0%| F|  |TAMS 0x0000000094d00000, 0x0000000094d00000| Untracked 
| 246|0x0000000094e00000, 0x0000000094e00000, 0x0000000094f00000|  0%| F|  |TAMS 0x0000000094e00000, 0x0000000094e00000| Untracked 
| 247|0x0000000094f00000, 0x0000000094f00000, 0x0000000095000000|  0%| F|  |TAMS 0x0000000094f00000, 0x0000000094f00000| Untracked 
| 248|0x0000000095000000, 0x0000000095000000, 0x0000000095100000|  0%| F|  |TAMS 0x0000000095000000, 0x0000000095000000| Untracked 
| 249|0x0000000095100000, 0x0000000095100000, 0x0000000095200000|  0%| F|  |TAMS 0x0000000095100000, 0x0000000095100000| Untracked 
| 250|0x0000000095200000, 0x0000000095200000, 0x0000000095300000|  0%| F|  |TAMS 0x0000000095200000, 0x0000000095200000| Untracked 
| 251|0x0000000095300000, 0x0000000095300000, 0x0000000095400000|  0%| F|  |TAMS 0x0000000095300000, 0x0000000095300000| Untracked 
| 252|0x0000000095400000, 0x0000000095400000, 0x0000000095500000|  0%| F|  |TAMS 0x0000000095400000, 0x0000000095400000| Untracked 
| 253|0x0000000095500000, 0x0000000095500000, 0x0000000095600000|  0%| F|  |TAMS 0x0000000095500000, 0x0000000095500000| Untracked 
| 254|0x0000000095600000, 0x0000000095600000, 0x0000000095700000|  0%| F|  |TAMS 0x0000000095600000, 0x0000000095600000| Untracked 
| 255|0x0000000095700000, 0x0000000095700000, 0x0000000095800000|  0%| F|  |TAMS 0x0000000095700000, 0x0000000095700000| Untracked 
| 256|0x0000000095800000, 0x0000000095800000, 0x0000000095900000|  0%| F|  |TAMS 0x0000000095800000, 0x0000000095800000| Untracked 
| 257|0x0000000095900000, 0x0000000095900000, 0x0000000095a00000|  0%| F|  |TAMS 0x0000000095900000, 0x0000000095900000| Untracked 

Card table byte_map: [0x0000022a7dfb0000,0x0000022a7e390000] _byte_map_base: 0x0000022a7db84000

Marking Bits (Prev, Next): (CMBitMap*) 0x0000022a7bd28b50, (CMBitMap*) 0x0000022a7bd28b90
 Prev Bits: [0x0000022a16e90000, 0x0000022a18d30000)
 Next Bits: [0x0000022a18d30000, 0x0000022a1abd0000)

Polling page: 0x0000022a7bb30000

Metaspace:

Usage:
  Non-class:      4.77 MB used.
      Class:    668.22 KB used.
       Both:      5.42 MB used.

Virtual space:
  Non-class space:       64.00 MB reserved,       4.88 MB (  8%) committed,  1 nodes.
      Class space:        1.00 GB reserved,     768.00 KB ( <1%) committed,  1 nodes.
             Both:        1.06 GB reserved,       5.62 MB ( <1%) committed. 

Chunk freelists:
   Non-Class:  2.07 MB
       Class:  3.06 MB
        Both:  5.13 MB

MaxMetaspaceSize: unlimited
CompressedClassSpaceSize: 1.00 GB
Initial GC threshold: 21.00 MB
Current GC threshold: 21.00 MB
CDS: on
MetaspaceReclaimPolicy: balanced
 - commit_granule_bytes: 65536.
 - commit_granule_words: 8192.
 - virtual_space_node_default_size: 8388608.
 - enlarge_chunks_in_place: 1.
 - new_chunks_are_fully_committed: 0.
 - uncommit_free_chunks: 1.
 - use_allocation_guard: 0.


Internal statistics:

num_allocs_failed_limit: 0.
num_arena_births: 156.
num_arena_deaths: 0.
num_vsnodes_births: 2.
num_vsnodes_deaths: 0.
num_space_committed: 90.
num_space_uncommitted: 0.
num_chunks_returned_to_freelist: 0.
num_chunks_taken_from_freelist: 318.
num_chunk_merges: 0.
num_chunk_splits: 179.
num_chunks_enlarged: 115.
num_inconsistent_stats: 0.

CodeHeap 'non-profiled nmethods': size=120000Kb used=971Kb max_used=971Kb free=119028Kb
 bounds [0x0000022a0f960000, 0x0000022a0fbd0000, 0x0000022a16e90000]
CodeHeap 'profiled nmethods': size=120000Kb used=2592Kb max_used=2592Kb free=117408Kb
 bounds [0x0000022a07e90000, 0x0000022a08120000, 0x0000022a0f3c0000]
CodeHeap 'non-nmethods': size=5760Kb used=1275Kb max_used=1309Kb free=4485Kb
 bounds [0x0000022a0f3c0000, 0x0000022a0f630000, 0x0000022a0f960000]
 total_blobs=1877 nmethods=1402 adapters=386
 compilation: enabled
              stopped_count=0, restarted_count=0
 full_count=0

Compilation events (20 events):
Event: 2.098 Thread 0x0000022a2157fbb0 nmethod 1391 0x0000022a0fa44710 code [0x0000022a0fa44a80, 0x0000022a0fa46f00]
Event: 2.104 Thread 0x0000022a2157fbb0 1394       4       renderer.RayTracerBasic::calcColor (42 bytes)
Event: 2.108 Thread 0x0000022a2157fbb0 nmethod 1394 0x0000022a0fa48d10 code [0x0000022a0fa48ec0, 0x0000022a0fa492b8]
Event: 2.109 Thread 0x0000022a7ed4f050 nmethod 1393 0x0000022a0fa49610 code [0x0000022a0fa498a0, 0x0000022a0fa4ab28]
Event: 2.135 Thread 0x0000022a7ed4f050 1395       4       geometries.Sphere::getNormal (35 bytes)
Event: 2.140 Thread 0x0000022a7ed4f050 nmethod 1395 0x0000022a0fa4b910 code [0x0000022a0fa4bac0, 0x0000022a0fa4c038]
Event: 2.218 Thread 0x0000022a7ed50660 1396       3       geometries.Cylinder::getNormal (83 bytes)
Event: 2.218 Thread 0x0000022a7ed50660 nmethod 1396 0x0000022a0810aa10 code [0x0000022a0810ac60, 0x0000022a0810b418]
Event: 2.223 Thread 0x0000022a7ed4f050 1397       4       geometries.Tube::getNormal (74 bytes)
Event: 2.230 Thread 0x0000022a7ed4f050 nmethod 1397 0x0000022a0fa4c490 code [0x0000022a0fa4c640, 0x0000022a0fa4ccf8]
Event: 2.301 Thread 0x0000022a7ed4f050 1398       4       geometries.Cylinder::getNormal (83 bytes)
Event: 2.312 Thread 0x0000022a7ed4f050 nmethod 1398 0x0000022a0fa4d290 code [0x0000022a0fa4d4a0, 0x0000022a0fa4dd48]
Event: 2.451 Thread 0x0000022a7ed50660 1399       3       geometries.Plane::findGeoIntersectionsHelper (119 bytes)
Event: 2.452 Thread 0x0000022a7ed50660 nmethod 1399 0x0000022a0810b710 code [0x0000022a0810baa0, 0x0000022a0810d158]
Event: 2.452 Thread 0x0000022a7ed50660 1400       3       geometries.Tube::findGeoIntersectionsHelper (519 bytes)
Event: 2.453 Thread 0x0000022a7ed4f050 1401       4       geometries.Plane::findGeoIntersectionsHelper (119 bytes)
Event: 2.457 Thread 0x0000022a7ed50660 nmethod 1400 0x0000022a0810d910 code [0x0000022a0810e520, 0x0000022a081159a8]
Event: 2.462 Thread 0x0000022a7ed4f050 nmethod 1401 0x0000022a0fa4e510 code [0x0000022a0fa4e720, 0x0000022a0fa4f1d8]
Event: 2.462 Thread 0x0000022a7ed4f050 1402       4       geometries.Tube::findGeoIntersectionsHelper (519 bytes)
Event: 2.493 Thread 0x0000022a7ed4f050 nmethod 1402 0x0000022a0fa4f910 code [0x0000022a0fa4fbe0, 0x0000022a0fa51ab0]

GC Heap History (20 events):
Event: 2.193 GC heap after
{Heap after GC invocations=35 (full 0):
 garbage-first heap   total 264192K, used 4824K [0x0000000085800000, 0x0000000100000000)
  region size 1024K, 1 young (1024K), 1 survivors (1024K)
 Metaspace       used 5553K, committed 5760K, reserved 1114112K
  class space    used 668K, committed 768K, reserved 1048576K
}
Event: 2.226 GC heap before
{Heap before GC invocations=35 (full 0):
 garbage-first heap   total 264192K, used 161496K [0x0000000085800000, 0x0000000100000000)
  region size 1024K, 154 young (157696K), 1 survivors (1024K)
 Metaspace       used 5553K, committed 5760K, reserved 1114112K
  class space    used 668K, committed 768K, reserved 1048576K
}
Event: 2.226 GC heap after
{Heap after GC invocations=36 (full 0):
 garbage-first heap   total 264192K, used 4824K [0x0000000085800000, 0x0000000100000000)
  region size 1024K, 1 young (1024K), 1 survivors (1024K)
 Metaspace       used 5553K, committed 5760K, reserved 1114112K
  class space    used 668K, committed 768K, reserved 1048576K
}
Event: 2.263 GC heap before
{Heap before GC invocations=36 (full 0):
 garbage-first heap   total 264192K, used 161496K [0x0000000085800000, 0x0000000100000000)
  region size 1024K, 154 young (157696K), 1 survivors (1024K)
 Metaspace       used 5553K, committed 5760K, reserved 1114112K
  class space    used 668K, committed 768K, reserved 1048576K
}
Event: 2.264 GC heap after
{Heap after GC invocations=37 (full 0):
 garbage-first heap   total 264192K, used 4824K [0x0000000085800000, 0x0000000100000000)
  region size 1024K, 1 young (1024K), 1 survivors (1024K)
 Metaspace       used 5553K, committed 5760K, reserved 1114112K
  class space    used 668K, committed 768K, reserved 1048576K
}
Event: 2.297 GC heap before
{Heap before GC invocations=37 (full 0):
 garbage-first heap   total 264192K, used 161496K [0x0000000085800000, 0x0000000100000000)
  region size 1024K, 154 young (157696K), 1 survivors (1024K)
 Metaspace       used 5553K, committed 5760K, reserved 1114112K
  class space    used 668K, committed 768K, reserved 1048576K
}
Event: 2.298 GC heap after
{Heap after GC invocations=38 (full 0):
 garbage-first heap   total 264192K, used 4824K [0x0000000085800000, 0x0000000100000000)
  region size 1024K, 1 young (1024K), 1 survivors (1024K)
 Metaspace       used 5553K, committed 5760K, reserved 1114112K
  class space    used 668K, committed 768K, reserved 1048576K
}
Event: 2.331 GC heap before
{Heap before GC invocations=38 (full 0):
 garbage-first heap   total 264192K, used 161496K [0x0000000085800000, 0x0000000100000000)
  region size 1024K, 154 young (157696K), 1 survivors (1024K)
 Metaspace       used 5553K, committed 5760K, reserved 1114112K
  class space    used 668K, committed 768K, reserved 1048576K
}
Event: 2.331 GC heap after
{Heap after GC invocations=39 (full 0):
 garbage-first heap   total 264192K, used 4824K [0x0000000085800000, 0x0000000100000000)
  region size 1024K, 1 young (1024K), 1 survivors (1024K)
 Metaspace       used 5553K, committed 5760K, reserved 1114112K
  class space    used 668K, committed 768K, reserved 1048576K
}
Event: 2.363 GC heap before
{Heap before GC invocations=39 (full 0):
 garbage-first heap   total 264192K, used 161496K [0x0000000085800000, 0x0000000100000000)
  region size 1024K, 154 young (157696K), 1 survivors (1024K)
 Metaspace       used 5553K, committed 5760K, reserved 1114112K
  class space    used 668K, committed 768K, reserved 1048576K
}
Event: 2.364 GC heap after
{Heap after GC invocations=40 (full 0):
 garbage-first heap   total 264192K, used 4824K [0x0000000085800000, 0x0000000100000000)
  region size 1024K, 1 young (1024K), 1 survivors (1024K)
 Metaspace       used 5553K, committed 5760K, reserved 1114112K
  class space    used 668K, committed 768K, reserved 1048576K
}
Event: 2.397 GC heap before
{Heap before GC invocations=40 (full 0):
 garbage-first heap   total 264192K, used 161496K [0x0000000085800000, 0x0000000100000000)
  region size 1024K, 154 young (157696K), 1 survivors (1024K)
 Metaspace       used 5553K, committed 5760K, reserved 1114112K
  class space    used 668K, committed 768K, reserved 1048576K
}
Event: 2.397 GC heap after
{Heap after GC invocations=41 (full 0):
 garbage-first heap   total 264192K, used 4828K [0x0000000085800000, 0x0000000100000000)
  region size 1024K, 1 young (1024K), 1 survivors (1024K)
 Metaspace       used 5553K, committed 5760K, reserved 1114112K
  class space    used 668K, committed 768K, reserved 1048576K
}
Event: 2.430 GC heap before
{Heap before GC invocations=41 (full 0):
 garbage-first heap   total 264192K, used 161500K [0x0000000085800000, 0x0000000100000000)
  region size 1024K, 154 young (157696K), 1 survivors (1024K)
 Metaspace       used 5553K, committed 5760K, reserved 1114112K
  class space    used 668K, committed 768K, reserved 1048576K
}
Event: 2.431 GC heap after
{Heap after GC invocations=42 (full 0):
 garbage-first heap   total 264192K, used 4830K [0x0000000085800000, 0x0000000100000000)
  region size 1024K, 1 young (1024K), 1 survivors (1024K)
 Metaspace       used 5553K, committed 5760K, reserved 1114112K
  class space    used 668K, committed 768K, reserved 1048576K
}
Event: 2.469 GC heap before
{Heap before GC invocations=42 (full 0):
 garbage-first heap   total 264192K, used 161502K [0x0000000085800000, 0x0000000100000000)
  region size 1024K, 154 young (157696K), 1 survivors (1024K)
 Metaspace       used 5553K, committed 5760K, reserved 1114112K
  class space    used 668K, committed 768K, reserved 1048576K
}
Event: 2.470 GC heap after
{Heap after GC invocations=43 (full 0):
 garbage-first heap   total 264192K, used 4830K [0x0000000085800000, 0x0000000100000000)
  region size 1024K, 1 young (1024K), 1 survivors (1024K)
 Metaspace       used 5553K, committed 5760K, reserved 1114112K
  class space    used 668K, committed 768K, reserved 1048576K
}
Event: 2.503 GC heap before
{Heap before GC invocations=43 (full 0):
 garbage-first heap   total 264192K, used 161502K [0x0000000085800000, 0x0000000100000000)
  region size 1024K, 154 young (157696K), 1 survivors (1024K)
 Metaspace       used 5553K, committed 5760K, reserved 1114112K
  class space    used 668K, committed 768K, reserved 1048576K
}
Event: 2.504 GC heap after
{Heap after GC invocations=44 (full 0):
 garbage-first heap   total 264192K, used 4830K [0x0000000085800000, 0x0000000100000000)
  region size 1024K, 1 young (1024K), 1 survivors (1024K)
 Metaspace       used 5553K, committed 5760K, reserved 1114112K
  class space    used 668K, committed 768K, reserved 1048576K
}
Event: 2.534 GC heap before
{Heap before GC invocations=44 (full 0):
 garbage-first heap   total 264192K, used 161502K [0x0000000085800000, 0x0000000100000000)
  region size 1024K, 154 young (157696K), 1 survivors (1024K)
 Metaspace       used 5553K, committed 5760K, reserved 1114112K
  class space    used 668K, committed 768K, reserved 1048576K
}

Dll operation events (11 events):
Event: 0.008 Loaded shared library C:\Users\hila\.jdks\openjdk-19.0.2\bin\java.dll
Event: 0.016 Loaded shared library C:\Users\hila\.jdks\openjdk-19.0.2\bin\jsvml.dll
Event: 0.072 Loaded shared library C:\Users\hila\.jdks\openjdk-19.0.2\bin\zip.dll
Event: 0.075 Loaded shared library C:\Users\hila\.jdks\openjdk-19.0.2\bin\instrument.dll
Event: 0.078 Loaded shared library C:\Users\hila\.jdks\openjdk-19.0.2\bin\net.dll
Event: 0.080 Loaded shared library C:\Users\hila\.jdks\openjdk-19.0.2\bin\nio.dll
Event: 0.082 Loaded shared library C:\Users\hila\.jdks\openjdk-19.0.2\bin\zip.dll
Event: 0.092 Loaded shared library C:\Program Files\JetBrains\IntelliJ IDEA 2022.3.2\bin\breakgen64.dll
Event: 0.099 Loaded shared library C:\Users\hila\.jdks\openjdk-19.0.2\bin\extnet.dll
Event: 0.142 Loaded shared library C:\Users\hila\.jdks\openjdk-19.0.2\bin\jimage.dll
Event: 0.438 Loaded shared library C:\Users\hila\.jdks\openjdk-19.0.2\bin\awt.dll

Deoptimization events (20 events):
Event: 2.048 Thread 0x0000022a7bccad40 DEOPT PACKING pc=0x0000022a08104187 sp=0x0000006dbcdfc880
Event: 2.048 Thread 0x0000022a7bccad40 DEOPT UNPACKING pc=0x0000022a0f42b0e3 sp=0x0000006dbcdfbdb0 mode 0
Event: 2.076 Thread 0x0000022a7bccad40 DEOPT PACKING pc=0x0000022a08104187 sp=0x0000006dbcdfc880
Event: 2.076 Thread 0x0000022a7bccad40 DEOPT UNPACKING pc=0x0000022a0f42b0e3 sp=0x0000006dbcdfbdb0 mode 0
Event: 2.079 Thread 0x0000022a7bccad40 Uncommon trap: trap_request=0xffffff45 fr.pc=0x0000022a0f9be318 relative=0x0000000000000f78
Event: 2.079 Thread 0x0000022a7bccad40 Uncommon trap: reason=unstable_if action=reinterpret pc=0x0000022a0f9be318 method=geometries.Polygon.findGeoIntersectionsHelper(Lprimitives/Ray;D)Ljava/util/List; @ 100 c2
Event: 2.079 Thread 0x0000022a7bccad40 DEOPT PACKING pc=0x0000022a0f9be318 sp=0x0000006dbcdfc9d0
Event: 2.079 Thread 0x0000022a7bccad40 DEOPT UNPACKING pc=0x0000022a0f42a5a3 sp=0x0000006dbcdfc968 mode 2
Event: 2.214 Thread 0x0000022a7bccad40 Uncommon trap: trap_request=0xffffff45 fr.pc=0x0000022a0fa3724c relative=0x00000000000007ac
Event: 2.214 Thread 0x0000022a7bccad40 Uncommon trap: reason=unstable_if action=reinterpret pc=0x0000022a0fa3724c method=geometries.Cylinder.getNormal(Lprimitives/Point;)Lprimitives/Vector; @ 66 c2
Event: 2.214 Thread 0x0000022a7bccad40 DEOPT PACKING pc=0x0000022a0fa3724c sp=0x0000006dbcdfc890
Event: 2.214 Thread 0x0000022a7bccad40 DEOPT UNPACKING pc=0x0000022a0f42a5a3 sp=0x0000006dbcdfc850 mode 2
Event: 2.451 Thread 0x0000022a7bccad40 Uncommon trap: trap_request=0xffffff45 fr.pc=0x0000022a0f9e40bc relative=0x000000000000157c
Event: 2.451 Thread 0x0000022a7bccad40 Uncommon trap: reason=unstable_if action=reinterpret pc=0x0000022a0f9e40bc method=geometries.Tube.findGeoIntersectionsHelper(Lprimitives/Ray;D)Ljava/util/List; @ 294 c2
Event: 2.451 Thread 0x0000022a7bccad40 DEOPT PACKING pc=0x0000022a0f9e40bc sp=0x0000006dbcdfc6e0
Event: 2.451 Thread 0x0000022a7bccad40 DEOPT UNPACKING pc=0x0000022a0f42a5a3 sp=0x0000006dbcdfc638 mode 2
Event: 2.451 Thread 0x0000022a7bccad40 Uncommon trap: trap_request=0xffffff45 fr.pc=0x0000022a0f9b6510 relative=0x00000000000008f0
Event: 2.451 Thread 0x0000022a7bccad40 Uncommon trap: reason=unstable_if action=reinterpret pc=0x0000022a0f9b6510 method=geometries.Plane.findGeoIntersectionsHelper(Lprimitives/Ray;D)Ljava/util/List; @ 45 c2
Event: 2.451 Thread 0x0000022a7bccad40 DEOPT PACKING pc=0x0000022a0f9b6510 sp=0x0000006dbcdfc6f0
Event: 2.451 Thread 0x0000022a7bccad40 DEOPT UNPACKING pc=0x0000022a0f42a5a3 sp=0x0000006dbcdfc6a8 mode 2

Classes loaded (20 events):
Event: 1.082 Loading class java/time/zone/ZoneRulesProvider$1
Event: 1.082 Loading class java/time/zone/ZoneRulesProvider$1 done
Event: 1.082 Loading class java/time/zone/TzdbZoneRulesProvider
Event: 1.082 Loading class java/time/zone/TzdbZoneRulesProvider done
Event: 1.085 Loading class java/time/zone/Ser
Event: 1.085 Loading class java/time/zone/Ser done
Event: 1.086 Loading class java/time/Month
Event: 1.086 Loading class java/time/Month done
Event: 1.086 Loading class java/time/DayOfWeek
Event: 1.086 Loading class java/time/DayOfWeek done
Event: 1.086 Loading class java/time/zone/ZoneOffsetTransitionRule$TimeDefinition
Event: 1.086 Loading class java/time/zone/ZoneOffsetTransitionRule$TimeDefinition done
Event: 1.087 Loading class java/time/zone/ZoneOffsetTransition
Event: 1.087 Loading class java/time/zone/ZoneOffsetTransition done
Event: 1.088 Loading class sun/util/cldr/CLDRBaseLocaleDataMetaInfo$TZCanonicalIDMapHolder
Event: 1.088 Loading class sun/util/cldr/CLDRBaseLocaleDataMetaInfo$TZCanonicalIDMapHolder done
Event: 1.091 Loading class sun/util/resources/TimeZoneNames
Event: 1.092 Loading class sun/util/resources/TimeZoneNames done
Event: 1.092 Loading class sun/util/resources/TimeZoneNames_en
Event: 1.092 Loading class sun/util/resources/TimeZoneNames_en done

Classes unloaded (0 events):
No events

Classes redefined (0 events):
No events

Internal exceptions (20 events):
Event: 0.314 Thread 0x0000022a7bccad40 Exception <a 'java/lang/IncompatibleClassChangeError'{0x000000008cab2c20}: Found class java.lang.Object, but interface was expected> (0x000000008cab2c20) 
thrown [s\open\src\hotspot\share\interpreter\linkResolver.cpp, line 841]
Event: 0.317 Thread 0x0000022a7bccad40 Exception <a 'java/lang/NoSuchMethodError'{0x000000008cacc180}: 'java.lang.Object java.lang.invoke.DirectMethodHandle$Holder.invokeStatic(java.lang.Object, java.lang.Object, int)'> (0x000000008cacc180) 
thrown [s\open\src\hotspot\share\interpreter\linkResolver.cpp, line 774]
Event: 0.324 Thread 0x0000022a7bccad40 Exception <a 'java/lang/NoSuchMethodError'{0x000000008c91b9f8}: 'void java.lang.invoke.DirectMethodHandle$Holder.invokeSpecial(java.lang.Object, java.lang.Object, java.lang.Object, java.lang.Object, java.lang.Object)'> (0x000000008c91b9f8) 
thrown [s\open\src\hotspot\share\interpreter\linkResolver.cpp, line 774]
Event: 0.333 Thread 0x0000022a7bccad40 Exception <a 'java/lang/NoSuchMethodError'{0x000000008c978e90}: 'void java.lang.invoke.DirectMethodHandle$Holder.invokeInterface(java.lang.Object, java.lang.Object, java.lang.Object, java.lang.Object)'> (0x000000008c978e90) 
thrown [s\open\src\hotspot\share\interpreter\linkResolver.cpp, line 774]
Event: 0.333 Thread 0x0000022a7bccad40 Exception <a 'java/lang/IncompatibleClassChangeError'{0x000000008c97c5e0}: Found class java.lang.Object, but interface was expected> (0x000000008c97c5e0) 
thrown [s\open\src\hotspot\share\interpreter\linkResolver.cpp, line 841]
Event: 0.337 Thread 0x0000022a7bccad40 Exception <a 'java/lang/NoSuchMethodError'{0x000000008c9a0d98}: 'void java.lang.invoke.DirectMethodHandle$Holder.invokeStatic(java.lang.Object, java.lang.Object, java.lang.Object, java.lang.Object)'> (0x000000008c9a0d98) 
thrown [s\open\src\hotspot\share\interpreter\linkResolver.cpp, line 774]
Event: 0.341 Thread 0x0000022a7bccad40 Exception <a 'java/lang/NoSuchMethodError'{0x000000008c9c20b0}: 'java.lang.Object java.lang.invoke.DirectMethodHandle$Holder.newInvokeSpecial(java.lang.Object, java.lang.Object, int)'> (0x000000008c9c20b0) 
thrown [s\open\src\hotspot\share\interpreter\linkResolver.cpp, line 774]
Event: 0.348 Thread 0x0000022a7bccad40 Exception <a 'java/lang/NoSuchMethodError'{0x000000008c807ae8}: 'java.lang.Object java.lang.invoke.DirectMethodHandle$Holder.invokeStaticInit(java.lang.Object)'> (0x000000008c807ae8) 
thrown [s\open\src\hotspot\share\interpreter\linkResolver.cpp, line 774]
Event: 0.352 Thread 0x0000022a7bccad40 Exception <a 'java/lang/NoSuchMethodError'{0x000000008c8306d0}: 'int java.lang.invoke.DirectMethodHandle$Holder.invokeStatic(java.lang.Object, java.lang.Object, java.lang.Object, java.lang.Object)'> (0x000000008c8306d0) 
thrown [s\open\src\hotspot\share\interpreter\linkResolver.cpp, line 774]
Event: 0.352 Thread 0x0000022a7bccad40 Exception <a 'java/lang/NoSuchMethodError'{0x000000008c834010}: 'java.lang.Object java.lang.invoke.Invokers$Holder.invokeExact_MT(java.lang.Object, java.lang.Object, java.lang.Object, java.lang.Object, java.lang.Object, java.lang.Object)'> (0x000000008c834010) 
thrown [s\open\src\hotspot\share\interpreter\linkResolver.cpp, line 774]
Event: 0.353 Thread 0x0000022a7bccad40 Exception <a 'java/lang/NoSuchMethodError'{0x000000008c8439b0}: 'int java.lang.invoke.DirectMethodHandle$Holder.invokeStatic(java.lang.Object, java.lang.Object, java.lang.Object, java.lang.Object, java.lang.Object)'> (0x000000008c8439b0) 
thrown [s\open\src\hotspot\share\interpreter\linkResolver.cpp, line 774]
Event: 0.361 Thread 0x0000022a7bccad40 Exception <a 'java/lang/NoSuchMethodError'{0x000000008c8836b0}: 'void java.lang.invoke.DirectMethodHandle$Holder.invokeStaticInit(java.lang.Object)'> (0x000000008c8836b0) 
thrown [s\open\src\hotspot\share\interpreter\linkResolver.cpp, line 774]
Event: 0.382 Thread 0x0000022a7bccad40 Exception <a 'java/lang/NoSuchMethodError'{0x000000008c764568}: 'int java.lang.invoke.DirectMethodHandle$Holder.invokeStaticInit(java.lang.Object, java.lang.Object)'> (0x000000008c764568) 
thrown [s\open\src\hotspot\share\interpreter\linkResolver.cpp, line 774]
Event: 0.409 Thread 0x0000022a7bccad40 Exception <a 'java/lang/NoSuchMethodError'{0x000000008d39d6c8}: 'java.lang.Object java.lang.invoke.DirectMethodHandle$Holder.newInvokeSpecial(java.lang.Object, java.lang.Object, java.lang.Object, java.lang.Object, java.lang.Object, java.lang.Object, java.lang.Object)'> (0x000000008d39d6c8) 
thrown [s\open\src\hotspot\share\interpreter\linkResolver.cpp, line 774]
Event: 0.411 Thread 0x0000022a7bccad40 Exception <a 'java/lang/NoSuchMethodError'{0x000000008d3ae578}: 'java.lang.Object java.lang.invoke.DirectMethodHandle$Holder.invokeInterface(java.lang.Object, java.lang.Object, java.lang.Object, java.lang.Object, java.lang.Object)'> (0x000000008d3ae578) 
thrown [s\open\src\hotspot\share\interpreter\linkResolver.cpp, line 774]
Event: 0.411 Thread 0x0000022a7bccad40 Exception <a 'java/lang/IncompatibleClassChangeError'{0x000000008d3b2388}: Found class java.lang.Object, but interface was expected> (0x000000008d3b2388) 
thrown [s\open\src\hotspot\share\interpreter\linkResolver.cpp, line 841]
Event: 0.427 Thread 0x0000022a7bccad40 Exception <a 'java/lang/NoSuchMethodError'{0x000000008d25e718}: 'void java.lang.invoke.DirectMethodHandle$Holder.invokeVirtual(java.lang.Object, java.lang.Object)'> (0x000000008d25e718) 
thrown [s\open\src\hotspot\share\interpreter\linkResolver.cpp, line 774]
Event: 0.434 Thread 0x0000022a7bccad40 Exception <a 'java/lang/ClassNotFoundException'{0x000000008d27e878}: sun/awt/resources/spi/awtProvider> (0x000000008d27e878) 
thrown [s\open\src\hotspot\share\classfile\systemDictionary.cpp, line 255]
Event: 0.444 Thread 0x0000022a7bccad40 Exception <a 'java/io/FileNotFoundException'{0x000000008d2c9c30}> (0x000000008d2c9c30) 
thrown [s\open\src\hotspot\share\prims\jni.cpp, line 517]
Event: 0.447 Thread 0x0000022a7bccad40 Exception <a 'java/io/FileNotFoundException'{0x000000008d2f66b8}> (0x000000008d2f66b8) 
thrown [s\open\src\hotspot\share\prims\jni.cpp, line 517]

VM Operations (20 events):
Event: 2.193 Executing VM operation: G1CollectForAllocation done
Event: 2.226 Executing VM operation: G1CollectForAllocation
Event: 2.226 Executing VM operation: G1CollectForAllocation done
Event: 2.263 Executing VM operation: G1CollectForAllocation
Event: 2.264 Executing VM operation: G1CollectForAllocation done
Event: 2.297 Executing VM operation: G1CollectForAllocation
Event: 2.298 Executing VM operation: G1CollectForAllocation done
Event: 2.330 Executing VM operation: G1CollectForAllocation
Event: 2.331 Executing VM operation: G1CollectForAllocation done
Event: 2.363 Executing VM operation: G1CollectForAllocation
Event: 2.364 Executing VM operation: G1CollectForAllocation done
Event: 2.397 Executing VM operation: G1CollectForAllocation
Event: 2.397 Executing VM operation: G1CollectForAllocation done
Event: 2.430 Executing VM operation: G1CollectForAllocation
Event: 2.431 Executing VM operation: G1CollectForAllocation done
Event: 2.469 Executing VM operation: G1CollectForAllocation
Event: 2.470 Executing VM operation: G1CollectForAllocation done
Event: 2.503 Executing VM operation: G1CollectForAllocation
Event: 2.504 Executing VM operation: G1CollectForAllocation done
Event: 2.534 Executing VM operation: G1CollectForAllocation

Events (17 events):
Event: 0.016 Thread 0x0000022a7bccad40 Thread added: 0x0000022a7bccad40
Event: 0.029 Thread 0x0000022a7ed354e0 Thread added: 0x0000022a7ed354e0
Event: 0.029 Thread 0x0000022a7ed36270 Thread added: 0x0000022a7ed36270
Event: 0.029 Thread 0x0000022a7ed383e0 Thread added: 0x0000022a7ed383e0
Event: 0.029 Thread 0x0000022a7ed39e10 Thread added: 0x0000022a7ed39e10
Event: 0.029 Thread 0x0000022a7ed3a9d0 Thread added: 0x0000022a7ed3a9d0
Event: 0.029 Thread 0x0000022a7ed3c540 Thread added: 0x0000022a7ed3c540
Event: 0.029 Thread 0x0000022a7ed4f050 Thread added: 0x0000022a7ed4f050
Event: 0.029 Thread 0x0000022a7ed50660 Thread added: 0x0000022a7ed50660
Event: 0.029 Thread 0x0000022a7ed65f20 Thread added: 0x0000022a7ed65f20
Event: 0.056 Thread 0x0000022a7ed04fd0 Thread added: 0x0000022a7ed04fd0
Event: 0.093 Thread 0x0000022a20e551a0 Thread added: 0x0000022a20e551a0
Event: 0.093 Thread 0x0000022a20e56300 Thread added: 0x0000022a20e56300
Event: 0.473 Thread 0x0000022a2157fbb0 Thread added: 0x0000022a2157fbb0
Event: 1.316 Thread 0x0000022a2157fbb0 Thread exited: 0x0000022a2157fbb0
Event: 1.592 Thread 0x0000022a2157fbb0 Thread added: 0x0000022a2157fbb0
Event: 2.218 Thread 0x0000022a2157fbb0 Thread exited: 0x0000022a2157fbb0


Dynamic libraries:
0x00007ff6d8e30000 - 0x00007ff6d8e3e000 	C:\Users\hila\.jdks\openjdk-19.0.2\bin\java.exe
0x00007ff87acf0000 - 0x00007ff87aee8000 	C:\windows\SYSTEM32\ntdll.dll
0x00007ff879f90000 - 0x00007ff87a04f000 	C:\windows\System32\KERNEL32.DLL
0x00007ff878560000 - 0x00007ff878856000 	C:\windows\System32\KERNELBASE.dll
0x00007ff878460000 - 0x00007ff878560000 	C:\windows\System32\ucrtbase.dll
0x00007ff8754f0000 - 0x00007ff87550b000 	C:\Users\hila\.jdks\openjdk-19.0.2\bin\VCRUNTIME140.dll
0x00007ff86d8f0000 - 0x00007ff86d907000 	C:\Users\hila\.jdks\openjdk-19.0.2\bin\jli.dll
0x00007ff87a820000 - 0x00007ff87a9bd000 	C:\windows\System32\USER32.dll
0x00007ff878a70000 - 0x00007ff878a92000 	C:\windows\System32\win32u.dll
0x00007ff87a750000 - 0x00007ff87a77c000 	C:\windows\System32\GDI32.dll
0x00007ff878b90000 - 0x00007ff878ca5000 	C:\windows\System32\gdi32full.dll
0x00007ff85d1a0000 - 0x00007ff85d43a000 	C:\windows\WinSxS\amd64_microsoft.windows.common-controls_6595b64144ccf1df_6.0.19041.1110_none_60b5254171f9507e\COMCTL32.dll
0x00007ff878cb0000 - 0x00007ff878d4d000 	C:\windows\System32\msvcp_win.dll
0x00007ff879910000 - 0x00007ff8799ae000 	C:\windows\System32\msvcrt.dll
0x00007ff87a780000 - 0x00007ff87a7b0000 	C:\windows\System32\IMM32.DLL
0x00007ff8754e0000 - 0x00007ff8754ec000 	C:\Users\hila\.jdks\openjdk-19.0.2\bin\vcruntime140_1.dll
0x00007ff858a70000 - 0x00007ff858afe000 	C:\Users\hila\.jdks\openjdk-19.0.2\bin\msvcp140.dll
0x00007ff823420000 - 0x00007ff8240e0000 	C:\Users\hila\.jdks\openjdk-19.0.2\bin\server\jvm.dll
0x00007ff87a180000 - 0x00007ff87a22f000 	C:\windows\System32\ADVAPI32.dll
0x00007ff878db0000 - 0x00007ff878e4c000 	C:\windows\System32\sechost.dll
0x00007ff879e60000 - 0x00007ff879f86000 	C:\windows\System32\RPCRT4.dll
0x00007ff868700000 - 0x00007ff86870a000 	C:\windows\SYSTEM32\VERSION.dll
0x00007ff85a310000 - 0x00007ff85a337000 	C:\windows\SYSTEM32\WINMM.dll
0x00007ff86d960000 - 0x00007ff86d969000 	C:\windows\SYSTEM32\WSOCK32.dll
0x00007ff87a7b0000 - 0x00007ff87a81b000 	C:\windows\System32\WS2_32.dll
0x00007ff876c10000 - 0x00007ff876c22000 	C:\windows\SYSTEM32\kernel.appcore.dll
0x00007ff870990000 - 0x00007ff87099a000 	C:\Users\hila\.jdks\openjdk-19.0.2\bin\jimage.dll
0x00007ff875fb0000 - 0x00007ff876194000 	C:\windows\SYSTEM32\DBGHELP.DLL
0x00007ff860d10000 - 0x00007ff860d44000 	C:\windows\SYSTEM32\dbgcore.DLL
0x00007ff8783d0000 - 0x00007ff878452000 	C:\windows\System32\bcryptPrimitives.dll
0x00007ff870010000 - 0x00007ff87001e000 	C:\Users\hila\.jdks\openjdk-19.0.2\bin\instrument.dll
0x00007ff86d7a0000 - 0x00007ff86d7c6000 	C:\Users\hila\.jdks\openjdk-19.0.2\bin\java.dll
0x00007ff84b670000 - 0x00007ff84b747000 	C:\Users\hila\.jdks\openjdk-19.0.2\bin\jsvml.dll
0x00007ff8791b0000 - 0x00007ff8798f4000 	C:\windows\System32\SHELL32.dll
0x00007ff876460000 - 0x00007ff876bf3000 	C:\windows\SYSTEM32\windows.storage.dll
0x00007ff878e50000 - 0x00007ff8791a4000 	C:\windows\System32\combase.dll
0x00007ff877db0000 - 0x00007ff877dde000 	C:\windows\SYSTEM32\Wldp.dll
0x00007ff879bd0000 - 0x00007ff879c7d000 	C:\windows\System32\SHCORE.dll
0x00007ff87abf0000 - 0x00007ff87ac45000 	C:\windows\System32\shlwapi.dll
0x00007ff878310000 - 0x00007ff87832f000 	C:\windows\SYSTEM32\profapi.dll
0x00007ff86d700000 - 0x00007ff86d718000 	C:\Users\hila\.jdks\openjdk-19.0.2\bin\zip.dll
0x00007ff86cff0000 - 0x00007ff86d003000 	C:\Users\hila\.jdks\openjdk-19.0.2\bin\net.dll
0x00007ff872330000 - 0x00007ff87243a000 	C:\windows\SYSTEM32\WINHTTP.dll
0x00007ff877aa0000 - 0x00007ff877b0a000 	C:\windows\system32\mswsock.dll
0x00007ff864770000 - 0x00007ff864786000 	C:\Users\hila\.jdks\openjdk-19.0.2\bin\nio.dll
0x00007ff864750000 - 0x00007ff86476a000 	C:\Program Files\JetBrains\IntelliJ IDEA 2022.3.2\bin\breakgen64.dll
0x00007ff86d760000 - 0x00007ff86d768000 	C:\Users\hila\.jdks\openjdk-19.0.2\bin\extnet.dll
0x00007ff840310000 - 0x00007ff8404a0000 	C:\Users\hila\.jdks\openjdk-19.0.2\bin\awt.dll
0x00007ff87a050000 - 0x00007ff87a11d000 	C:\windows\System32\OLEAUT32.dll
0x00007ff8757e0000 - 0x00007ff875871000 	C:\windows\SYSTEM32\apphelp.dll

dbghelp: loaded successfully - version: 4.0.5 - missing functions: none
symbol engine: initialized successfully - sym options: 0x614 - pdb path: .;C:\Users\hila\.jdks\openjdk-19.0.2\bin;C:\windows\SYSTEM32;C:\windows\WinSxS\amd64_microsoft.windows.common-controls_6595b64144ccf1df_6.0.19041.1110_none_60b5254171f9507e;C:\Users\hila\.jdks\openjdk-19.0.2\bin\server;C:\Program Files\JetBrains\IntelliJ IDEA 2022.3.2\bin

VM Arguments:
jvm_args: -ea -Didea.test.cyclic.buffer.size=1048576 -javaagent:C:\Program Files\JetBrains\IntelliJ IDEA 2022.3.2\lib\idea_rt.jar=60066:C:\Program Files\JetBrains\IntelliJ IDEA 2022.3.2\bin -Dfile.encoding=UTF-8 -Dsun.stdout.encoding=UTF-8 -Dsun.stderr.encoding=UTF-8 
java_command: com.intellij.rt.junit.JUnitStarter -ideVersion5 -junit5 MP2.MP2
java_class_path (initial): C:\Users\hila\.m2\repository\org\junit\platform\junit-platform-launcher\1.9.2\junit-platform-launcher-1.9.2.jar;C:\Program Files\JetBrains\IntelliJ IDEA 2022.3.2\lib\idea_rt.jar;C:\Program Files\JetBrains\IntelliJ IDEA 2022.3.2\plugins\junit\lib\junit5-rt.jar;C:\Program Files\JetBrains\IntelliJ IDEA 2022.3.2\plugins\junit\lib\junit-rt.jar;C:\Users\hila\Documents\tal\2semester2\MinipTochna\ISE5783_6941_7796\out\test\ISE5783_6941_7796;C:\Users\hila\Documents\tal\2semester2\MinipTochna\ISE5783_6941_7796\out\production\ISE5783_6941_7796;C:\Users\hila\.m2\repository\org\junit\jupiter\junit-jupiter\5.9.2\junit-jupiter-5.9.2.jar;C:\Users\hila\.m2\repository\org\junit\jupiter\junit-jupiter-api\5.9.2\junit-jupiter-api-5.9.2.jar;C:\Users\hila\.m2\repository\org\opentest4j\opentest4j\1.2.0\opentest4j-1.2.0.jar;C:\Users\hila\.m2\repository\org\junit\platform\junit-platform-commons\1.9.2\junit-platform-commons-1.9.2.jar;C:\Users\hila\.m2\repository\org\apiguardian\apiguardian-api\1.1.2\apiguardian-api-1.1.2.jar;C:\Users\hila\.m2\repository\org\junit\jupiter\junit-jupiter-params\5.9.2\junit-jupiter-params-5.9.2.jar;C:\Users\hila\.m2\repository\org\junit\jupiter\junit-jupiter-engine\5.9.2\junit-jupiter-engine-5.9.2.jar;C:\Users\hila\.m2\repository\org\junit\platform\junit-platform-engine\1.9.2\junit-platform-engine-1.9.2.jar
Launcher Type: SUN_STANDARD

[Global flags]
     intx CICompilerCount                          = 3                                         {product} {ergonomic}
     uint ConcGCThreads                            = 1                                         {product} {ergonomic}
     uint G1ConcRefinementThreads                  = 4                                         {product} {ergonomic}
   size_t G1HeapRegionSize                         = 1048576                                   {product} {ergonomic}
    uintx GCDrainStackTargetSize                   = 64                                        {product} {ergonomic}
   size_t InitialHeapSize                          = 130023424                                 {product} {ergonomic}
   size_t MarkStackSize                            = 4194304                                   {product} {ergonomic}
   size_t MaxHeapSize                              = 2055208960                                {product} {ergonomic}
   size_t MaxNewSize                               = 1233125376                                {product} {ergonomic}
   size_t MinHeapDeltaBytes                        = 1048576                                   {product} {ergonomic}
   size_t MinHeapSize                              = 8388608                                   {product} {ergonomic}
    uintx NonNMethodCodeHeapSize                   = 5832780                                {pd product} {ergonomic}
    uintx NonProfiledCodeHeapSize                  = 122912730                              {pd product} {ergonomic}
    uintx ProfiledCodeHeapSize                     = 122912730                              {pd product} {ergonomic}
    uintx ReservedCodeCacheSize                    = 251658240                              {pd product} {ergonomic}
     bool SegmentedCodeCache                       = true                                      {product} {ergonomic}
   size_t SoftMaxHeapSize                          = 2055208960                             {manageable} {ergonomic}
     bool UseCompressedClassPointers               = true                           {product lp64_product} {ergonomic}
     bool UseCompressedOops                        = true                           {product lp64_product} {ergonomic}
     bool UseG1GC                                  = true                                      {product} {ergonomic}
     bool UseLargePagesIndividualAllocation        = false                                  {pd product} {ergonomic}

Logging:
Log output configuration:
 #0: stdout all=warning uptime,level,tags foldmultilines=false
 #1: stderr all=off uptime,level,tags foldmultilines=false

Environment Variables:
JAVA_HOME=C:\Users\HilAdm
PATH=C:\Program Files\Common Files\Oracle\Java\javapath;C:\windows\system32;C:\windows;C:\windows\System32\Wbem;C:\windows\System32\WindowsPowerShell\v1.0\;C:\windows\System32\OpenSSH\;C:\Program Files\Microsoft SQL Server\130\Tools\Binn\;C:\Program Files\Microsoft SQL Server\Client SDK\ODBC\170\Tools\Binn\;C:\Program Files\Microsoft SQL Server\150\Tools\Binn\;C:\Program Files\dotnet\;C:\Program Files\Git\cmd;C:\Users\hila\Downloads;C:\Users\hila\AppData\Local\Programs\Python\Python39\Scripts\;C:\Users\hila\AppData\Local\Programs\Python\Python39\;C:\Users\hila\AppData\Local\Microsoft\WindowsApps;
USERNAME=hila
OS=Windows_NT
PROCESSOR_IDENTIFIER=Intel64 Family 6 Model 140 Stepping 1, GenuineIntel
TMP=C:\Users\hila\AppData\Local\Temp
TEMP=C:\Users\hila\AppData\Local\Temp



---------------  S Y S T E M  ---------------

OS:
 Windows 10 , 64 bit Build 19041 (10.0.19041.3031)
OS uptime: 12 days 0:28 hours

CPU: total 4 (initial active 4) (2 cores per cpu, 2 threads per core) family 6 model 140 stepping 1 microcode 0x8a, cx8, cmov, fxsr, ht, mmx, 3dnowpref, sse, sse2, sse3, ssse3, sse4.1, sse4.2, popcnt, lzcnt, tsc, tscinvbit, avx, avx2, aes, erms, clmul, bmi1, bmi2, adx, avx512f, avx512dq, avx512cd, avx512bw, avx512vl, sha, fma, vzeroupper, avx512_vpopcntdq, avx512_vpclmulqdq, avx512_vaes, avx512_vnni, clflush, clflushopt, clwb, avx512_vbmi2, avx512_vbmi, rdtscp, rdpid, fsrm, gfni, avx512_bitalg

Memory: 4k page, system-wide physical 7834M (784M free)
TotalPageFile size 31386M (AvailPageFile size 18M)
current process WorkingSet (physical memory assigned to process): 279M, peak: 287M
current process commit charge ("private bytes"): 365M, peak: 417M

vm_info: OpenJDK 64-Bit Server VM (19.0.2+7-44) for windows-amd64 JRE (19.0.2+7-44), built on 2022-11-30T18:02:09Z by "mach5one" with MS VC++ 17.1 (VS2022)

END.
